workload=read5.small
location=/var/lib/docker/pm_data
keep=
/var/lib/docker/pm_data/benchmark.read5.small
PostMark v1.51 : 8/14/01
Reading configuration from file '/var/lib/docker/pm_data/benchmark.read5.small'
Creating files...Done
Performing transactions..........Done
Time:
	4 seconds total
	4 seconds of transactions (125000 per second)

Files:
	2000 created (500 per second)
		Creation alone: 1000 files (1000 per second)
		Mixed with transactions: 1000 files (250 per second)
	250461 read (62615 per second)
	15475 appended (3868 per second)
	2000 deleted (500 per second)
		Deletion alone: -32525 files (-32525 per second)
		Mixed with transactions: 32525 files (8131 per second)

Data:
	971.89 megabytes read (242.97 megabytes per second)
	7.81 megabytes written (1.95 megabytes per second)
Current configuration is:
The base number of files is 1000
Transactions: 500000
Files range between 512 bytes and 4.00 kilobytes in size
Working directory: 
	/var/lib/docker/pm_data (weight=1)
Block sizes are: read=512 bytes, write=512 bytes
Biases are: read/append=5, create/delete=10
Not using Unix buffered file I/O
Random number generator seed is 12
Report format is verbose.

real	0m3.530s
user	0m2.344s
sys	0m1.170s
500000
3.53149347
workload=read5.small
location=/var/lib/docker/pm_data
keep=
/var/lib/docker/pm_data/benchmark.read5.small
PostMark v1.51 : 8/14/01
Reading configuration from file '/var/lib/docker/pm_data/benchmark.read5.small'
Creating files...Done
Performing transactions..........Done
Time:
	3 seconds total
	3 seconds of transactions (166666 per second)

Files:
	2000 created (666 per second)
		Creation alone: 1000 files (1000 per second)
		Mixed with transactions: 1000 files (333 per second)
	250461 read (83487 per second)
	15475 appended (5158 per second)
	2000 deleted (666 per second)
		Deletion alone: -32749 files (-32749 per second)
		Mixed with transactions: 32749 files (10916 per second)

Data:
	971.89 megabytes read (323.96 megabytes per second)
	7.81 megabytes written (2.60 megabytes per second)
Current configuration is:
The base number of files is 1000
Transactions: 500000
Files range between 512 bytes and 4.00 kilobytes in size
Working directory: 
	/var/lib/docker/pm_data (weight=1)
Block sizes are: read=512 bytes, write=512 bytes
Biases are: read/append=5, create/delete=10
Not using Unix buffered file I/O
Random number generator seed is 12
Report format is verbose.

real	0m3.552s
user	0m2.397s
sys	0m1.139s
500000
3.55410498
workload=read5.small
location=/var/lib/docker/pm_data
keep=
/var/lib/docker/pm_data/benchmark.read5.small
PostMark v1.51 : 8/14/01
Reading configuration from file '/var/lib/docker/pm_data/benchmark.read5.small'
Creating files...Done
Performing transactions..........Done
Time:
	4 seconds total
	4 seconds of transactions (125000 per second)

Files:
	2000 created (500 per second)
		Creation alone: 1000 files (1000 per second)
		Mixed with transactions: 1000 files (250 per second)
	250461 read (62615 per second)
	15475 appended (3868 per second)
	2000 deleted (500 per second)
		Deletion alone: -32604 files (-32604 per second)
		Mixed with transactions: 32604 files (8151 per second)

Data:
	971.89 megabytes read (242.97 megabytes per second)
	7.81 megabytes written (1.95 megabytes per second)
Current configuration is:
The base number of files is 1000
Transactions: 500000
Files range between 512 bytes and 4.00 kilobytes in size
Working directory: 
	/var/lib/docker/pm_data (weight=1)
Block sizes are: read=512 bytes, write=512 bytes
Biases are: read/append=5, create/delete=10
Not using Unix buffered file I/O
Random number generator seed is 12
Report format is verbose.

real	0m3.537s
user	0m2.453s
sys	0m1.067s
500000
3.53879896
workload=read5.small
location=/var/lib/docker/pm_data
keep=
/var/lib/docker/pm_data/benchmark.read5.small
PostMark v1.51 : 8/14/01
Reading configuration from file '/var/lib/docker/pm_data/benchmark.read5.small'
Creating files...Done
Performing transactions..........Done
Time:
	3 seconds total
	3 seconds of transactions (166666 per second)

Files:
	2000 created (666 per second)
		Creation alone: 1000 files (1000 per second)
		Mixed with transactions: 1000 files (333 per second)
	250461 read (83487 per second)
	15475 appended (5158 per second)
	2000 deleted (666 per second)
		Deletion alone: -32619 files (-32619 per second)
		Mixed with transactions: 32619 files (10873 per second)

Data:
	971.89 megabytes read (323.96 megabytes per second)
	7.81 megabytes written (2.60 megabytes per second)
Current configuration is:
The base number of files is 1000
Transactions: 500000
Files range between 512 bytes and 4.00 kilobytes in size
Working directory: 
	/var/lib/docker/pm_data (weight=1)
Block sizes are: read=512 bytes, write=512 bytes
Biases are: read/append=5, create/delete=10
Not using Unix buffered file I/O
Random number generator seed is 12
Report format is verbose.

real	0m3.544s
user	0m2.381s
sys	0m1.147s
500000
3.54569999
workload=read5.small
location=/var/lib/docker/pm_data
keep=
/var/lib/docker/pm_data/benchmark.read5.small
PostMark v1.51 : 8/14/01
Reading configuration from file '/var/lib/docker/pm_data/benchmark.read5.small'
Creating files...Done
Performing transactions..........Done
Time:
	4 seconds total
	4 seconds of transactions (125000 per second)

Files:
	2000 created (500 per second)
		Creation alone: 1000 files (1000 per second)
		Mixed with transactions: 1000 files (250 per second)
	250461 read (62615 per second)
	15475 appended (3868 per second)
	2000 deleted (500 per second)
		Deletion alone: -32641 files (-32641 per second)
		Mixed with transactions: 32641 files (8160 per second)

Data:
	971.89 megabytes read (242.97 megabytes per second)
	7.81 megabytes written (1.95 megabytes per second)
Current configuration is:
The base number of files is 1000
Transactions: 500000
Files range between 512 bytes and 4.00 kilobytes in size
Working directory: 
	/var/lib/docker/pm_data (weight=1)
Block sizes are: read=512 bytes, write=512 bytes
Biases are: read/append=5, create/delete=10
Not using Unix buffered file I/O
Random number generator seed is 12
Report format is verbose.

real	0m3.549s
user	0m2.449s
sys	0m1.083s
500000
3.55026137
