workload=read1.large
location=/var/lib/docker/pm_data
keep=
/var/lib/docker/pm_data/benchmark.read1.large
PostMark v1.51 : 8/14/01
Reading configuration from file '/var/lib/docker/pm_data/benchmark.read1.large'
Creating files...Done
Performing transactions..........Done
Time:
	1 seconds total
	1 seconds of transactions (20000 per second)

Files:
	2000 created (2000 per second)
		Creation alone: 1000 files (1000 per second)
		Mixed with transactions: 1000 files (1000 per second)
	1948 read (1948 per second)
	16340 appended (16340 per second)
	2000 deleted (2000 per second)
		Deletion alone: -32721 files (-32721 per second)
		Mixed with transactions: 32721 files (32721 per second)

Data:
	219.24 megabytes read (219.24 megabytes per second)
	248.93 megabytes written (248.93 megabytes per second)
Current configuration is:
The base number of files is 1000
Transactions: 20000
Files range between 16.00 kilobytes and 128.00 kilobytes in size
Working directory: 
	/var/lib/docker/pm_data (weight=1)
Block sizes are: read=16.00 kilobytes, write=16.00 kilobytes
Biases are: read/append=1, create/delete=10
Not using Unix buffered file I/O
Random number generator seed is 12
Report format is verbose.

real	0m0.314s
user	0m0.088s
sys	0m0.223s
20000
.31593972
workload=read1.large
location=/var/lib/docker/pm_data
keep=
/var/lib/docker/pm_data/benchmark.read1.large
PostMark v1.51 : 8/14/01
Reading configuration from file '/var/lib/docker/pm_data/benchmark.read1.large'
Creating files...Done
Performing transactions..........Done
Time:
	1 seconds total
	1 seconds of transactions (20000 per second)

Files:
	2000 created (2000 per second)
		Creation alone: 1000 files (1000 per second)
		Mixed with transactions: 1000 files (1000 per second)
	1948 read (1948 per second)
	16340 appended (16340 per second)
	2000 deleted (2000 per second)
		Deletion alone: -32693 files (-32693 per second)
		Mixed with transactions: 32693 files (32693 per second)

Data:
	219.24 megabytes read (219.24 megabytes per second)
	248.93 megabytes written (248.93 megabytes per second)
Current configuration is:
The base number of files is 1000
Transactions: 20000
Files range between 16.00 kilobytes and 128.00 kilobytes in size
Working directory: 
	/var/lib/docker/pm_data (weight=1)
Block sizes are: read=16.00 kilobytes, write=16.00 kilobytes
Biases are: read/append=1, create/delete=10
Not using Unix buffered file I/O
Random number generator seed is 12
Report format is verbose.

real	0m0.339s
user	0m0.093s
sys	0m0.211s
20000
.34032701
workload=read1.large
location=/var/lib/docker/pm_data
keep=
/var/lib/docker/pm_data/benchmark.read1.large
PostMark v1.51 : 8/14/01
Reading configuration from file '/var/lib/docker/pm_data/benchmark.read1.large'
Creating files...Done
Performing transactions..........Done
Time:
	1 seconds total
	1 seconds of transactions (20000 per second)

Files:
	2000 created (2000 per second)
		Creation alone: 1000 files (1000 per second)
		Mixed with transactions: 1000 files (1000 per second)
	1948 read (1948 per second)
	16340 appended (16340 per second)
	2000 deleted (2000 per second)
		Deletion alone: -32752 files (-32752 per second)
		Mixed with transactions: 32752 files (32752 per second)

Data:
	219.24 megabytes read (219.24 megabytes per second)
	248.93 megabytes written (248.93 megabytes per second)
Current configuration is:
The base number of files is 1000
Transactions: 20000
Files range between 16.00 kilobytes and 128.00 kilobytes in size
Working directory: 
	/var/lib/docker/pm_data (weight=1)
Block sizes are: read=16.00 kilobytes, write=16.00 kilobytes
Biases are: read/append=1, create/delete=10
Not using Unix buffered file I/O
Random number generator seed is 12
Report format is verbose.

real	0m0.346s
user	0m0.075s
sys	0m0.233s
20000
.34786943
workload=read1.large
location=/var/lib/docker/pm_data
keep=
/var/lib/docker/pm_data/benchmark.read1.large
PostMark v1.51 : 8/14/01
Reading configuration from file '/var/lib/docker/pm_data/benchmark.read1.large'
Creating files...Done
Performing transactions..........Done
Time:
	1 seconds total
	1 seconds of transactions (20000 per second)

Files:
	2000 created (2000 per second)
		Creation alone: 1000 files (1000 per second)
		Mixed with transactions: 1000 files (1000 per second)
	1948 read (1948 per second)
	16340 appended (16340 per second)
	2000 deleted (2000 per second)
		Deletion alone: -32598 files (-32598 per second)
		Mixed with transactions: 32598 files (32598 per second)

Data:
	219.24 megabytes read (219.24 megabytes per second)
	248.93 megabytes written (248.93 megabytes per second)
Current configuration is:
The base number of files is 1000
Transactions: 20000
Files range between 16.00 kilobytes and 128.00 kilobytes in size
Working directory: 
	/var/lib/docker/pm_data (weight=1)
Block sizes are: read=16.00 kilobytes, write=16.00 kilobytes
Biases are: read/append=1, create/delete=10
Not using Unix buffered file I/O
Random number generator seed is 12
Report format is verbose.

real	0m0.355s
user	0m0.091s
sys	0m0.221s
20000
.35768052
workload=read1.large
location=/var/lib/docker/pm_data
keep=
/var/lib/docker/pm_data/benchmark.read1.large
PostMark v1.51 : 8/14/01
Reading configuration from file '/var/lib/docker/pm_data/benchmark.read1.large'
Creating files...Done
Performing transactions..........Done
Time:
	1 seconds total
	1 seconds of transactions (20000 per second)

Files:
	2000 created (2000 per second)
		Creation alone: 1000 files (1000 per second)
		Mixed with transactions: 1000 files (1000 per second)
	1948 read (1948 per second)
	16340 appended (16340 per second)
	2000 deleted (2000 per second)
		Deletion alone: -32559 files (-32559 per second)
		Mixed with transactions: 32559 files (32559 per second)

Data:
	219.24 megabytes read (219.24 megabytes per second)
	248.93 megabytes written (248.93 megabytes per second)
Current configuration is:
The base number of files is 1000
Transactions: 20000
Files range between 16.00 kilobytes and 128.00 kilobytes in size
Working directory: 
	/var/lib/docker/pm_data (weight=1)
Block sizes are: read=16.00 kilobytes, write=16.00 kilobytes
Biases are: read/append=1, create/delete=10
Not using Unix buffered file I/O
Random number generator seed is 12
Report format is verbose.

real	0m0.336s
user	0m0.114s
sys	0m0.189s
20000
.33810892
