PostMark v1.51 : 8/14/01
Reading configuration from file '/tmp/pm.config'
Current configuration is:
The base number of files is 10000
Transactions: 1000000
Files range between 1012 bytes and 9.88 kilobytes in size
Working directory: 
	/ (weight=1)
10 subdirectories will be used
Block sizes are: read=512 bytes, write=512 bytes
Biases are: read/append=5, create/delete=5
Not using Unix buffered file I/O
Random number generator seed is 12
Report format is verbose.
Creating subdirectories...Done
Creating files...Done
Performing transactions..........Done
Deleting files...Done
Deleting subdirectories...Done
Time:
	7987 seconds total
	7909 seconds of transactions (126 per second)

Files:
	510155 created (63 per second)
		Creation alone: 10000 files (131 per second)
		Mixed with transactions: 500155 files (63 per second)
	500086 read (63 per second)
	494461 appended (62 per second)
	510155 deleted (63 per second)
		Deletion alone: 10310 files (5155 per second)
		Mixed with transactions: 499845 files (63 per second)

Data:
	3370.10 megabytes read (432.07 kilobytes per second)
	3437.97 megabytes written (440.78 kilobytes per second)
