PostMark v1.51 : 8/14/01
Reading configuration from file '/tmp/pm.config'
Current configuration is:
The base number of files is 10000
Transactions: 1000000
Files range between 1012 bytes and 9.88 kilobytes in size
Working directory: 
	/ (weight=1)
10 subdirectories will be used
Block sizes are: read=512 bytes, write=512 bytes
Biases are: read/append=5, create/delete=5
Not using Unix buffered file I/O
Random number generator seed is 12
Report format is verbose.
Creating subdirectories...Done
Creating files...Done
Performing transactions..........Done
Deleting files...Done
Deleting subdirectories...Done
Time:
	618 seconds total
	612 seconds of transactions (1633 per second)

Files:
	510155 created (825 per second)
		Creation alone: 10000 files (2500 per second)
		Mixed with transactions: 500155 files (817 per second)
	500086 read (817 per second)
	494461 appended (807 per second)
	510155 deleted (825 per second)
		Deletion alone: 10310 files (5155 per second)
		Mixed with transactions: 499845 files (816 per second)

Data:
	3370.10 megabytes read (5.45 megabytes per second)
	3437.97 megabytes written (5.56 megabytes per second)
PostMark v1.51 : 8/14/01
Reading configuration from file '/tmp/pm.config'
Current configuration is:
The base number of files is 10000
Transactions: 1000000
Files range between 1012 bytes and 9.88 kilobytes in size
Working directory: 
	/ (weight=1)
10 subdirectories will be used
Block sizes are: read=512 bytes, write=512 bytes
Biases are: read/append=5, create/delete=5
Not using Unix buffered file I/O
Random number generator seed is 12
Report format is verbose.
Creating subdirectories...Done
Creating files...Done
Performing transactions..........Done
Deleting files...Done
Deleting subdirectories...Done
Time:
	618 seconds total
	612 seconds of transactions (1633 per second)

Files:
	510155 created (825 per second)
		Creation alone: 10000 files (2500 per second)
		Mixed with transactions: 500155 files (817 per second)
	500086 read (817 per second)
	494461 appended (807 per second)
	510155 deleted (825 per second)
		Deletion alone: 10310 files (5155 per second)
		Mixed with transactions: 499845 files (816 per second)

Data:
	3370.10 megabytes read (5.45 megabytes per second)
	3437.97 megabytes written (5.56 megabytes per second)
PostMark v1.51 : 8/14/01
Reading configuration from file '/tmp/pm.config'
Current configuration is:
The base number of files is 10000
Transactions: 1000000
Files range between 1012 bytes and 9.88 kilobytes in size
Working directory: 
	/ (weight=1)
10 subdirectories will be used
Block sizes are: read=512 bytes, write=512 bytes
Biases are: read/append=5, create/delete=5
Not using Unix buffered file I/O
Random number generator seed is 12
Report format is verbose.
Creating subdirectories...Done
Creating files...Done
Performing transactions..........Done
Deleting files...Done
Deleting subdirectories...Done
Time:
	618 seconds total
	613 seconds of transactions (1631 per second)

Files:
	510155 created (825 per second)
		Creation alone: 10000 files (2500 per second)
		Mixed with transactions: 500155 files (815 per second)
	500086 read (815 per second)
	494461 appended (806 per second)
	510155 deleted (825 per second)
		Deletion alone: 10310 files (10310 per second)
		Mixed with transactions: 499845 files (815 per second)

Data:
	3370.10 megabytes read (5.45 megabytes per second)
	3437.97 megabytes written (5.56 megabytes per second)
PostMark v1.51 : 8/14/01
Reading configuration from file '/tmp/pm.config'
Current configuration is:
The base number of files is 10000
Transactions: 1000000
Files range between 1012 bytes and 9.88 kilobytes in size
Working directory: 
	/ (weight=1)
10 subdirectories will be used
Block sizes are: read=512 bytes, write=512 bytes
Biases are: read/append=5, create/delete=5
Not using Unix buffered file I/O
Random number generator seed is 12
Report format is verbose.
Creating subdirectories...Done
Creating files...Done
Performing transactions..........Done
Deleting files...Done
Deleting subdirectories...Done
Time:
	619 seconds total
	612 seconds of transactions (1633 per second)

Files:
	510155 created (824 per second)
		Creation alone: 10000 files (2000 per second)
		Mixed with transactions: 500155 files (817 per second)
	500086 read (817 per second)
	494461 appended (807 per second)
	510155 deleted (824 per second)
		Deletion alone: 10310 files (5155 per second)
		Mixed with transactions: 499845 files (816 per second)

Data:
	3370.10 megabytes read (5.44 megabytes per second)
	3437.97 megabytes written (5.55 megabytes per second)
PostMark v1.51 : 8/14/01
Reading configuration from file '/tmp/pm.config'
Current configuration is:
The base number of files is 10000
Transactions: 1000000
Files range between 1012 bytes and 9.88 kilobytes in size
Working directory: 
	/ (weight=1)
10 subdirectories will be used
Block sizes are: read=512 bytes, write=512 bytes
Biases are: read/append=5, create/delete=5
Not using Unix buffered file I/O
Random number generator seed is 12
Report format is verbose.
Creating subdirectories...Done
Creating files...Done
Performing transactions..........Done
Deleting files...Done
Deleting subdirectories...Done
Time:
	618 seconds total
	613 seconds of transactions (1631 per second)

Files:
	510155 created (825 per second)
		Creation alone: 10000 files (2500 per second)
		Mixed with transactions: 500155 files (815 per second)
	500086 read (815 per second)
	494461 appended (806 per second)
	510155 deleted (825 per second)
		Deletion alone: 10310 files (10310 per second)
		Mixed with transactions: 499845 files (815 per second)

Data:
	3370.10 megabytes read (5.45 megabytes per second)
	3437.97 megabytes written (5.56 megabytes per second)
