PostMark v1.51 : 8/14/01
Reading configuration from file '/tmp/pm.config'
Creating subdirectories...Done
Creating files...Done
Performing transactions..........Done
Deleting files...Done
Deleting subdirectories...Done
Time:
	9 seconds total
	9 seconds of transactions (5555 per second)

Files:
	25498 created (2833 per second)
		Creation alone: 500 files (500 per second)
		Mixed with transactions: 24998 files (2777 per second)
	25230 read (2803 per second)
	0 appended (0 per second)
	25498 deleted (2833 per second)
		Deletion alone: 496 files (496 per second)
		Mixed with transactions: 25002 files (2778 per second)

Data:
	2435.05 megabytes read (270.56 megabytes per second)
	2460.90 megabytes written (273.43 megabytes per second)
PostMark v1.51 : 8/14/01
Reading configuration from file '/tmp/pm.config'
Creating subdirectories...Done
Creating files...Done
Performing transactions..........Done
Deleting files...Done
Deleting subdirectories...Done
Time:
	9 seconds total
	9 seconds of transactions (5555 per second)

Files:
	25498 created (2833 per second)
		Creation alone: 500 files (500 per second)
		Mixed with transactions: 24998 files (2777 per second)
	25230 read (2803 per second)
	0 appended (0 per second)
	25498 deleted (2833 per second)
		Deletion alone: 496 files (496 per second)
		Mixed with transactions: 25002 files (2778 per second)

Data:
	2435.05 megabytes read (270.56 megabytes per second)
	2460.90 megabytes written (273.43 megabytes per second)
PostMark v1.51 : 8/14/01
Reading configuration from file '/tmp/pm.config'
Creating subdirectories...Done
Creating files...Done
Performing transactions..........Done
Deleting files...Done
Deleting subdirectories...Done
Time:
	8 seconds total
	8 seconds of transactions (6250 per second)

Files:
	25498 created (3187 per second)
		Creation alone: 500 files (500 per second)
		Mixed with transactions: 24998 files (3124 per second)
	25230 read (3153 per second)
	0 appended (0 per second)
	25498 deleted (3187 per second)
		Deletion alone: 496 files (496 per second)
		Mixed with transactions: 25002 files (3125 per second)

Data:
	2435.05 megabytes read (304.38 megabytes per second)
	2460.90 megabytes written (307.61 megabytes per second)
PostMark v1.51 : 8/14/01
Reading configuration from file '/tmp/pm.config'
Creating subdirectories...Done
Creating files...Done
Performing transactions..........Done
Deleting files...Done
Deleting subdirectories...Done
Time:
	9 seconds total
	8 seconds of transactions (6250 per second)

Files:
	25498 created (2833 per second)
		Creation alone: 500 files (500 per second)
		Mixed with transactions: 24998 files (3124 per second)
	25230 read (3153 per second)
	0 appended (0 per second)
	25498 deleted (2833 per second)
		Deletion alone: 496 files (496 per second)
		Mixed with transactions: 25002 files (3125 per second)

Data:
	2435.05 megabytes read (270.56 megabytes per second)
	2460.90 megabytes written (273.43 megabytes per second)
PostMark v1.51 : 8/14/01
Reading configuration from file '/tmp/pm.config'
Creating subdirectories...Done
Creating files...Done
Performing transactions..........Done
Deleting files...Done
Deleting subdirectories...Done
Time:
	9 seconds total
	9 seconds of transactions (5555 per second)

Files:
	25498 created (2833 per second)
		Creation alone: 500 files (500 per second)
		Mixed with transactions: 24998 files (2777 per second)
	25230 read (2803 per second)
	0 appended (0 per second)
	25498 deleted (2833 per second)
		Deletion alone: 496 files (496 per second)
		Mixed with transactions: 25002 files (2778 per second)

Data:
	2435.05 megabytes read (270.56 megabytes per second)
	2460.90 megabytes written (273.43 megabytes per second)
