PostMark v1.51 : 8/14/01
Reading configuration from file '/tmp/pm.config'
Current configuration is:
The base number of files is 10000
Transactions: 1000000
Files range between 1012 bytes and 9.88 kilobytes in size
Working directory: 
	/ (weight=1)
10 subdirectories will be used
Block sizes are: read=512 bytes, write=512 bytes
Biases are: read/append=5, create/delete=5
Not using Unix buffered file I/O
Random number generator seed is 12
Report format is verbose.
Creating subdirectories...Done
Creating files...Done
Performing transactions..........Done
Deleting files...Done
Deleting subdirectories...Done
Time:
	50 seconds total
	50 seconds of transactions (20000 per second)

Files:
	510155 created (10203 per second)
		Creation alone: 10000 files (10000 per second)
		Mixed with transactions: 500155 files (10003 per second)
	500086 read (10001 per second)
	494461 appended (9889 per second)
	510155 deleted (10203 per second)
		Deletion alone: 10310 files (10310 per second)
		Mixed with transactions: 499845 files (9996 per second)

Data:
	3370.10 megabytes read (67.40 megabytes per second)
	3437.97 megabytes written (68.76 megabytes per second)
PostMark v1.51 : 8/14/01
Reading configuration from file '/tmp/pm.config'
Current configuration is:
The base number of files is 10000
Transactions: 1000000
Files range between 1012 bytes and 9.88 kilobytes in size
Working directory: 
	/ (weight=1)
10 subdirectories will be used
Block sizes are: read=512 bytes, write=512 bytes
Biases are: read/append=5, create/delete=5
Not using Unix buffered file I/O
Random number generator seed is 12
Report format is verbose.
Creating subdirectories...Done
Creating files...Done
Performing transactions..........Done
Deleting files...Done
Deleting subdirectories...Done
Time:
	52 seconds total
	51 seconds of transactions (19607 per second)

Files:
	510155 created (9810 per second)
		Creation alone: 10000 files (10000 per second)
		Mixed with transactions: 500155 files (9806 per second)
	500086 read (9805 per second)
	494461 appended (9695 per second)
	510155 deleted (9810 per second)
		Deletion alone: 10310 files (10310 per second)
		Mixed with transactions: 499845 files (9800 per second)

Data:
	3370.10 megabytes read (64.81 megabytes per second)
	3437.97 megabytes written (66.11 megabytes per second)
PostMark v1.51 : 8/14/01
Reading configuration from file '/tmp/pm.config'
Current configuration is:
The base number of files is 10000
Transactions: 1000000
Files range between 1012 bytes and 9.88 kilobytes in size
Working directory: 
	/ (weight=1)
10 subdirectories will be used
Block sizes are: read=512 bytes, write=512 bytes
Biases are: read/append=5, create/delete=5
Not using Unix buffered file I/O
Random number generator seed is 12
Report format is verbose.
Creating subdirectories...Done
Creating files...Done
Performing transactions..........Done
Deleting files...Done
Deleting subdirectories...Done
Time:
	52 seconds total
	50 seconds of transactions (20000 per second)

Files:
	510155 created (9810 per second)
		Creation alone: 10000 files (10000 per second)
		Mixed with transactions: 500155 files (10003 per second)
	500086 read (10001 per second)
	494461 appended (9889 per second)
	510155 deleted (9810 per second)
		Deletion alone: 10310 files (10310 per second)
		Mixed with transactions: 499845 files (9996 per second)

Data:
	3370.10 megabytes read (64.81 megabytes per second)
	3437.97 megabytes written (66.11 megabytes per second)
PostMark v1.51 : 8/14/01
Reading configuration from file '/tmp/pm.config'
Current configuration is:
The base number of files is 10000
Transactions: 1000000
Files range between 1012 bytes and 9.88 kilobytes in size
Working directory: 
	/ (weight=1)
10 subdirectories will be used
Block sizes are: read=512 bytes, write=512 bytes
Biases are: read/append=5, create/delete=5
Not using Unix buffered file I/O
Random number generator seed is 12
Report format is verbose.
Creating subdirectories...Done
Creating files...Done
Performing transactions..........Done
Deleting files...Done
Deleting subdirectories...Done
Time:
	51 seconds total
	51 seconds of transactions (19607 per second)

Files:
	510155 created (10003 per second)
		Creation alone: 10000 files (10000 per second)
		Mixed with transactions: 500155 files (9806 per second)
	500086 read (9805 per second)
	494461 appended (9695 per second)
	510155 deleted (10003 per second)
		Deletion alone: 10310 files (10310 per second)
		Mixed with transactions: 499845 files (9800 per second)

Data:
	3370.10 megabytes read (66.08 megabytes per second)
	3437.97 megabytes written (67.41 megabytes per second)
PostMark v1.51 : 8/14/01
Reading configuration from file '/tmp/pm.config'
Current configuration is:
The base number of files is 10000
Transactions: 1000000
Files range between 1012 bytes and 9.88 kilobytes in size
Working directory: 
	/ (weight=1)
10 subdirectories will be used
Block sizes are: read=512 bytes, write=512 bytes
Biases are: read/append=5, create/delete=5
Not using Unix buffered file I/O
Random number generator seed is 12
Report format is verbose.
Creating subdirectories...Done
Creating files...Done
Performing transactions..........Done
Deleting files...Done
Deleting subdirectories...Done
Time:
	51 seconds total
	50 seconds of transactions (20000 per second)

Files:
	510155 created (10003 per second)
		Creation alone: 10000 files (10000 per second)
		Mixed with transactions: 500155 files (10003 per second)
	500086 read (10001 per second)
	494461 appended (9889 per second)
	510155 deleted (10003 per second)
		Deletion alone: 10310 files (10310 per second)
		Mixed with transactions: 499845 files (9996 per second)

Data:
	3370.10 megabytes read (66.08 megabytes per second)
	3437.97 megabytes written (67.41 megabytes per second)
