PostMark v1.51 : 8/14/01
Reading configuration from file '/tmp/pm.config'
Current configuration is:
The base number of files is 500
Transactions: 50000
Files are 98.83 kilobytes in size
Working directory: 
	/ (weight=1)
100 subdirectories will be used
Block sizes are: read=512 bytes, write=512 bytes
Biases are: read/append=5, create/delete=5
Not using Unix buffered file I/O
Random number generator seed is 12
Report format is verbose.
Creating subdirectories...Done
Creating files...Done
Performing transactions..........Done
Deleting files...Done
Deleting subdirectories...Done
Time:
	105 seconds total
	103 seconds of transactions (485 per second)

Files:
	25498 created (242 per second)
		Creation alone: 500 files (250 per second)
		Mixed with transactions: 24998 files (242 per second)
	25230 read (244 per second)
	0 appended (0 per second)
	25498 deleted (242 per second)
		Deletion alone: 496 files (496 per second)
		Mixed with transactions: 25002 files (242 per second)

Data:
	2435.05 megabytes read (23.19 megabytes per second)
	2460.90 megabytes written (23.44 megabytes per second)
