PostMark v1.51 : 8/14/01
Reading configuration from file '/tmp/pm.config'
Creating subdirectories...Done
Creating files...Done
Performing transactions..........Done
Deleting files...Done
Deleting subdirectories...Done
Time:
	19582 seconds total
	19546 seconds of transactions (255 per second)

Files:
	2505221 created (127 per second)
		Creation alone: 5000 files (142 per second)
		Mixed with transactions: 2500221 files (127 per second)
	2501248 read (127 per second)
	0 appended (0 per second)
	2505221 deleted (127 per second)
		Deletion alone: 5442 files (5442 per second)
		Mixed with transactions: 2499779 files (127 per second)

Data:
	2427.17 megabytes read (126.92 kilobytes per second)
	2431.05 megabytes written (127.13 kilobytes per second)
PostMark v1.51 : 8/14/01
Reading configuration from file '/tmp/pm.config'
Creating subdirectories...Done
Creating files...Done
Performing transactions..........Done
Deleting files...Done
Deleting subdirectories...Done
Time:
	19581 seconds total
	19545 seconds of transactions (255 per second)

Files:
	2505221 created (127 per second)
		Creation alone: 5000 files (142 per second)
		Mixed with transactions: 2500221 files (127 per second)
	2501248 read (127 per second)
	0 appended (0 per second)
	2505221 deleted (127 per second)
		Deletion alone: 5442 files (5442 per second)
		Mixed with transactions: 2499779 files (127 per second)

Data:
	2427.17 megabytes read (126.93 kilobytes per second)
	2431.05 megabytes written (127.13 kilobytes per second)
PostMark v1.51 : 8/14/01
Reading configuration from file '/tmp/pm.config'
Creating subdirectories...Done
Creating files...Done
Performing transactions..........Done
Deleting files...Done
Deleting subdirectories...Done
Time:
	19579 seconds total
	19544 seconds of transactions (255 per second)

Files:
	2505221 created (127 per second)
		Creation alone: 5000 files (147 per second)
		Mixed with transactions: 2500221 files (127 per second)
	2501248 read (127 per second)
	0 appended (0 per second)
	2505221 deleted (127 per second)
		Deletion alone: 5442 files (5442 per second)
		Mixed with transactions: 2499779 files (127 per second)

Data:
	2427.17 megabytes read (126.94 kilobytes per second)
	2431.05 megabytes written (127.15 kilobytes per second)
