PostMark v1.51 : 8/14/01
Reading configuration from file '/tmp/pm.config'
Creating subdirectories...Done
Creating files...Done
Performing transactions..........Done
Deleting files...Done
Deleting subdirectories...Done
Time:
	25 seconds total
	25 seconds of transactions (40000 per second)

Files:
	501125 created (20045 per second)
		Creation alone: 1000 files (1000 per second)
		Mixed with transactions: 500125 files (20005 per second)
	500070 read (20002 per second)
	0 appended (0 per second)
	501125 deleted (20045 per second)
		Deletion alone: 1902 files (1902 per second)
		Mixed with transactions: 499223 files (19968 per second)

Data:
	4857.67 megabytes read (194.31 megabytes per second)
	4867.98 megabytes written (194.72 megabytes per second)
PostMark v1.51 : 8/14/01
Reading configuration from file '/tmp/pm.config'
Creating subdirectories...Done
Creating files...Done
Performing transactions..........Done
Deleting files...Done
Deleting subdirectories...Done
Time:
	25 seconds total
	25 seconds of transactions (40000 per second)

Files:
	501125 created (20045 per second)
		Creation alone: 1000 files (1000 per second)
		Mixed with transactions: 500125 files (20005 per second)
	500070 read (20002 per second)
	0 appended (0 per second)
	501125 deleted (20045 per second)
		Deletion alone: 1902 files (1902 per second)
		Mixed with transactions: 499223 files (19968 per second)

Data:
	4857.67 megabytes read (194.31 megabytes per second)
	4867.98 megabytes written (194.72 megabytes per second)
PostMark v1.51 : 8/14/01
Reading configuration from file '/tmp/pm.config'
Creating subdirectories...Done
Creating files...Done
Performing transactions..........Done
Deleting files...Done
Deleting subdirectories...Done
Time:
	25 seconds total
	25 seconds of transactions (40000 per second)

Files:
	501125 created (20045 per second)
		Creation alone: 1000 files (1000 per second)
		Mixed with transactions: 500125 files (20005 per second)
	500070 read (20002 per second)
	0 appended (0 per second)
	501125 deleted (20045 per second)
		Deletion alone: 1902 files (1902 per second)
		Mixed with transactions: 499223 files (19968 per second)

Data:
	4857.67 megabytes read (194.31 megabytes per second)
	4867.98 megabytes written (194.72 megabytes per second)
PostMark v1.51 : 8/14/01
Reading configuration from file '/tmp/pm.config'
Creating subdirectories...Done
Creating files...Done
Performing transactions..........Done
Deleting files...Done
Deleting subdirectories...Done
Time:
	25 seconds total
	25 seconds of transactions (40000 per second)

Files:
	501125 created (20045 per second)
		Creation alone: 1000 files (1000 per second)
		Mixed with transactions: 500125 files (20005 per second)
	500070 read (20002 per second)
	0 appended (0 per second)
	501125 deleted (20045 per second)
		Deletion alone: 1902 files (1902 per second)
		Mixed with transactions: 499223 files (19968 per second)

Data:
	4857.67 megabytes read (194.31 megabytes per second)
	4867.98 megabytes written (194.72 megabytes per second)
PostMark v1.51 : 8/14/01
Reading configuration from file '/tmp/pm.config'
Creating subdirectories...Done
Creating files...Done
Performing transactions..........Done
Deleting files...Done
Deleting subdirectories...Done
Time:
	25 seconds total
	25 seconds of transactions (40000 per second)

Files:
	501125 created (20045 per second)
		Creation alone: 1000 files (1000 per second)
		Mixed with transactions: 500125 files (20005 per second)
	500070 read (20002 per second)
	0 appended (0 per second)
	501125 deleted (20045 per second)
		Deletion alone: 1902 files (1902 per second)
		Mixed with transactions: 499223 files (19968 per second)

Data:
	4857.67 megabytes read (194.31 megabytes per second)
	4867.98 megabytes written (194.72 megabytes per second)
PostMark v1.51 : 8/14/01
Reading configuration from file '/tmp/pm.config'
Creating subdirectories...Done
Creating files...Done
Performing transactions..........Done
Deleting files...Done
Deleting subdirectories...Done
Time:
	25 seconds total
	25 seconds of transactions (40000 per second)

Files:
	501125 created (20045 per second)
		Creation alone: 1000 files (1000 per second)
		Mixed with transactions: 500125 files (20005 per second)
	500070 read (20002 per second)
	0 appended (0 per second)
	501125 deleted (20045 per second)
		Deletion alone: 1902 files (1902 per second)
		Mixed with transactions: 499223 files (19968 per second)

Data:
	4857.67 megabytes read (194.31 megabytes per second)
	4867.98 megabytes written (194.72 megabytes per second)
PostMark v1.51 : 8/14/01
Reading configuration from file '/tmp/pm.config'
Creating subdirectories...Done
Creating files...Done
Performing transactions..........Done
Deleting files...Done
Deleting subdirectories...Done
Time:
	25 seconds total
	25 seconds of transactions (40000 per second)

Files:
	501125 created (20045 per second)
		Creation alone: 1000 files (1000 per second)
		Mixed with transactions: 500125 files (20005 per second)
	500070 read (20002 per second)
	0 appended (0 per second)
	501125 deleted (20045 per second)
		Deletion alone: 1902 files (1902 per second)
		Mixed with transactions: 499223 files (19968 per second)

Data:
	4857.67 megabytes read (194.31 megabytes per second)
	4867.98 megabytes written (194.72 megabytes per second)
PostMark v1.51 : 8/14/01
Reading configuration from file '/tmp/pm.config'
Creating subdirectories...Done
Creating files...Done
Performing transactions..........Done
Deleting files...Done
Deleting subdirectories...Done
Time:
	25 seconds total
	25 seconds of transactions (40000 per second)

Files:
	501125 created (20045 per second)
		Creation alone: 1000 files (1000 per second)
		Mixed with transactions: 500125 files (20005 per second)
	500070 read (20002 per second)
	0 appended (0 per second)
	501125 deleted (20045 per second)
		Deletion alone: 1902 files (1902 per second)
		Mixed with transactions: 499223 files (19968 per second)

Data:
	4857.67 megabytes read (194.31 megabytes per second)
	4867.98 megabytes written (194.72 megabytes per second)
PostMark v1.51 : 8/14/01
Reading configuration from file '/tmp/pm.config'
Creating subdirectories...Done
Creating files...Done
Performing transactions..........Done
Deleting files...Done
Deleting subdirectories...Done
Time:
	25 seconds total
	25 seconds of transactions (40000 per second)

Files:
	501125 created (20045 per second)
		Creation alone: 1000 files (1000 per second)
		Mixed with transactions: 500125 files (20005 per second)
	500070 read (20002 per second)
	0 appended (0 per second)
	501125 deleted (20045 per second)
		Deletion alone: 1902 files (1902 per second)
		Mixed with transactions: 499223 files (19968 per second)

Data:
	4857.67 megabytes read (194.31 megabytes per second)
	4867.98 megabytes written (194.72 megabytes per second)
PostMark v1.51 : 8/14/01
Reading configuration from file '/tmp/pm.config'
Creating subdirectories...Done
Creating files...Done
Performing transactions..........Done
Deleting files...Done
Deleting subdirectories...Done
Time:
	25 seconds total
	25 seconds of transactions (40000 per second)

Files:
	501125 created (20045 per second)
		Creation alone: 1000 files (1000 per second)
		Mixed with transactions: 500125 files (20005 per second)
	500070 read (20002 per second)
	0 appended (0 per second)
	501125 deleted (20045 per second)
		Deletion alone: 1902 files (1902 per second)
		Mixed with transactions: 499223 files (19968 per second)

Data:
	4857.67 megabytes read (194.31 megabytes per second)
	4867.98 megabytes written (194.72 megabytes per second)
