PostMark v1.51 : 8/14/01
Reading configuration from file '/tmp/pm.config'
Creating subdirectories...Done
Creating files...Done
Performing transactions..........Done
Deleting files...Done
Deleting subdirectories...Done
Time:
	110 seconds total
	110 seconds of transactions (45454 per second)

Files:
	2505221 created (22774 per second)
		Creation alone: 5000 files (5000 per second)
		Mixed with transactions: 2500221 files (22729 per second)
	2501248 read (22738 per second)
	0 appended (0 per second)
	2505221 deleted (22774 per second)
		Deletion alone: 5442 files (5442 per second)
		Mixed with transactions: 2499779 files (22725 per second)

Data:
	2427.17 megabytes read (22.07 megabytes per second)
	2431.05 megabytes written (22.10 megabytes per second)
PostMark v1.51 : 8/14/01
Reading configuration from file '/tmp/pm.config'
Creating subdirectories...Done
Creating files...Done
Performing transactions..........Done
Deleting files...Done
Deleting subdirectories...Done
Time:
	110 seconds total
	110 seconds of transactions (45454 per second)

Files:
	2505221 created (22774 per second)
		Creation alone: 5000 files (5000 per second)
		Mixed with transactions: 2500221 files (22729 per second)
	2501248 read (22738 per second)
	0 appended (0 per second)
	2505221 deleted (22774 per second)
		Deletion alone: 5442 files (5442 per second)
		Mixed with transactions: 2499779 files (22725 per second)

Data:
	2427.17 megabytes read (22.07 megabytes per second)
	2431.05 megabytes written (22.10 megabytes per second)
PostMark v1.51 : 8/14/01
Reading configuration from file '/tmp/pm.config'
Creating subdirectories...Done
Creating files...Done
Performing transactions..........Done
Deleting files...Done
Deleting subdirectories...Done
Time:
	109 seconds total
	108 seconds of transactions (46296 per second)

Files:
	2505221 created (22983 per second)
		Creation alone: 5000 files (5000 per second)
		Mixed with transactions: 2500221 files (23150 per second)
	2501248 read (23159 per second)
	0 appended (0 per second)
	2505221 deleted (22983 per second)
		Deletion alone: 5442 files (5442 per second)
		Mixed with transactions: 2499779 files (23146 per second)

Data:
	2427.17 megabytes read (22.27 megabytes per second)
	2431.05 megabytes written (22.30 megabytes per second)
PostMark v1.51 : 8/14/01
Reading configuration from file '/tmp/pm.config'
Creating subdirectories...Done
Creating files...Done
Performing transactions..........Done
Deleting files...Done
Deleting subdirectories...Done
Time:
	109 seconds total
	109 seconds of transactions (45871 per second)

Files:
	2505221 created (22983 per second)
		Creation alone: 5000 files (5000 per second)
		Mixed with transactions: 2500221 files (22937 per second)
	2501248 read (22947 per second)
	0 appended (0 per second)
	2505221 deleted (22983 per second)
		Deletion alone: 5442 files (5442 per second)
		Mixed with transactions: 2499779 files (22933 per second)

Data:
	2427.17 megabytes read (22.27 megabytes per second)
	2431.05 megabytes written (22.30 megabytes per second)
PostMark v1.51 : 8/14/01
Reading configuration from file '/tmp/pm.config'
Creating subdirectories...Done
Creating files...Done
Performing transactions..........Done
Deleting files...Done
Deleting subdirectories...Done
Time:
	109 seconds total
	109 seconds of transactions (45871 per second)

Files:
	2505221 created (22983 per second)
		Creation alone: 5000 files (5000 per second)
		Mixed with transactions: 2500221 files (22937 per second)
	2501248 read (22947 per second)
	0 appended (0 per second)
	2505221 deleted (22983 per second)
		Deletion alone: 5442 files (5442 per second)
		Mixed with transactions: 2499779 files (22933 per second)

Data:
	2427.17 megabytes read (22.27 megabytes per second)
	2431.05 megabytes written (22.30 megabytes per second)
