            |      ___|
  __|  _ \  |  _ \ __ \
\__ \ (   | | (   |  ) |
____/\___/ _|\___/____/
Solo5: Memory map: 1024 MB addressable:
Solo5:     unused @ (0x0 - 0xfffff)
Solo5:       text @ (0x100000 - 0x2f0373)
Solo5:     rodata @ (0x2f0374 - 0x336f5f)
Solo5:       data @ (0x336f60 - 0x404c27)
Solo5:       heap >= 0x405000 < stack < 0x40000000
rump kernel bare metal bootstrap

Copyright (c) 1996, 1997, 1998, 1999, 2000, 2001, 2002, 2003, 2004, 2005,
    2006, 2007, 2008, 2009, 2010, 2011, 2012, 2013, 2014, 2015, 2016
    The NetBSD Foundation, Inc.  All rights reserved.
Copyright (c) 1982, 1986, 1989, 1991, 1993
    The Regents of the University of California.  All rights reserved.

NetBSD 7.99.34 (RUMP-ROAST)
total memory = 509 MB
timecounter: Timecounters tick every 10.000 msec
timecounter: Timecounter "clockinterrupt" frequency 100 Hz quality 0
cpu0 at thinair0: rump virtual cpu
root file system type: rumpfs
kern.module.path=/stand/amd64/7.99.34/modules
mainbus0 (root)
timecounter: Timecounter "bmktc" frequency 1000000000 Hz quality 100
ukvmif0: Ethernet address da:c2:1c:4b:5f:bf
/dev//dev/ld0a: hostpath XENBLK_/dev/ld0a (4096 MB)
WARNING: the log-structured file system is experimental
WARNING: it may cause system crashes and/or corrupt data
mounted tmpfs on /tmp

=== calling "bin/postmark.nabla" main() ===

PostMark v1.51 : 8/14/01
Reading configuration from file '/data/benchmark.tiny-small'
Current configuration is:
The base number of files is 10000
Transactions: 1000000
Files range between 1012 bytes and 9.88 kilobytes in size
Working directory: /
10 subdirectories will be used
Block sizes are: read=512 bytes, write=512 bytes
Biases are: read/append=5, create/delete=5
Not using Unix buffered file I/O
Random number generator seed is 12
Report format is verbose.
Creating subdirectories...Done
Creating files...Done
Performing transactions..........Done
Deleting files...Done
Deleting subdirectories...Done
Time:
	1 seconds total
	1 seconds of transactions (1000000 per second)

Files:
	510155 created (510155 per second)
		Creation alone: 10000 files (10000 per second)
		Mixed with transactions: 500155 files (500155 per second)
	500086 read (500086 per second)
	494461 appended (494461 per second)
	510155 deleted (510155 per second)
		Deletion alone: 10310 files (10310 per second)
		Mixed with transactions: 499845 files (499845 per second)

Data:
	3370.10 megabytes read (3370.10 megabytes per second)
	3437.97 megabytes written (3437.97 megabytes per second)

=== main() of "bin/postmark.nabla" returned 0 ===

=== _exit(0) called ===
rump kernel halting...
syncing disks... done
unmounting file systems...
unmounted tmpfs on /tmp type tmpfs
unmounted /dev//dev/ld0a on /data type lfs
unmounted rumpfs on / type rumpfs
unmounting done
halted
Solo5: solo5_exit(0) called
            |      ___|
  __|  _ \  |  _ \ __ \
\__ \ (   | | (   |  ) |
____/\___/ _|\___/____/
Solo5: Memory map: 1024 MB addressable:
Solo5:     unused @ (0x0 - 0xfffff)
Solo5:       text @ (0x100000 - 0x2f0373)
Solo5:     rodata @ (0x2f0374 - 0x336f5f)
Solo5:       data @ (0x336f60 - 0x404c27)
Solo5:       heap >= 0x405000 < stack < 0x40000000
rump kernel bare metal bootstrap

Copyright (c) 1996, 1997, 1998, 1999, 2000, 2001, 2002, 2003, 2004, 2005,
    2006, 2007, 2008, 2009, 2010, 2011, 2012, 2013, 2014, 2015, 2016
    The NetBSD Foundation, Inc.  All rights reserved.
Copyright (c) 1982, 1986, 1989, 1991, 1993
    The Regents of the University of California.  All rights reserved.

NetBSD 7.99.34 (RUMP-ROAST)
total memory = 509 MB
timecounter: Timecounters tick every 10.000 msec
timecounter: Timecounter "clockinterrupt" frequency 100 Hz quality 0
cpu0 at thinair0: rump virtual cpu
root file system type: rumpfs
kern.module.path=/stand/amd64/7.99.34/modules
mainbus0 (root)
timecounter: Timecounter "bmktc" frequency 1000000000 Hz quality 100
ukvmif0: Ethernet address 3e:06:8e:60:6b:7e
/dev//dev/ld0a: hostpath XENBLK_/dev/ld0a (4096 MB)
WARNING: the log-structured file system is experimental
WARNING: it may cause system crashes and/or corrupt data
mounted tmpfs on /tmp

=== calling "bin/postmark.nabla" main() ===

PostMark v1.51 : 8/14/01
Reading configuration from file '/data/benchmark.tiny-small'
Current configuration is:
The base number of files is 10000
Transactions: 1000000
Files range between 1012 bytes and 9.88 kilobytes in size
Working directory: /
10 subdirectories will be used
Block sizes are: read=512 bytes, write=512 bytes
Biases are: read/append=5, create/delete=5
Not using Unix buffered file I/O
Random number generator seed is 12
Report format is verbose.
Creating subdirectories...Done
Creating files...Done
Performing transactions..........Done
Deleting files...Done
Deleting subdirectories...Done
Time:
	1 seconds total
	1 seconds of transactions (1000000 per second)

Files:
	510155 created (510155 per second)
		Creation alone: 10000 files (10000 per second)
		Mixed with transactions: 500155 files (500155 per second)
	500086 read (500086 per second)
	494461 appended (494461 per second)
	510155 deleted (510155 per second)
		Deletion alone: 10310 files (10310 per second)
		Mixed with transactions: 499845 files (499845 per second)

Data:
	3370.10 megabytes read (3370.10 megabytes per second)
	3437.97 megabytes written (3437.97 megabytes per second)

=== main() of "bin/postmark.nabla" returned 0 ===

=== _exit(0) called ===
rump kernel halting...
syncing disks... lfs_updatemeta: negative bytes (segment 22 short by 8192)
lfs_updatemeta: ino 1, lbn -12, addr = 0xb01
lfs_updatemeta: ndupino=0
Skipping crash dump on recursive panic
panic: lfs_updatemeta: negative bytes
rump kernel halting...
PANIC: rumpuser panic
halted
Solo5: solo5_exit(0) called
            |      ___|
  __|  _ \  |  _ \ __ \
\__ \ (   | | (   |  ) |
____/\___/ _|\___/____/
Solo5: Memory map: 1024 MB addressable:
Solo5:     unused @ (0x0 - 0xfffff)
Solo5:       text @ (0x100000 - 0x2f0373)
Solo5:     rodata @ (0x2f0374 - 0x336f5f)
Solo5:       data @ (0x336f60 - 0x404c27)
Solo5:       heap >= 0x405000 < stack < 0x40000000
rump kernel bare metal bootstrap

Copyright (c) 1996, 1997, 1998, 1999, 2000, 2001, 2002, 2003, 2004, 2005,
    2006, 2007, 2008, 2009, 2010, 2011, 2012, 2013, 2014, 2015, 2016
    The NetBSD Foundation, Inc.  All rights reserved.
Copyright (c) 1982, 1986, 1989, 1991, 1993
    The Regents of the University of California.  All rights reserved.

NetBSD 7.99.34 (RUMP-ROAST)
total memory = 509 MB
timecounter: Timecounters tick every 10.000 msec
timecounter: Timecounter "clockinterrupt" frequency 100 Hz quality 0
cpu0 at thinair0: rump virtual cpu
root file system type: rumpfs
kern.module.path=/stand/amd64/7.99.34/modules
mainbus0 (root)
timecounter: Timecounter "bmktc" frequency 1000000000 Hz quality 100
ukvmif0: Ethernet address 26:8e:11:90:63:22
/dev//dev/ld0a: hostpath XENBLK_/dev/ld0a (4096 MB)
WARNING: the log-structured file system is experimental
WARNING: it may cause system crashes and/or corrupt data
mounted tmpfs on /tmp

=== calling "bin/postmark.nabla" main() ===

PostMark v1.51 : 8/14/01
Reading configuration from file '/data/benchmark.tiny-small'
Current configuration is:
The base number of files is 10000
Transactions: 1000000
Files range between 1012 bytes and 9.88 kilobytes in size
Working directory: /
10 subdirectories will be used
Block sizes are: read=512 bytes, write=512 bytes
Biases are: read/append=5, create/delete=5
Not using Unix buffered file I/O
Random number generator seed is 12
Report format is verbose.
Creating subdirectories...Done
Creating files...Done
Performing transactions..........Done
Deleting files...Done
Deleting subdirectories...Done
Time:
	1 seconds total
	-1 seconds of transactions (-1000000 per second)

Files:
	510155 created (510155 per second)
		Creation alone: 10000 files (10000 per second)
		Mixed with transactions: 500155 files (-500155 per second)
	500086 read (-500086 per second)
	494461 appended (-494461 per second)
	510155 deleted (510155 per second)
		Deletion alone: 10310 files (10310 per second)
		Mixed with transactions: 499845 files (-499845 per second)

Data:
	3370.10 megabytes read (3370.10 megabytes per second)
	3437.97 megabytes written (3437.97 megabytes per second)

=== main() of "bin/postmark.nabla" returned 0 ===

=== _exit(0) called ===
rump kernel halting...
syncing disks... lfs_updatemeta: negative bytes (segment 22 short by 8192)
lfs_updatemeta: ino 1, lbn -12, addr = 0xb01
lfs_updatemeta: ndupino=0
Skipping crash dump on recursive panic
panic: lfs_updatemeta: negative bytes
rump kernel halting...
PANIC: rumpuser panic
halted
Solo5: solo5_exit(0) called
            |      ___|
  __|  _ \  |  _ \ __ \
\__ \ (   | | (   |  ) |
____/\___/ _|\___/____/
Solo5: Memory map: 1024 MB addressable:
Solo5:     unused @ (0x0 - 0xfffff)
Solo5:       text @ (0x100000 - 0x2f0373)
Solo5:     rodata @ (0x2f0374 - 0x336f5f)
Solo5:       data @ (0x336f60 - 0x404c27)
Solo5:       heap >= 0x405000 < stack < 0x40000000
rump kernel bare metal bootstrap

Copyright (c) 1996, 1997, 1998, 1999, 2000, 2001, 2002, 2003, 2004, 2005,
    2006, 2007, 2008, 2009, 2010, 2011, 2012, 2013, 2014, 2015, 2016
    The NetBSD Foundation, Inc.  All rights reserved.
Copyright (c) 1982, 1986, 1989, 1991, 1993
    The Regents of the University of California.  All rights reserved.

NetBSD 7.99.34 (RUMP-ROAST)
total memory = 509 MB
timecounter: Timecounters tick every 10.000 msec
timecounter: Timecounter "clockinterrupt" frequency 100 Hz quality 0
cpu0 at thinair0: rump virtual cpu
root file system type: rumpfs
kern.module.path=/stand/amd64/7.99.34/modules
mainbus0 (root)
timecounter: Timecounter "bmktc" frequency 1000000000 Hz quality 100
ukvmif0: Ethernet address 2e:4a:b4:06:0c:c1
/dev//dev/ld0a: hostpath XENBLK_/dev/ld0a (4096 MB)
WARNING: the log-structured file system is experimental
WARNING: it may cause system crashes and/or corrupt data
mounted tmpfs on /tmp

=== calling "bin/postmark.nabla" main() ===

PostMark v1.51 : 8/14/01
Reading configuration from file '/data/benchmark.tiny-small'
Current configuration is:
The base number of files is 10000
Transactions: 1000000
Files range between 1012 bytes and 9.88 kilobytes in size
Working directory: /
10 subdirectories will be used
Block sizes are: read=512 bytes, write=512 bytes
Biases are: read/append=5, create/delete=5
Not using Unix buffered file I/O
Random number generator seed is 12
Report format is verbose.
Creating subdirectories...Done
Creating files...Done
Performing transactions..........Done
Deleting files...Done
Deleting subdirectories...Done
Time:
	1 seconds total
	1 seconds of transactions (1000000 per second)

Files:
	510155 created (510155 per second)
		Creation alone: 10000 files (10000 per second)
		Mixed with transactions: 500155 files (500155 per second)
	500086 read (500086 per second)
	494461 appended (494461 per second)
	510155 deleted (510155 per second)
		Deletion alone: 10310 files (10310 per second)
		Mixed with transactions: 499845 files (499845 per second)

Data:
	3370.10 megabytes read (3370.10 megabytes per second)
	3437.97 megabytes written (3437.97 megabytes per second)

=== main() of "bin/postmark.nabla" returned 0 ===

=== _exit(0) called ===
rump kernel halting...
syncing disks... lfs_updatemeta: negative bytes (segment 22 short by 8192)
lfs_updatemeta: ino 1, lbn -12, addr = 0xb02
lfs_updatemeta: ndupino=0
Skipping crash dump on recursive panic
panic: lfs_updatemeta: negative bytes
rump kernel halting...
PANIC: rumpuser panic
halted
Solo5: solo5_exit(0) called
            |      ___|
  __|  _ \  |  _ \ __ \
\__ \ (   | | (   |  ) |
____/\___/ _|\___/____/
Solo5: Memory map: 1024 MB addressable:
Solo5:     unused @ (0x0 - 0xfffff)
Solo5:       text @ (0x100000 - 0x2f0373)
Solo5:     rodata @ (0x2f0374 - 0x336f5f)
Solo5:       data @ (0x336f60 - 0x404c27)
Solo5:       heap >= 0x405000 < stack < 0x40000000
rump kernel bare metal bootstrap

Copyright (c) 1996, 1997, 1998, 1999, 2000, 2001, 2002, 2003, 2004, 2005,
    2006, 2007, 2008, 2009, 2010, 2011, 2012, 2013, 2014, 2015, 2016
    The NetBSD Foundation, Inc.  All rights reserved.
Copyright (c) 1982, 1986, 1989, 1991, 1993
    The Regents of the University of California.  All rights reserved.

NetBSD 7.99.34 (RUMP-ROAST)
total memory = 509 MB
timecounter: Timecounters tick every 10.000 msec
timecounter: Timecounter "clockinterrupt" frequency 100 Hz quality 0
cpu0 at thinair0: rump virtual cpu
root file system type: rumpfs
kern.module.path=/stand/amd64/7.99.34/modules
mainbus0 (root)
timecounter: Timecounter "bmktc" frequency 1000000000 Hz quality 100
ukvmif0: Ethernet address 4a:50:a7:0d:80:4b
/dev//dev/ld0a: hostpath XENBLK_/dev/ld0a (4096 MB)
WARNING: the log-structured file system is experimental
WARNING: it may cause system crashes and/or corrupt data
mounted tmpfs on /tmp

=== calling "bin/postmark.nabla" main() ===

PostMark v1.51 : 8/14/01
Reading configuration from file '/data/benchmark.tiny-small'
Current configuration is:
The base number of files is 10000
Transactions: 1000000
Files range between 1012 bytes and 9.88 kilobytes in size
Working directory: /
10 subdirectories will be used
Block sizes are: read=512 bytes, write=512 bytes
Biases are: read/append=5, create/delete=5
Not using Unix buffered file I/O
Random number generator seed is 12
Report format is verbose.
Creating subdirectories...Done
Creating files...Done
Performing transactions..........Done
Deleting files...Done
Deleting subdirectories...Done
Time:
	1 seconds total
	1 seconds of transactions (1000000 per second)

Files:
	510155 created (510155 per second)
		Creation alone: 10000 files (10000 per second)
		Mixed with transactions: 500155 files (500155 per second)
	500086 read (500086 per second)
	494461 appended (494461 per second)
	510155 deleted (510155 per second)
		Deletion alone: 10310 files (10310 per second)
		Mixed with transactions: 499845 files (499845 per second)

Data:
	3370.10 megabytes read (3370.10 megabytes per second)
	3437.97 megabytes written (3437.97 megabytes per second)

=== main() of "bin/postmark.nabla" returned 0 ===

=== _exit(0) called ===
rump kernel halting...
syncing disks... lfs_updatemeta: negative bytes (segment 22 short by 8192)
lfs_updatemeta: ino 1, lbn -12, addr = 0xb02
lfs_updatemeta: ndupino=0
Skipping crash dump on recursive panic
panic: lfs_updatemeta: negative bytes
rump kernel halting...
PANIC: rumpuser panic
halted
Solo5: solo5_exit(0) called
