PostMark v1.51 : 8/14/01
Reading configuration from file '/tmp/pm.config'
Creating subdirectories...Done
Creating files...Done
Performing transactions..........Done
Deleting files...Done
Deleting subdirectories...Done
Time:
	41 seconds total
	41 seconds of transactions (24390 per second)

Files:
	501125 created (12222 per second)
		Creation alone: 1000 files (1000 per second)
		Mixed with transactions: 500125 files (12198 per second)
	500070 read (12196 per second)
	0 appended (0 per second)
	501125 deleted (12222 per second)
		Deletion alone: 1902 files (1902 per second)
		Mixed with transactions: 499223 files (12176 per second)

Data:
	4857.67 megabytes read (118.48 megabytes per second)
	4867.98 megabytes written (118.73 megabytes per second)
PostMark v1.51 : 8/14/01
Reading configuration from file '/tmp/pm.config'
Creating subdirectories...Done
Creating files...Done
Performing transactions..........Done
Deleting files...Done
Deleting subdirectories...Done
Time:
	41 seconds total
	41 seconds of transactions (24390 per second)

Files:
	501125 created (12222 per second)
		Creation alone: 1000 files (1000 per second)
		Mixed with transactions: 500125 files (12198 per second)
	500070 read (12196 per second)
	0 appended (0 per second)
	501125 deleted (12222 per second)
		Deletion alone: 1902 files (1902 per second)
		Mixed with transactions: 499223 files (12176 per second)

Data:
	4857.67 megabytes read (118.48 megabytes per second)
	4867.98 megabytes written (118.73 megabytes per second)
PostMark v1.51 : 8/14/01
Reading configuration from file '/tmp/pm.config'
Creating subdirectories...Done
Creating files...Done
Performing transactions..........Done
Deleting files...Done
Deleting subdirectories...Done
Time:
	40 seconds total
	40 seconds of transactions (25000 per second)

Files:
	501125 created (12528 per second)
		Creation alone: 1000 files (1000 per second)
		Mixed with transactions: 500125 files (12503 per second)
	500070 read (12501 per second)
	0 appended (0 per second)
	501125 deleted (12528 per second)
		Deletion alone: 1902 files (1902 per second)
		Mixed with transactions: 499223 files (12480 per second)

Data:
	4857.67 megabytes read (121.44 megabytes per second)
	4867.98 megabytes written (121.70 megabytes per second)
PostMark v1.51 : 8/14/01
Reading configuration from file '/tmp/pm.config'
Creating subdirectories...Done
Creating files...Done
Performing transactions..........Done
Deleting files...Done
Deleting subdirectories...Done
Time:
	40 seconds total
	40 seconds of transactions (25000 per second)

Files:
	501125 created (12528 per second)
		Creation alone: 1000 files (1000 per second)
		Mixed with transactions: 500125 files (12503 per second)
	500070 read (12501 per second)
	0 appended (0 per second)
	501125 deleted (12528 per second)
		Deletion alone: 1902 files (1902 per second)
		Mixed with transactions: 499223 files (12480 per second)

Data:
	4857.67 megabytes read (121.44 megabytes per second)
	4867.98 megabytes written (121.70 megabytes per second)
PostMark v1.51 : 8/14/01
Reading configuration from file '/tmp/pm.config'
Creating subdirectories...Done
Creating files...Done
Performing transactions..........Done
Deleting files...Done
Deleting subdirectories...Done
Time:
	40 seconds total
	40 seconds of transactions (25000 per second)

Files:
	501125 created (12528 per second)
		Creation alone: 1000 files (1000 per second)
		Mixed with transactions: 500125 files (12503 per second)
	500070 read (12501 per second)
	0 appended (0 per second)
	501125 deleted (12528 per second)
		Deletion alone: 1902 files (1902 per second)
		Mixed with transactions: 499223 files (12480 per second)

Data:
	4857.67 megabytes read (121.44 megabytes per second)
	4867.98 megabytes written (121.70 megabytes per second)
