workload=read9.small
location=/mnt.ext4/pm_data
logfile=/mnt.ext4/log.lfs
regular file (5): benchmark.read9.small
ukvm-bin.seccomp: postmark-split.nabla: Warning: phdr[0] requests WRITE and EXEC permissions
            |      ___|
  __|  _ \  |  _ \ __ \
\__ \ (   | | (   |  ) |
____/\___/ _|\___/____/
Solo5: Memory map: 1024 MB addressable:
Solo5:     unused @ (0x0 - 0xfffff)
Solo5:       text @ (0x100000 - 0x2b0a13)
Solo5:     rodata @ (0x2b0a14 - 0x2e08f7)
Solo5:       data @ (0x2e08f8 - 0x3a8047)
Solo5:       heap >= 0x3a9000 < stack < 0x40000000
rump kernel bare metal bootstrap

Copyright (c) 1996, 1997, 1998, 1999, 2000, 2001, 2002, 2003, 2004, 2005,
    2006, 2007, 2008, 2009, 2010, 2011, 2012, 2013, 2014, 2015, 2016
    The NetBSD Foundation, Inc.  All rights reserved.
Copyright (c) 1982, 1986, 1989, 1991, 1993
    The Regents of the University of California.  All rights reserved.

NetBSD 7.99.34 (RUMP-ROAST)
total memory = 510 MB
timecounter: Timecounters tick every 1.000 msec
timecounter: Timecounter "clockinterrupt" frequency 1000 Hz quality 0
cpu0 at thinair0: rump virtual cpu
root file system type: rumpfs
kern.module.path=/stand/amd64/7.99.34/modules
mainbus0 (root)
timecounter: Timecounter "bmktc" frequency 1000000000 Hz quality 100
ukvmif0: Ethernet address 72:bb:e6:c4:41:e9
/dev//dev/ld0a: hostpath XENBLK_/dev/ld0a (4096 MB)
WARNING: the log-structured file system is experimental
WARNING: it may cause system crashes and/or corrupt data
mounted tmpfs on /tmp

=== calling "bin/postmark.nabla" main() ===

PostMark v1.51 : 8/14/01
Reading configuration from file '/pm_data/benchmark.read9.small'
Creating subdirectories...Done
Creating files...Done
Performing transactions..........Done
Time:
	1 seconds total
	1 seconds of transactions (1000000 per second)

Files:
	2000 created (2000 per second)
		Creation alone: 1000 files (1000 per second)
		Mixed with transactions: 1000 files (1000 per second)
	899969 read (899969 per second)
	15447 appended (15447 per second)
	2000 deleted (2000 per second)
		Deletion alone: 0 files (0 per second)
		Mixed with transactions: 0 files (0 per second)

Data:
	3455.17 megabytes read (3455.17 megabytes per second)
	7.81 megabytes written (7.81 megabytes per second)

=== main() of "bin/postmark.nabla" returned 0 ===

=== _exit(0) called ===
rump kernel halting...
syncing disks... done
unmounting file systems...
unmounted tmpfs on /tmp type tmpfs
unmounted /dev//dev/ld0a on /pm_data type lfs
unmounted rumpfs on / type rumpfs
unmounting done
halted
Solo5: solo5_exit(0) called

real	0m10.300s
user	0m10.057s
sys	0m0.125s
1000000
10.43196430
workload=read9.small
location=/mnt.ext4/pm_data
logfile=/mnt.ext4/log.lfs
regular file (5): benchmark.read9.small
ukvm-bin.seccomp: postmark-split.nabla: Warning: phdr[0] requests WRITE and EXEC permissions
            |      ___|
  __|  _ \  |  _ \ __ \
\__ \ (   | | (   |  ) |
____/\___/ _|\___/____/
Solo5: Memory map: 1024 MB addressable:
Solo5:     unused @ (0x0 - 0xfffff)
Solo5:       text @ (0x100000 - 0x2b0a13)
Solo5:     rodata @ (0x2b0a14 - 0x2e08f7)
Solo5:       data @ (0x2e08f8 - 0x3a8047)
Solo5:       heap >= 0x3a9000 < stack < 0x40000000
rump kernel bare metal bootstrap

Copyright (c) 1996, 1997, 1998, 1999, 2000, 2001, 2002, 2003, 2004, 2005,
    2006, 2007, 2008, 2009, 2010, 2011, 2012, 2013, 2014, 2015, 2016
    The NetBSD Foundation, Inc.  All rights reserved.
Copyright (c) 1982, 1986, 1989, 1991, 1993
    The Regents of the University of California.  All rights reserved.

NetBSD 7.99.34 (RUMP-ROAST)
total memory = 510 MB
timecounter: Timecounters tick every 1.000 msec
timecounter: Timecounter "clockinterrupt" frequency 1000 Hz quality 0
cpu0 at thinair0: rump virtual cpu
root file system type: rumpfs
kern.module.path=/stand/amd64/7.99.34/modules
mainbus0 (root)
timecounter: Timecounter "bmktc" frequency 1000000000 Hz quality 100
ukvmif0: Ethernet address 8e:14:f7:d8:4f:96
/dev//dev/ld0a: hostpath XENBLK_/dev/ld0a (4096 MB)
WARNING: the log-structured file system is experimental
WARNING: it may cause system crashes and/or corrupt data
mounted tmpfs on /tmp

=== calling "bin/postmark.nabla" main() ===

PostMark v1.51 : 8/14/01
Reading configuration from file '/pm_data/benchmark.read9.small'
Creating subdirectories...Done
Creating files...Done
Performing transactions..........Done
Time:
	1 seconds total
	1 seconds of transactions (1000000 per second)

Files:
	2000 created (2000 per second)
		Creation alone: 1000 files (1000 per second)
		Mixed with transactions: 1000 files (1000 per second)
	899969 read (899969 per second)
	15447 appended (15447 per second)
	2000 deleted (2000 per second)
		Deletion alone: 0 files (0 per second)
		Mixed with transactions: 0 files (0 per second)

Data:
	3455.17 megabytes read (3455.17 megabytes per second)
	7.81 megabytes written (7.81 megabytes per second)

=== main() of "bin/postmark.nabla" returned 0 ===

=== _exit(0) called ===
rump kernel halting...
syncing disks... done
unmounting file systems...
unmounted tmpfs on /tmp type tmpfs
unmounted /dev//dev/ld0a on /pm_data type lfs
unmounted rumpfs on / type rumpfs
unmounting done
halted
Solo5: solo5_exit(0) called

real	0m10.381s
user	0m10.197s
sys	0m0.088s
1000000
10.41069560
workload=read9.small
location=/mnt.ext4/pm_data
logfile=/mnt.ext4/log.lfs
regular file (5): benchmark.read9.small
ukvm-bin.seccomp: postmark-split.nabla: Warning: phdr[0] requests WRITE and EXEC permissions
            |      ___|
  __|  _ \  |  _ \ __ \
\__ \ (   | | (   |  ) |
____/\___/ _|\___/____/
Solo5: Memory map: 1024 MB addressable:
Solo5:     unused @ (0x0 - 0xfffff)
Solo5:       text @ (0x100000 - 0x2b0a13)
Solo5:     rodata @ (0x2b0a14 - 0x2e08f7)
Solo5:       data @ (0x2e08f8 - 0x3a8047)
Solo5:       heap >= 0x3a9000 < stack < 0x40000000
rump kernel bare metal bootstrap

Copyright (c) 1996, 1997, 1998, 1999, 2000, 2001, 2002, 2003, 2004, 2005,
    2006, 2007, 2008, 2009, 2010, 2011, 2012, 2013, 2014, 2015, 2016
    The NetBSD Foundation, Inc.  All rights reserved.
Copyright (c) 1982, 1986, 1989, 1991, 1993
    The Regents of the University of California.  All rights reserved.

NetBSD 7.99.34 (RUMP-ROAST)
total memory = 510 MB
timecounter: Timecounters tick every 1.000 msec
timecounter: Timecounter "clockinterrupt" frequency 1000 Hz quality 0
cpu0 at thinair0: rump virtual cpu
root file system type: rumpfs
kern.module.path=/stand/amd64/7.99.34/modules
mainbus0 (root)
timecounter: Timecounter "bmktc" frequency 1000000000 Hz quality 100
ukvmif0: Ethernet address 62:78:7d:13:6b:04
/dev//dev/ld0a: hostpath XENBLK_/dev/ld0a (4096 MB)
WARNING: the log-structured file system is experimental
WARNING: it may cause system crashes and/or corrupt data
mounted tmpfs on /tmp

=== calling "bin/postmark.nabla" main() ===

PostMark v1.51 : 8/14/01
Reading configuration from file '/pm_data/benchmark.read9.small'
Creating subdirectories...Done
Creating files...Done
Performing transactions..........Done
Time:
	1 seconds total
	1 seconds of transactions (1000000 per second)

Files:
	2000 created (2000 per second)
		Creation alone: 1000 files (1000 per second)
		Mixed with transactions: 1000 files (1000 per second)
	899969 read (899969 per second)
	15447 appended (15447 per second)
	2000 deleted (2000 per second)
		Deletion alone: 0 files (0 per second)
		Mixed with transactions: 0 files (0 per second)

Data:
	3455.17 megabytes read (3455.17 megabytes per second)
	7.81 megabytes written (7.81 megabytes per second)

=== main() of "bin/postmark.nabla" returned 0 ===

=== _exit(0) called ===
rump kernel halting...
syncing disks... done
unmounting file systems...
unmounted tmpfs on /tmp type tmpfs
unmounted /dev//dev/ld0a on /pm_data type lfs
unmounted rumpfs on / type rumpfs
unmounting done
halted
Solo5: solo5_exit(0) called

real	0m10.300s
user	0m10.117s
sys	0m0.092s
1000000
10.39381031
workload=read9.small
location=/mnt.ext4/pm_data
logfile=/mnt.ext4/log.lfs
regular file (5): benchmark.read9.small
ukvm-bin.seccomp: postmark-split.nabla: Warning: phdr[0] requests WRITE and EXEC permissions
            |      ___|
  __|  _ \  |  _ \ __ \
\__ \ (   | | (   |  ) |
____/\___/ _|\___/____/
Solo5: Memory map: 1024 MB addressable:
Solo5:     unused @ (0x0 - 0xfffff)
Solo5:       text @ (0x100000 - 0x2b0a13)
Solo5:     rodata @ (0x2b0a14 - 0x2e08f7)
Solo5:       data @ (0x2e08f8 - 0x3a8047)
Solo5:       heap >= 0x3a9000 < stack < 0x40000000
rump kernel bare metal bootstrap

Copyright (c) 1996, 1997, 1998, 1999, 2000, 2001, 2002, 2003, 2004, 2005,
    2006, 2007, 2008, 2009, 2010, 2011, 2012, 2013, 2014, 2015, 2016
    The NetBSD Foundation, Inc.  All rights reserved.
Copyright (c) 1982, 1986, 1989, 1991, 1993
    The Regents of the University of California.  All rights reserved.

NetBSD 7.99.34 (RUMP-ROAST)
total memory = 510 MB
timecounter: Timecounters tick every 1.000 msec
timecounter: Timecounter "clockinterrupt" frequency 1000 Hz quality 0
cpu0 at thinair0: rump virtual cpu
root file system type: rumpfs
kern.module.path=/stand/amd64/7.99.34/modules
mainbus0 (root)
timecounter: Timecounter "bmktc" frequency 1000000000 Hz quality 100
ukvmif0: Ethernet address 9e:1c:6d:2a:c2:96
/dev//dev/ld0a: hostpath XENBLK_/dev/ld0a (4096 MB)
WARNING: the log-structured file system is experimental
WARNING: it may cause system crashes and/or corrupt data
mounted tmpfs on /tmp

=== calling "bin/postmark.nabla" main() ===

PostMark v1.51 : 8/14/01
Reading configuration from file '/pm_data/benchmark.read9.small'
Creating subdirectories...Done
Creating files...Done
Performing transactions..........Done
Time:
	1 seconds total
	1 seconds of transactions (1000000 per second)

Files:
	2000 created (2000 per second)
		Creation alone: 1000 files (1000 per second)
		Mixed with transactions: 1000 files (1000 per second)
	899969 read (899969 per second)
	15447 appended (15447 per second)
	2000 deleted (2000 per second)
		Deletion alone: 0 files (0 per second)
		Mixed with transactions: 0 files (0 per second)

Data:
	3455.17 megabytes read (3455.17 megabytes per second)
	7.81 megabytes written (7.81 megabytes per second)

=== main() of "bin/postmark.nabla" returned 0 ===

=== _exit(0) called ===
rump kernel halting...
syncing disks... done
unmounting file systems...
unmounted tmpfs on /tmp type tmpfs
unmounted /dev//dev/ld0a on /pm_data type lfs
unmounted rumpfs on / type rumpfs
unmounting done
halted
Solo5: solo5_exit(0) called

real	0m10.423s
user	0m10.214s
sys	0m0.116s
1000000
10.45791829
workload=read9.small
location=/mnt.ext4/pm_data
logfile=/mnt.ext4/log.lfs
regular file (5): benchmark.read9.small
ukvm-bin.seccomp: postmark-split.nabla: Warning: phdr[0] requests WRITE and EXEC permissions
            |      ___|
  __|  _ \  |  _ \ __ \
\__ \ (   | | (   |  ) |
____/\___/ _|\___/____/
Solo5: Memory map: 1024 MB addressable:
Solo5:     unused @ (0x0 - 0xfffff)
Solo5:       text @ (0x100000 - 0x2b0a13)
Solo5:     rodata @ (0x2b0a14 - 0x2e08f7)
Solo5:       data @ (0x2e08f8 - 0x3a8047)
Solo5:       heap >= 0x3a9000 < stack < 0x40000000
rump kernel bare metal bootstrap

Copyright (c) 1996, 1997, 1998, 1999, 2000, 2001, 2002, 2003, 2004, 2005,
    2006, 2007, 2008, 2009, 2010, 2011, 2012, 2013, 2014, 2015, 2016
    The NetBSD Foundation, Inc.  All rights reserved.
Copyright (c) 1982, 1986, 1989, 1991, 1993
    The Regents of the University of California.  All rights reserved.

NetBSD 7.99.34 (RUMP-ROAST)
total memory = 510 MB
timecounter: Timecounters tick every 1.000 msec
timecounter: Timecounter "clockinterrupt" frequency 1000 Hz quality 0
cpu0 at thinair0: rump virtual cpu
root file system type: rumpfs
kern.module.path=/stand/amd64/7.99.34/modules
mainbus0 (root)
timecounter: Timecounter "bmktc" frequency 1000000000 Hz quality 100
ukvmif0: Ethernet address 5a:e1:38:47:da:d5
/dev//dev/ld0a: hostpath XENBLK_/dev/ld0a (4096 MB)
WARNING: the log-structured file system is experimental
WARNING: it may cause system crashes and/or corrupt data
mounted tmpfs on /tmp

=== calling "bin/postmark.nabla" main() ===

PostMark v1.51 : 8/14/01
Reading configuration from file '/pm_data/benchmark.read9.small'
Creating subdirectories...Done
Creating files...Done
Performing transactions..........Done
Time:
	2 seconds total
	2 seconds of transactions (500000 per second)

Files:
	2000 created (1000 per second)
		Creation alone: 1000 files (1000 per second)
		Mixed with transactions: 1000 files (500 per second)
	899969 read (449984 per second)
	15447 appended (7723 per second)
	2000 deleted (1000 per second)
		Deletion alone: 0 files (0 per second)
		Mixed with transactions: 0 files (0 per second)

Data:
	3455.17 megabytes read (1727.58 megabytes per second)
	7.81 megabytes written (3.91 megabytes per second)

=== main() of "bin/postmark.nabla" returned 0 ===

=== _exit(0) called ===
rump kernel halting...
syncing disks... done
unmounting file systems...
unmounted tmpfs on /tmp type tmpfs
unmounted /dev//dev/ld0a on /pm_data type lfs
unmounted rumpfs on / type rumpfs
unmounting done
halted
Solo5: solo5_exit(0) called

real	0m10.414s
user	0m10.227s
sys	0m0.096s
1000000
10.51859176
