workload=read9.large
location=/mnt.ext4/pm_data
logfile=/mnt.ext4/log.lfs
regular file (5): benchmark.read9.large
ukvm-bin.seccomp: postmark-split.nabla: Warning: phdr[0] requests WRITE and EXEC permissions
            |      ___|
  __|  _ \  |  _ \ __ \
\__ \ (   | | (   |  ) |
____/\___/ _|\___/____/
Solo5: Memory map: 1024 MB addressable:
Solo5:     unused @ (0x0 - 0xfffff)
Solo5:       text @ (0x100000 - 0x2b0a13)
Solo5:     rodata @ (0x2b0a14 - 0x2e08f7)
Solo5:       data @ (0x2e08f8 - 0x3a8047)
Solo5:       heap >= 0x3a9000 < stack < 0x40000000
rump kernel bare metal bootstrap

Copyright (c) 1996, 1997, 1998, 1999, 2000, 2001, 2002, 2003, 2004, 2005,
    2006, 2007, 2008, 2009, 2010, 2011, 2012, 2013, 2014, 2015, 2016
    The NetBSD Foundation, Inc.  All rights reserved.
Copyright (c) 1982, 1986, 1989, 1991, 1993
    The Regents of the University of California.  All rights reserved.

NetBSD 7.99.34 (RUMP-ROAST)
total memory = 510 MB
timecounter: Timecounters tick every 1.000 msec
timecounter: Timecounter "clockinterrupt" frequency 1000 Hz quality 0
cpu0 at thinair0: rump virtual cpu
root file system type: rumpfs
kern.module.path=/stand/amd64/7.99.34/modules
mainbus0 (root)
timecounter: Timecounter "bmktc" frequency 1000000000 Hz quality 100
ukvmif0: Ethernet address 32:68:b0:cc:bc:2b
/dev//dev/ld0a: hostpath XENBLK_/dev/ld0a (4096 MB)
WARNING: the log-structured file system is experimental
WARNING: it may cause system crashes and/or corrupt data
mounted tmpfs on /tmp

=== calling "bin/postmark.nabla" main() ===

PostMark v1.51 : 8/14/01
Reading configuration from file '/pm_data/benchmark.read9.large'
Creating subdirectories...Done
Creating files...Done
Performing transactions..........Done
Time:
	5 seconds total
	5 seconds of transactions (40000 per second)

Files:
	2000 created (400 per second)
		Creation alone: 1000 files (1000 per second)
		Mixed with transactions: 1000 files (200 per second)
	180023 read (36004 per second)
	17470 appended (3494 per second)
	2000 deleted (400 per second)
		Deletion alone: 0 files (0 per second)
		Mixed with transactions: 0 files (0 per second)

Data:
	20557.17 megabytes read (4111.43 megabytes per second)
	249.26 megabytes written (49.85 megabytes per second)

=== main() of "bin/postmark.nabla" returned 0 ===

=== _exit(0) called ===
rump kernel halting...
syncing disks... done
unmounting file systems...
unmounted tmpfs on /tmp type tmpfs
unmounted /dev//dev/ld0a on /pm_data type lfs
unmounted rumpfs on / type rumpfs
unmounting done
halted
Solo5: solo5_exit(0) called

real	0m6.621s
user	0m5.613s
sys	0m0.912s
200000
6.66972522
workload=read9.large
location=/mnt.ext4/pm_data
logfile=/mnt.ext4/log.lfs
regular file (5): benchmark.read9.large
ukvm-bin.seccomp: postmark-split.nabla: Warning: phdr[0] requests WRITE and EXEC permissions
            |      ___|
  __|  _ \  |  _ \ __ \
\__ \ (   | | (   |  ) |
____/\___/ _|\___/____/
Solo5: Memory map: 1024 MB addressable:
Solo5:     unused @ (0x0 - 0xfffff)
Solo5:       text @ (0x100000 - 0x2b0a13)
Solo5:     rodata @ (0x2b0a14 - 0x2e08f7)
Solo5:       data @ (0x2e08f8 - 0x3a8047)
Solo5:       heap >= 0x3a9000 < stack < 0x40000000
rump kernel bare metal bootstrap

Copyright (c) 1996, 1997, 1998, 1999, 2000, 2001, 2002, 2003, 2004, 2005,
    2006, 2007, 2008, 2009, 2010, 2011, 2012, 2013, 2014, 2015, 2016
    The NetBSD Foundation, Inc.  All rights reserved.
Copyright (c) 1982, 1986, 1989, 1991, 1993
    The Regents of the University of California.  All rights reserved.

NetBSD 7.99.34 (RUMP-ROAST)
total memory = 510 MB
timecounter: Timecounters tick every 1.000 msec
timecounter: Timecounter "clockinterrupt" frequency 1000 Hz quality 0
cpu0 at thinair0: rump virtual cpu
root file system type: rumpfs
kern.module.path=/stand/amd64/7.99.34/modules
mainbus0 (root)
timecounter: Timecounter "bmktc" frequency 1000000000 Hz quality 100
ukvmif0: Ethernet address 22:81:37:1a:11:d0
/dev//dev/ld0a: hostpath XENBLK_/dev/ld0a (4096 MB)
WARNING: the log-structured file system is experimental
WARNING: it may cause system crashes and/or corrupt data
mounted tmpfs on /tmp

=== calling "bin/postmark.nabla" main() ===

PostMark v1.51 : 8/14/01
Reading configuration from file '/pm_data/benchmark.read9.large'
Creating subdirectories...Done
Creating files...Done
Performing transactions..........Done
Time:
	6 seconds total
	6 seconds of transactions (33333 per second)

Files:
	2000 created (333 per second)
		Creation alone: 1000 files (1000 per second)
		Mixed with transactions: 1000 files (166 per second)
	180023 read (30003 per second)
	17470 appended (2911 per second)
	2000 deleted (333 per second)
		Deletion alone: 0 files (0 per second)
		Mixed with transactions: 0 files (0 per second)

Data:
	20557.17 megabytes read (3426.20 megabytes per second)
	249.26 megabytes written (41.54 megabytes per second)

=== main() of "bin/postmark.nabla" returned 0 ===

=== _exit(0) called ===
rump kernel halting...
syncing disks... done
unmounting file systems...
unmounted tmpfs on /tmp type tmpfs
unmounted /dev//dev/ld0a on /pm_data type lfs
unmounted rumpfs on / type rumpfs
unmounting done
halted
Solo5: solo5_exit(0) called

real	0m6.531s
user	0m5.502s
sys	0m0.926s
200000
6.60150217
workload=read9.large
location=/mnt.ext4/pm_data
logfile=/mnt.ext4/log.lfs
regular file (5): benchmark.read9.large
ukvm-bin.seccomp: postmark-split.nabla: Warning: phdr[0] requests WRITE and EXEC permissions
            |      ___|
  __|  _ \  |  _ \ __ \
\__ \ (   | | (   |  ) |
____/\___/ _|\___/____/
Solo5: Memory map: 1024 MB addressable:
Solo5:     unused @ (0x0 - 0xfffff)
Solo5:       text @ (0x100000 - 0x2b0a13)
Solo5:     rodata @ (0x2b0a14 - 0x2e08f7)
Solo5:       data @ (0x2e08f8 - 0x3a8047)
Solo5:       heap >= 0x3a9000 < stack < 0x40000000
rump kernel bare metal bootstrap

Copyright (c) 1996, 1997, 1998, 1999, 2000, 2001, 2002, 2003, 2004, 2005,
    2006, 2007, 2008, 2009, 2010, 2011, 2012, 2013, 2014, 2015, 2016
    The NetBSD Foundation, Inc.  All rights reserved.
Copyright (c) 1982, 1986, 1989, 1991, 1993
    The Regents of the University of California.  All rights reserved.

NetBSD 7.99.34 (RUMP-ROAST)
total memory = 510 MB
timecounter: Timecounters tick every 1.000 msec
timecounter: Timecounter "clockinterrupt" frequency 1000 Hz quality 0
cpu0 at thinair0: rump virtual cpu
root file system type: rumpfs
kern.module.path=/stand/amd64/7.99.34/modules
mainbus0 (root)
timecounter: Timecounter "bmktc" frequency 1000000000 Hz quality 100
ukvmif0: Ethernet address e6:8f:09:43:25:dd
/dev//dev/ld0a: hostpath XENBLK_/dev/ld0a (4096 MB)
WARNING: the log-structured file system is experimental
WARNING: it may cause system crashes and/or corrupt data
mounted tmpfs on /tmp

=== calling "bin/postmark.nabla" main() ===

PostMark v1.51 : 8/14/01
Reading configuration from file '/pm_data/benchmark.read9.large'
Creating subdirectories...Done
Creating files...Done
Performing transactions..........Done
Time:
	5 seconds total
	5 seconds of transactions (40000 per second)

Files:
	2000 created (400 per second)
		Creation alone: 1000 files (1000 per second)
		Mixed with transactions: 1000 files (200 per second)
	180023 read (36004 per second)
	17470 appended (3494 per second)
	2000 deleted (400 per second)
		Deletion alone: 0 files (0 per second)
		Mixed with transactions: 0 files (0 per second)

Data:
	20557.17 megabytes read (4111.43 megabytes per second)
	249.26 megabytes written (49.85 megabytes per second)

=== main() of "bin/postmark.nabla" returned 0 ===

=== _exit(0) called ===
rump kernel halting...
syncing disks... done
unmounting file systems...
unmounted tmpfs on /tmp type tmpfs
unmounted /dev//dev/ld0a on /pm_data type lfs
unmounted rumpfs on / type rumpfs
unmounting done
halted
Solo5: solo5_exit(0) called

real	0m6.577s
user	0m5.552s
sys	0m0.923s
200000
8.17815740
workload=read9.large
location=/mnt.ext4/pm_data
logfile=/mnt.ext4/log.lfs
regular file (5): benchmark.read9.large
ukvm-bin.seccomp: postmark-split.nabla: Warning: phdr[0] requests WRITE and EXEC permissions
            |      ___|
  __|  _ \  |  _ \ __ \
\__ \ (   | | (   |  ) |
____/\___/ _|\___/____/
Solo5: Memory map: 1024 MB addressable:
Solo5:     unused @ (0x0 - 0xfffff)
Solo5:       text @ (0x100000 - 0x2b0a13)
Solo5:     rodata @ (0x2b0a14 - 0x2e08f7)
Solo5:       data @ (0x2e08f8 - 0x3a8047)
Solo5:       heap >= 0x3a9000 < stack < 0x40000000
rump kernel bare metal bootstrap

Copyright (c) 1996, 1997, 1998, 1999, 2000, 2001, 2002, 2003, 2004, 2005,
    2006, 2007, 2008, 2009, 2010, 2011, 2012, 2013, 2014, 2015, 2016
    The NetBSD Foundation, Inc.  All rights reserved.
Copyright (c) 1982, 1986, 1989, 1991, 1993
    The Regents of the University of California.  All rights reserved.

NetBSD 7.99.34 (RUMP-ROAST)
total memory = 510 MB
timecounter: Timecounters tick every 1.000 msec
timecounter: Timecounter "clockinterrupt" frequency 1000 Hz quality 0
cpu0 at thinair0: rump virtual cpu
root file system type: rumpfs
kern.module.path=/stand/amd64/7.99.34/modules
mainbus0 (root)
timecounter: Timecounter "bmktc" frequency 1000000000 Hz quality 100
ukvmif0: Ethernet address 8a:7c:fa:e3:f3:00
/dev//dev/ld0a: hostpath XENBLK_/dev/ld0a (4096 MB)
WARNING: the log-structured file system is experimental
WARNING: it may cause system crashes and/or corrupt data
mounted tmpfs on /tmp

=== calling "bin/postmark.nabla" main() ===

PostMark v1.51 : 8/14/01
Reading configuration from file '/pm_data/benchmark.read9.large'
Creating subdirectories...Done
Creating files...Done
Performing transactions..........Done
Time:
	5 seconds total
	5 seconds of transactions (40000 per second)

Files:
	2000 created (400 per second)
		Creation alone: 1000 files (1000 per second)
		Mixed with transactions: 1000 files (200 per second)
	180023 read (36004 per second)
	17470 appended (3494 per second)
	2000 deleted (400 per second)
		Deletion alone: 0 files (0 per second)
		Mixed with transactions: 0 files (0 per second)

Data:
	20557.17 megabytes read (4111.43 megabytes per second)
	249.26 megabytes written (49.85 megabytes per second)

=== main() of "bin/postmark.nabla" returned 0 ===

=== _exit(0) called ===
rump kernel halting...
syncing disks... done
unmounting file systems...
unmounted tmpfs on /tmp type tmpfs
unmounted /dev//dev/ld0a on /pm_data type lfs
unmounted rumpfs on / type rumpfs
unmounting done
halted
Solo5: solo5_exit(0) called

real	0m6.703s
user	0m5.563s
sys	0m0.954s
200000
7.02136056
workload=read9.large
location=/mnt.ext4/pm_data
logfile=/mnt.ext4/log.lfs
regular file (5): benchmark.read9.large
ukvm-bin.seccomp: postmark-split.nabla: Warning: phdr[0] requests WRITE and EXEC permissions
            |      ___|
  __|  _ \  |  _ \ __ \
\__ \ (   | | (   |  ) |
____/\___/ _|\___/____/
Solo5: Memory map: 1024 MB addressable:
Solo5:     unused @ (0x0 - 0xfffff)
Solo5:       text @ (0x100000 - 0x2b0a13)
Solo5:     rodata @ (0x2b0a14 - 0x2e08f7)
Solo5:       data @ (0x2e08f8 - 0x3a8047)
Solo5:       heap >= 0x3a9000 < stack < 0x40000000
rump kernel bare metal bootstrap

Copyright (c) 1996, 1997, 1998, 1999, 2000, 2001, 2002, 2003, 2004, 2005,
    2006, 2007, 2008, 2009, 2010, 2011, 2012, 2013, 2014, 2015, 2016
    The NetBSD Foundation, Inc.  All rights reserved.
Copyright (c) 1982, 1986, 1989, 1991, 1993
    The Regents of the University of California.  All rights reserved.

NetBSD 7.99.34 (RUMP-ROAST)
total memory = 510 MB
timecounter: Timecounters tick every 1.000 msec
timecounter: Timecounter "clockinterrupt" frequency 1000 Hz quality 0
cpu0 at thinair0: rump virtual cpu
root file system type: rumpfs
kern.module.path=/stand/amd64/7.99.34/modules
mainbus0 (root)
timecounter: Timecounter "bmktc" frequency 1000000000 Hz quality 100
ukvmif0: Ethernet address ea:7c:a9:00:79:d0
/dev//dev/ld0a: hostpath XENBLK_/dev/ld0a (4096 MB)
WARNING: the log-structured file system is experimental
WARNING: it may cause system crashes and/or corrupt data
mounted tmpfs on /tmp

=== calling "bin/postmark.nabla" main() ===

PostMark v1.51 : 8/14/01
Reading configuration from file '/pm_data/benchmark.read9.large'
Creating subdirectories...Done
Creating files...Done
Performing transactions..........Done
Time:
	5 seconds total
	5 seconds of transactions (40000 per second)

Files:
	2000 created (400 per second)
		Creation alone: 1000 files (1000 per second)
		Mixed with transactions: 1000 files (200 per second)
	180023 read (36004 per second)
	17470 appended (3494 per second)
	2000 deleted (400 per second)
		Deletion alone: 0 files (0 per second)
		Mixed with transactions: 0 files (0 per second)

Data:
	20557.17 megabytes read (4111.43 megabytes per second)
	249.26 megabytes written (49.85 megabytes per second)

=== main() of "bin/postmark.nabla" returned 0 ===

=== _exit(0) called ===
rump kernel halting...
syncing disks... done
unmounting file systems...
unmounted tmpfs on /tmp type tmpfs
unmounted /dev//dev/ld0a on /pm_data type lfs
unmounted rumpfs on / type rumpfs
unmounting done
halted
Solo5: solo5_exit(0) called

real	0m6.548s
user	0m5.572s
sys	0m0.856s
200000
6.62781245
