workload=read5.large
location=/var/lib/docker/pm_data
logfile=/var/lib/docker/log.lfs
regular file (5): benchmark.read5.small
regular file (6): benchmark.read1.med
regular file (7): benchmark.read5.large
regular file (8): benchmark.read1.large
regular file (9): benchmark.read9.small
regular file (10): benchmark.read9.med
regular file (11): benchmark.read9.large
regular file (12): benchmark.read5.med
regular file (13): benchmark.read1.small
ukvm-bin.seccomp: postmark-split.nabla: Warning: phdr[0] requests WRITE and EXEC permissions
            |      ___|
  __|  _ \  |  _ \ __ \
\__ \ (   | | (   |  ) |
____/\___/ _|\___/____/
Solo5: Memory map: 1024 MB addressable:
Solo5:     unused @ (0x0 - 0xfffff)
Solo5:       text @ (0x100000 - 0x2f0673)
Solo5:     rodata @ (0x2f0674 - 0x33725f)
Solo5:       data @ (0x337260 - 0x404c27)
Solo5:       heap >= 0x405000 < stack < 0x40000000
rump kernel bare metal bootstrap

Copyright (c) 1996, 1997, 1998, 1999, 2000, 2001, 2002, 2003, 2004, 2005,
    2006, 2007, 2008, 2009, 2010, 2011, 2012, 2013, 2014, 2015, 2016
    The NetBSD Foundation, Inc.  All rights reserved.
Copyright (c) 1982, 1986, 1989, 1991, 1993
    The Regents of the University of California.  All rights reserved.

NetBSD 7.99.34 (RUMP-ROAST)
total memory = 509 MB
timecounter: Timecounters tick every 10.000 msec
timecounter: Timecounter "clockinterrupt" frequency 100 Hz quality 0
cpu0 at thinair0: rump virtual cpu
root file system type: rumpfs
kern.module.path=/stand/amd64/7.99.34/modules
mainbus0 (root)
timecounter: Timecounter "bmktc" frequency 1000000000 Hz quality 100
ukvmif0: Ethernet address 2e:98:76:3f:8b:91
/dev//dev/ld0a: hostpath XENBLK_/dev/ld0a (4096 MB)
WARNING: the log-structured file system is experimental
WARNING: it may cause system crashes and/or corrupt data
mounted tmpfs on /tmp

=== calling "bin/postmark.nabla" main() ===

PostMark v1.51 : 8/14/01
Reading configuration from file '/pm_data/benchmark.read5.large'
Creating files...Done
Performing transactions...run_single_lfs.sh: line 34: 25729 Segmentation fault      ./ukvm-bin.seccomp --disk=${logfile} --net=tap100 postmark-split.nabla '{"cmdline":"bin/postmark.nabla /pm_data/benchmark.'${workload}'","net":{"if":"ukvmif0","cloner":"True","type":"inet","method":"static","addr":"10.0.0.2","mask":"16"},"blk":{"source":"etfs","path":"/dev/ld0a","fstype":"blk","mountpoint":"/pm_data"}}'

real	0m0.755s
user	0m0.533s
sys	0m0.148s
20000
.75626476
workload=read5.large
location=/var/lib/docker/pm_data
logfile=/var/lib/docker/log.lfs
regular file (5): benchmark.read5.small
regular file (6): benchmark.read1.med
regular file (7): benchmark.read5.large
regular file (8): benchmark.read1.large
regular file (9): benchmark.read9.small
regular file (10): benchmark.read9.med
regular file (11): benchmark.read9.large
regular file (12): benchmark.read5.med
regular file (13): benchmark.read1.small
ukvm-bin.seccomp: postmark-split.nabla: Warning: phdr[0] requests WRITE and EXEC permissions
            |      ___|
  __|  _ \  |  _ \ __ \
\__ \ (   | | (   |  ) |
____/\___/ _|\___/____/
Solo5: Memory map: 1024 MB addressable:
Solo5:     unused @ (0x0 - 0xfffff)
Solo5:       text @ (0x100000 - 0x2f0673)
Solo5:     rodata @ (0x2f0674 - 0x33725f)
Solo5:       data @ (0x337260 - 0x404c27)
Solo5:       heap >= 0x405000 < stack < 0x40000000
rump kernel bare metal bootstrap

Copyright (c) 1996, 1997, 1998, 1999, 2000, 2001, 2002, 2003, 2004, 2005,
    2006, 2007, 2008, 2009, 2010, 2011, 2012, 2013, 2014, 2015, 2016
    The NetBSD Foundation, Inc.  All rights reserved.
Copyright (c) 1982, 1986, 1989, 1991, 1993
    The Regents of the University of California.  All rights reserved.

NetBSD 7.99.34 (RUMP-ROAST)
total memory = 509 MB
timecounter: Timecounters tick every 10.000 msec
timecounter: Timecounter "clockinterrupt" frequency 100 Hz quality 0
cpu0 at thinair0: rump virtual cpu
root file system type: rumpfs
kern.module.path=/stand/amd64/7.99.34/modules
mainbus0 (root)
timecounter: Timecounter "bmktc" frequency 1000000000 Hz quality 100
ukvmif0: Ethernet address d2:df:45:51:52:18
/dev//dev/ld0a: hostpath XENBLK_/dev/ld0a (4096 MB)
WARNING: the log-structured file system is experimental
WARNING: it may cause system crashes and/or corrupt data
mounted tmpfs on /tmp

=== calling "bin/postmark.nabla" main() ===

PostMark v1.51 : 8/14/01
Reading configuration from file '/pm_data/benchmark.read5.large'
Creating files...Done
Performing transactions...run_single_lfs.sh: line 34: 25747 Segmentation fault      ./ukvm-bin.seccomp --disk=${logfile} --net=tap100 postmark-split.nabla '{"cmdline":"bin/postmark.nabla /pm_data/benchmark.'${workload}'","net":{"if":"ukvmif0","cloner":"True","type":"inet","method":"static","addr":"10.0.0.2","mask":"16"},"blk":{"source":"etfs","path":"/dev/ld0a","fstype":"blk","mountpoint":"/pm_data"}}'

real	0m0.720s
user	0m0.527s
sys	0m0.144s
20000
.72165764
workload=read5.large
location=/var/lib/docker/pm_data
logfile=/var/lib/docker/log.lfs
regular file (5): benchmark.read5.small
regular file (6): benchmark.read1.med
regular file (7): benchmark.read5.large
regular file (8): benchmark.read1.large
regular file (9): benchmark.read9.small
regular file (10): benchmark.read9.med
regular file (11): benchmark.read9.large
regular file (12): benchmark.read5.med
regular file (13): benchmark.read1.small
ukvm-bin.seccomp: postmark-split.nabla: Warning: phdr[0] requests WRITE and EXEC permissions
            |      ___|
  __|  _ \  |  _ \ __ \
\__ \ (   | | (   |  ) |
____/\___/ _|\___/____/
Solo5: Memory map: 1024 MB addressable:
Solo5:     unused @ (0x0 - 0xfffff)
Solo5:       text @ (0x100000 - 0x2f0673)
Solo5:     rodata @ (0x2f0674 - 0x33725f)
Solo5:       data @ (0x337260 - 0x404c27)
Solo5:       heap >= 0x405000 < stack < 0x40000000
rump kernel bare metal bootstrap

Copyright (c) 1996, 1997, 1998, 1999, 2000, 2001, 2002, 2003, 2004, 2005,
    2006, 2007, 2008, 2009, 2010, 2011, 2012, 2013, 2014, 2015, 2016
    The NetBSD Foundation, Inc.  All rights reserved.
Copyright (c) 1982, 1986, 1989, 1991, 1993
    The Regents of the University of California.  All rights reserved.

NetBSD 7.99.34 (RUMP-ROAST)
total memory = 509 MB
timecounter: Timecounters tick every 10.000 msec
timecounter: Timecounter "clockinterrupt" frequency 100 Hz quality 0
cpu0 at thinair0: rump virtual cpu
root file system type: rumpfs
kern.module.path=/stand/amd64/7.99.34/modules
mainbus0 (root)
timecounter: Timecounter "bmktc" frequency 1000000000 Hz quality 100
ukvmif0: Ethernet address 76:72:d0:ef:48:d2
/dev//dev/ld0a: hostpath XENBLK_/dev/ld0a (4096 MB)
WARNING: the log-structured file system is experimental
WARNING: it may cause system crashes and/or corrupt data
mounted tmpfs on /tmp

=== calling "bin/postmark.nabla" main() ===

PostMark v1.51 : 8/14/01
Reading configuration from file '/pm_data/benchmark.read5.large'
Creating files...Done
Performing transactions...run_single_lfs.sh: line 34: 25765 Segmentation fault      ./ukvm-bin.seccomp --disk=${logfile} --net=tap100 postmark-split.nabla '{"cmdline":"bin/postmark.nabla /pm_data/benchmark.'${workload}'","net":{"if":"ukvmif0","cloner":"True","type":"inet","method":"static","addr":"10.0.0.2","mask":"16"},"blk":{"source":"etfs","path":"/dev/ld0a","fstype":"blk","mountpoint":"/pm_data"}}'

real	0m0.712s
user	0m0.486s
sys	0m0.175s
20000
.71319655
workload=read5.large
location=/var/lib/docker/pm_data
logfile=/var/lib/docker/log.lfs
regular file (5): benchmark.read5.small
regular file (6): benchmark.read1.med
regular file (7): benchmark.read5.large
regular file (8): benchmark.read1.large
regular file (9): benchmark.read9.small
regular file (10): benchmark.read9.med
regular file (11): benchmark.read9.large
regular file (12): benchmark.read5.med
regular file (13): benchmark.read1.small
ukvm-bin.seccomp: postmark-split.nabla: Warning: phdr[0] requests WRITE and EXEC permissions
            |      ___|
  __|  _ \  |  _ \ __ \
\__ \ (   | | (   |  ) |
____/\___/ _|\___/____/
Solo5: Memory map: 1024 MB addressable:
Solo5:     unused @ (0x0 - 0xfffff)
Solo5:       text @ (0x100000 - 0x2f0673)
Solo5:     rodata @ (0x2f0674 - 0x33725f)
Solo5:       data @ (0x337260 - 0x404c27)
Solo5:       heap >= 0x405000 < stack < 0x40000000
rump kernel bare metal bootstrap

Copyright (c) 1996, 1997, 1998, 1999, 2000, 2001, 2002, 2003, 2004, 2005,
    2006, 2007, 2008, 2009, 2010, 2011, 2012, 2013, 2014, 2015, 2016
    The NetBSD Foundation, Inc.  All rights reserved.
Copyright (c) 1982, 1986, 1989, 1991, 1993
    The Regents of the University of California.  All rights reserved.

NetBSD 7.99.34 (RUMP-ROAST)
total memory = 509 MB
timecounter: Timecounters tick every 10.000 msec
timecounter: Timecounter "clockinterrupt" frequency 100 Hz quality 0
cpu0 at thinair0: rump virtual cpu
root file system type: rumpfs
kern.module.path=/stand/amd64/7.99.34/modules
mainbus0 (root)
timecounter: Timecounter "bmktc" frequency 1000000000 Hz quality 100
ukvmif0: Ethernet address 56:19:cf:3c:70:73
/dev//dev/ld0a: hostpath XENBLK_/dev/ld0a (4096 MB)
WARNING: the log-structured file system is experimental
WARNING: it may cause system crashes and/or corrupt data
mounted tmpfs on /tmp

=== calling "bin/postmark.nabla" main() ===

PostMark v1.51 : 8/14/01
Reading configuration from file '/pm_data/benchmark.read5.large'
Creating files...Done
Performing transactions...run_single_lfs.sh: line 34: 25783 Segmentation fault      ./ukvm-bin.seccomp --disk=${logfile} --net=tap100 postmark-split.nabla '{"cmdline":"bin/postmark.nabla /pm_data/benchmark.'${workload}'","net":{"if":"ukvmif0","cloner":"True","type":"inet","method":"static","addr":"10.0.0.2","mask":"16"},"blk":{"source":"etfs","path":"/dev/ld0a","fstype":"blk","mountpoint":"/pm_data"}}'

real	0m0.697s
user	0m0.539s
sys	0m0.108s
20000
.69871593
workload=read5.large
location=/var/lib/docker/pm_data
logfile=/var/lib/docker/log.lfs
regular file (5): benchmark.read5.small
regular file (6): benchmark.read1.med
regular file (7): benchmark.read5.large
regular file (8): benchmark.read1.large
regular file (9): benchmark.read9.small
regular file (10): benchmark.read9.med
regular file (11): benchmark.read9.large
regular file (12): benchmark.read5.med
regular file (13): benchmark.read1.small
ukvm-bin.seccomp: postmark-split.nabla: Warning: phdr[0] requests WRITE and EXEC permissions
            |      ___|
  __|  _ \  |  _ \ __ \
\__ \ (   | | (   |  ) |
____/\___/ _|\___/____/
Solo5: Memory map: 1024 MB addressable:
Solo5:     unused @ (0x0 - 0xfffff)
Solo5:       text @ (0x100000 - 0x2f0673)
Solo5:     rodata @ (0x2f0674 - 0x33725f)
Solo5:       data @ (0x337260 - 0x404c27)
Solo5:       heap >= 0x405000 < stack < 0x40000000
rump kernel bare metal bootstrap

Copyright (c) 1996, 1997, 1998, 1999, 2000, 2001, 2002, 2003, 2004, 2005,
    2006, 2007, 2008, 2009, 2010, 2011, 2012, 2013, 2014, 2015, 2016
    The NetBSD Foundation, Inc.  All rights reserved.
Copyright (c) 1982, 1986, 1989, 1991, 1993
    The Regents of the University of California.  All rights reserved.

NetBSD 7.99.34 (RUMP-ROAST)
total memory = 509 MB
timecounter: Timecounters tick every 10.000 msec
timecounter: Timecounter "clockinterrupt" frequency 100 Hz quality 0
cpu0 at thinair0: rump virtual cpu
root file system type: rumpfs
kern.module.path=/stand/amd64/7.99.34/modules
mainbus0 (root)
timecounter: Timecounter "bmktc" frequency 1000000000 Hz quality 100
ukvmif0: Ethernet address 26:9e:c3:37:82:b2
/dev//dev/ld0a: hostpath XENBLK_/dev/ld0a (4096 MB)
WARNING: the log-structured file system is experimental
WARNING: it may cause system crashes and/or corrupt data
mounted tmpfs on /tmp

=== calling "bin/postmark.nabla" main() ===

PostMark v1.51 : 8/14/01
Reading configuration from file '/pm_data/benchmark.read5.large'
Creating files...Done
Performing transactions...run_single_lfs.sh: line 34: 25801 Segmentation fault      ./ukvm-bin.seccomp --disk=${logfile} --net=tap100 postmark-split.nabla '{"cmdline":"bin/postmark.nabla /pm_data/benchmark.'${workload}'","net":{"if":"ukvmif0","cloner":"True","type":"inet","method":"static","addr":"10.0.0.2","mask":"16"},"blk":{"source":"etfs","path":"/dev/ld0a","fstype":"blk","mountpoint":"/pm_data"}}'

real	0m0.714s
user	0m0.504s
sys	0m0.160s
20000
.71525806
