workload=read9.large
location=/var/lib/docker/pm_data
keep=
/var/lib/docker/pm_data/benchmark.read9.large
PostMark v1.51 : 8/14/01
Reading configuration from file '/var/lib/docker/pm_data/benchmark.read9.large'
Creating files...Done
Performing transactions..........Done
Time:
	1 seconds total
	1 seconds of transactions (20000 per second)

Files:
	2000 created (2000 per second)
		Creation alone: 1000 files (1000 per second)
		Mixed with transactions: 1000 files (1000 per second)
	17964 read (17964 per second)
	2035 appended (2035 per second)
	2000 deleted (2000 per second)
		Deletion alone: -32678 files (-32678 per second)
		Mixed with transactions: 32678 files (32678 per second)

Data:
	1465.61 megabytes read (1465.61 megabytes per second)
	183.62 megabytes written (183.62 megabytes per second)
Current configuration is:
The base number of files is 1000
Transactions: 20000
Files range between 16.00 kilobytes and 128.00 kilobytes in size
Working directory: 
	/var/lib/docker/pm_data (weight=1)
Block sizes are: read=16.00 kilobytes, write=16.00 kilobytes
Biases are: read/append=9, create/delete=10
Not using Unix buffered file I/O
Random number generator seed is 12
Report format is verbose.

real	0m0.416s
user	0m0.112s
sys	0m0.301s
20000
.41757108
workload=read9.large
location=/var/lib/docker/pm_data
keep=
/var/lib/docker/pm_data/benchmark.read9.large
PostMark v1.51 : 8/14/01
Reading configuration from file '/var/lib/docker/pm_data/benchmark.read9.large'
Creating files...Done
Performing transactions..........Done
Time:
	1 seconds total
	1 seconds of transactions (20000 per second)

Files:
	2000 created (2000 per second)
		Creation alone: 1000 files (1000 per second)
		Mixed with transactions: 1000 files (1000 per second)
	17964 read (17964 per second)
	2035 appended (2035 per second)
	2000 deleted (2000 per second)
		Deletion alone: -32525 files (-32525 per second)
		Mixed with transactions: 32525 files (32525 per second)

Data:
	1465.61 megabytes read (1465.61 megabytes per second)
	183.62 megabytes written (183.62 megabytes per second)
Current configuration is:
The base number of files is 1000
Transactions: 20000
Files range between 16.00 kilobytes and 128.00 kilobytes in size
Working directory: 
	/var/lib/docker/pm_data (weight=1)
Block sizes are: read=16.00 kilobytes, write=16.00 kilobytes
Biases are: read/append=9, create/delete=10
Not using Unix buffered file I/O
Random number generator seed is 12
Report format is verbose.

real	0m0.421s
user	0m0.112s
sys	0m0.307s
20000
.42318624
workload=read9.large
location=/var/lib/docker/pm_data
keep=
/var/lib/docker/pm_data/benchmark.read9.large
PostMark v1.51 : 8/14/01
Reading configuration from file '/var/lib/docker/pm_data/benchmark.read9.large'
Creating files...Done
Performing transactions..........Done
Time:
	1 seconds total
	1 seconds of transactions (20000 per second)

Files:
	2000 created (2000 per second)
		Creation alone: 1000 files (1000 per second)
		Mixed with transactions: 1000 files (1000 per second)
	17964 read (17964 per second)
	2035 appended (2035 per second)
	2000 deleted (2000 per second)
		Deletion alone: -32569 files (-32569 per second)
		Mixed with transactions: 32569 files (32569 per second)

Data:
	1465.61 megabytes read (1465.61 megabytes per second)
	183.62 megabytes written (183.62 megabytes per second)
Current configuration is:
The base number of files is 1000
Transactions: 20000
Files range between 16.00 kilobytes and 128.00 kilobytes in size
Working directory: 
	/var/lib/docker/pm_data (weight=1)
Block sizes are: read=16.00 kilobytes, write=16.00 kilobytes
Biases are: read/append=9, create/delete=10
Not using Unix buffered file I/O
Random number generator seed is 12
Report format is verbose.

real	0m0.470s
user	0m0.103s
sys	0m0.333s
20000
.47129496
workload=read9.large
location=/var/lib/docker/pm_data
keep=
/var/lib/docker/pm_data/benchmark.read9.large
PostMark v1.51 : 8/14/01
Reading configuration from file '/var/lib/docker/pm_data/benchmark.read9.large'
Creating files...Done
Performing transactions..........Done
Time:
	1 seconds total
	1 seconds of transactions (20000 per second)

Files:
	2000 created (2000 per second)
		Creation alone: 1000 files (1000 per second)
		Mixed with transactions: 1000 files (1000 per second)
	17964 read (17964 per second)
	2035 appended (2035 per second)
	2000 deleted (2000 per second)
		Deletion alone: -32515 files (-32515 per second)
		Mixed with transactions: 32515 files (32515 per second)

Data:
	1465.61 megabytes read (1465.61 megabytes per second)
	183.62 megabytes written (183.62 megabytes per second)
Current configuration is:
The base number of files is 1000
Transactions: 20000
Files range between 16.00 kilobytes and 128.00 kilobytes in size
Working directory: 
	/var/lib/docker/pm_data (weight=1)
Block sizes are: read=16.00 kilobytes, write=16.00 kilobytes
Biases are: read/append=9, create/delete=10
Not using Unix buffered file I/O
Random number generator seed is 12
Report format is verbose.

real	0m0.424s
user	0m0.096s
sys	0m0.323s
20000
.42593898
workload=read9.large
location=/var/lib/docker/pm_data
keep=
/var/lib/docker/pm_data/benchmark.read9.large
PostMark v1.51 : 8/14/01
Reading configuration from file '/var/lib/docker/pm_data/benchmark.read9.large'
Creating files...Done
Performing transactions..........Done
Time:
	1 seconds total
	1 seconds of transactions (20000 per second)

Files:
	2000 created (2000 per second)
		Creation alone: 1000 files (1000 per second)
		Mixed with transactions: 1000 files (1000 per second)
	17964 read (17964 per second)
	2035 appended (2035 per second)
	2000 deleted (2000 per second)
		Deletion alone: -32691 files (-32691 per second)
		Mixed with transactions: 32691 files (32691 per second)

Data:
	1465.61 megabytes read (1465.61 megabytes per second)
	183.62 megabytes written (183.62 megabytes per second)
Current configuration is:
The base number of files is 1000
Transactions: 20000
Files range between 16.00 kilobytes and 128.00 kilobytes in size
Working directory: 
	/var/lib/docker/pm_data (weight=1)
Block sizes are: read=16.00 kilobytes, write=16.00 kilobytes
Biases are: read/append=9, create/delete=10
Not using Unix buffered file I/O
Random number generator seed is 12
Report format is verbose.

real	0m0.435s
user	0m0.135s
sys	0m0.275s
20000
.43647142
