workload=read5.large
location=/var/lib/docker/pm_data
keep=
/var/lib/docker/pm_data/benchmark.read5.large
PostMark v1.51 : 8/14/01
Reading configuration from file '/var/lib/docker/pm_data/benchmark.read5.large'
Creating files...Done
Performing transactions..........Done
Time:
	1 seconds total
	1 seconds of transactions (20000 per second)

Files:
	2000 created (2000 per second)
		Creation alone: 1000 files (1000 per second)
		Mixed with transactions: 1000 files (1000 per second)
	10046 read (10046 per second)
	9785 appended (9785 per second)
	2000 deleted (2000 per second)
		Deletion alone: -32622 files (-32622 per second)
		Mixed with transactions: 32622 files (32622 per second)

Data:
	1051.91 megabytes read (1051.91 megabytes per second)
	241.06 megabytes written (241.06 megabytes per second)
Current configuration is:
The base number of files is 1000
Transactions: 20000
Files range between 16.00 kilobytes and 128.00 kilobytes in size
Working directory: 
	/var/lib/docker/pm_data (weight=1)
Block sizes are: read=16.00 kilobytes, write=16.00 kilobytes
Biases are: read/append=5, create/delete=10
Not using Unix buffered file I/O
Random number generator seed is 12
Report format is verbose.

real	0m0.391s
user	0m0.107s
sys	0m0.282s
20000
.39274663
workload=read5.large
location=/var/lib/docker/pm_data
keep=
/var/lib/docker/pm_data/benchmark.read5.large
PostMark v1.51 : 8/14/01
Reading configuration from file '/var/lib/docker/pm_data/benchmark.read5.large'
Creating files...Done
Performing transactions..........Done
Time:
	1 seconds total
	1 seconds of transactions (20000 per second)

Files:
	2000 created (2000 per second)
		Creation alone: 1000 files (1000 per second)
		Mixed with transactions: 1000 files (1000 per second)
	10046 read (10046 per second)
	9785 appended (9785 per second)
	2000 deleted (2000 per second)
		Deletion alone: -32609 files (-32609 per second)
		Mixed with transactions: 32609 files (32609 per second)

Data:
	1051.91 megabytes read (1051.91 megabytes per second)
	241.06 megabytes written (241.06 megabytes per second)
Current configuration is:
The base number of files is 1000
Transactions: 20000
Files range between 16.00 kilobytes and 128.00 kilobytes in size
Working directory: 
	/var/lib/docker/pm_data (weight=1)
Block sizes are: read=16.00 kilobytes, write=16.00 kilobytes
Biases are: read/append=5, create/delete=10
Not using Unix buffered file I/O
Random number generator seed is 12
Report format is verbose.

real	0m0.390s
user	0m0.076s
sys	0m0.311s
20000
.39154089
workload=read5.large
location=/var/lib/docker/pm_data
keep=
/var/lib/docker/pm_data/benchmark.read5.large
PostMark v1.51 : 8/14/01
Reading configuration from file '/var/lib/docker/pm_data/benchmark.read5.large'
Creating files...Done
Performing transactions..........Done
Time:
	1 seconds total
	1 seconds of transactions (20000 per second)

Files:
	2000 created (2000 per second)
		Creation alone: 1000 files (1000 per second)
		Mixed with transactions: 1000 files (1000 per second)
	10046 read (10046 per second)
	9785 appended (9785 per second)
	2000 deleted (2000 per second)
		Deletion alone: -32545 files (-32545 per second)
		Mixed with transactions: 32545 files (32545 per second)

Data:
	1051.91 megabytes read (1051.91 megabytes per second)
	241.06 megabytes written (241.06 megabytes per second)
Current configuration is:
The base number of files is 1000
Transactions: 20000
Files range between 16.00 kilobytes and 128.00 kilobytes in size
Working directory: 
	/var/lib/docker/pm_data (weight=1)
Block sizes are: read=16.00 kilobytes, write=16.00 kilobytes
Biases are: read/append=5, create/delete=10
Not using Unix buffered file I/O
Random number generator seed is 12
Report format is verbose.

real	0m0.389s
user	0m0.105s
sys	0m0.283s
20000
.39119763
workload=read5.large
location=/var/lib/docker/pm_data
keep=
/var/lib/docker/pm_data/benchmark.read5.large
PostMark v1.51 : 8/14/01
Reading configuration from file '/var/lib/docker/pm_data/benchmark.read5.large'
Creating files...Done
Performing transactions..........Done
Time:
	1 seconds total
	1 seconds of transactions (20000 per second)

Files:
	2000 created (2000 per second)
		Creation alone: 1000 files (1000 per second)
		Mixed with transactions: 1000 files (1000 per second)
	10046 read (10046 per second)
	9785 appended (9785 per second)
	2000 deleted (2000 per second)
		Deletion alone: -32633 files (-32633 per second)
		Mixed with transactions: 32633 files (32633 per second)

Data:
	1051.91 megabytes read (1051.91 megabytes per second)
	241.06 megabytes written (241.06 megabytes per second)
Current configuration is:
The base number of files is 1000
Transactions: 20000
Files range between 16.00 kilobytes and 128.00 kilobytes in size
Working directory: 
	/var/lib/docker/pm_data (weight=1)
Block sizes are: read=16.00 kilobytes, write=16.00 kilobytes
Biases are: read/append=5, create/delete=10
Not using Unix buffered file I/O
Random number generator seed is 12
Report format is verbose.

real	0m0.390s
user	0m0.092s
sys	0m0.295s
20000
.39127136
workload=read5.large
location=/var/lib/docker/pm_data
keep=
/var/lib/docker/pm_data/benchmark.read5.large
PostMark v1.51 : 8/14/01
Reading configuration from file '/var/lib/docker/pm_data/benchmark.read5.large'
Creating files...Done
Performing transactions..........Done
Time:
	1 seconds total
	1 seconds of transactions (20000 per second)

Files:
	2000 created (2000 per second)
		Creation alone: 1000 files (1000 per second)
		Mixed with transactions: 1000 files (1000 per second)
	10046 read (10046 per second)
	9785 appended (9785 per second)
	2000 deleted (2000 per second)
		Deletion alone: -32697 files (-32697 per second)
		Mixed with transactions: 32697 files (32697 per second)

Data:
	1051.91 megabytes read (1051.91 megabytes per second)
	241.06 megabytes written (241.06 megabytes per second)
Current configuration is:
The base number of files is 1000
Transactions: 20000
Files range between 16.00 kilobytes and 128.00 kilobytes in size
Working directory: 
	/var/lib/docker/pm_data (weight=1)
Block sizes are: read=16.00 kilobytes, write=16.00 kilobytes
Biases are: read/append=5, create/delete=10
Not using Unix buffered file I/O
Random number generator seed is 12
Report format is verbose.

real	0m0.387s
user	0m0.084s
sys	0m0.302s
20000
.38913905
