workload=read1.med
location=/mnt.ext4/pm_data
keep=
/mnt.ext4/pm_data/benchmark.read1.med
PostMark v1.51 : 8/14/01
Reading configuration from file '/mnt.ext4/pm_data/benchmark.read1.med'
Creating subdirectories...Done
Creating files...Done
Performing transactions..........Done
Deleting files...Done
Deleting subdirectories...Done
Time:
	5 seconds total
	5 seconds of transactions (200000 per second)

Files:
	2000 created (400 per second)
		Creation alone: 1000 files (1000 per second)
		Mixed with transactions: 1000 files (200 per second)
	100015 read (20003 per second)
	19511 appended (3902 per second)
	2000 deleted (400 per second)
		Deletion alone: 2000 files (2000 per second)
		Mixed with transactions: 0 files (0 per second)

Data:
	3119.51 megabytes read (623.90 megabytes per second)
	62.50 megabytes written (12.50 megabytes per second)
Current configuration is:
The base number of files is 1000
Transactions: 1000000
Files range between 4.00 kilobytes and 32.00 kilobytes in size
Working directory: 
	/mnt.ext4/pm_data (weight=1)
100 subdirectories will be used
Block sizes are: read=4.00 kilobytes, write=4.00 kilobytes
Biases are: read/append=1, create/delete=10
Not using Unix buffered file I/O
Random number generator seed is 12
Report format is verbose.

real	0m5.256s
user	0m4.445s
sys	0m0.803s
1000000
5.30342368
workload=read1.med
location=/mnt.ext4/pm_data
keep=
/mnt.ext4/pm_data/benchmark.read1.med
PostMark v1.51 : 8/14/01
Reading configuration from file '/mnt.ext4/pm_data/benchmark.read1.med'
Creating subdirectories...Done
Creating files...Done
Performing transactions..........Done
Deleting files...Done
Deleting subdirectories...Done
Time:
	5 seconds total
	5 seconds of transactions (200000 per second)

Files:
	2000 created (400 per second)
		Creation alone: 1000 files (1000 per second)
		Mixed with transactions: 1000 files (200 per second)
	100015 read (20003 per second)
	19511 appended (3902 per second)
	2000 deleted (400 per second)
		Deletion alone: 2000 files (2000 per second)
		Mixed with transactions: 0 files (0 per second)

Data:
	3119.51 megabytes read (623.90 megabytes per second)
	62.50 megabytes written (12.50 megabytes per second)
Current configuration is:
The base number of files is 1000
Transactions: 1000000
Files range between 4.00 kilobytes and 32.00 kilobytes in size
Working directory: 
	/mnt.ext4/pm_data (weight=1)
100 subdirectories will be used
Block sizes are: read=4.00 kilobytes, write=4.00 kilobytes
Biases are: read/append=1, create/delete=10
Not using Unix buffered file I/O
Random number generator seed is 12
Report format is verbose.

real	0m5.284s
user	0m4.439s
sys	0m0.839s
1000000
5.37750373
workload=read1.med
location=/mnt.ext4/pm_data
keep=
/mnt.ext4/pm_data/benchmark.read1.med
PostMark v1.51 : 8/14/01
Reading configuration from file '/mnt.ext4/pm_data/benchmark.read1.med'
Creating subdirectories...Done
Creating files...Done
Performing transactions..........Done
Deleting files...Done
Deleting subdirectories...Done
Time:
	5 seconds total
	5 seconds of transactions (200000 per second)

Files:
	2000 created (400 per second)
		Creation alone: 1000 files (1000 per second)
		Mixed with transactions: 1000 files (200 per second)
	100015 read (20003 per second)
	19511 appended (3902 per second)
	2000 deleted (400 per second)
		Deletion alone: 2000 files (2000 per second)
		Mixed with transactions: 0 files (0 per second)

Data:
	3119.51 megabytes read (623.90 megabytes per second)
	62.50 megabytes written (12.50 megabytes per second)
Current configuration is:
The base number of files is 1000
Transactions: 1000000
Files range between 4.00 kilobytes and 32.00 kilobytes in size
Working directory: 
	/mnt.ext4/pm_data (weight=1)
100 subdirectories will be used
Block sizes are: read=4.00 kilobytes, write=4.00 kilobytes
Biases are: read/append=1, create/delete=10
Not using Unix buffered file I/O
Random number generator seed is 12
Report format is verbose.

real	0m5.248s
user	0m4.384s
sys	0m0.859s
1000000
5.26284462
workload=read1.med
location=/mnt.ext4/pm_data
keep=
/mnt.ext4/pm_data/benchmark.read1.med
PostMark v1.51 : 8/14/01
Reading configuration from file '/mnt.ext4/pm_data/benchmark.read1.med'
Creating subdirectories...Done
Creating files...Done
Performing transactions..........Done
Deleting files...Done
Deleting subdirectories...Done
Time:
	5 seconds total
	5 seconds of transactions (200000 per second)

Files:
	2000 created (400 per second)
		Creation alone: 1000 files (1000 per second)
		Mixed with transactions: 1000 files (200 per second)
	100015 read (20003 per second)
	19511 appended (3902 per second)
	2000 deleted (400 per second)
		Deletion alone: 2000 files (2000 per second)
		Mixed with transactions: 0 files (0 per second)

Data:
	3119.51 megabytes read (623.90 megabytes per second)
	62.50 megabytes written (12.50 megabytes per second)
Current configuration is:
The base number of files is 1000
Transactions: 1000000
Files range between 4.00 kilobytes and 32.00 kilobytes in size
Working directory: 
	/mnt.ext4/pm_data (weight=1)
100 subdirectories will be used
Block sizes are: read=4.00 kilobytes, write=4.00 kilobytes
Biases are: read/append=1, create/delete=10
Not using Unix buffered file I/O
Random number generator seed is 12
Report format is verbose.

real	0m5.247s
user	0m4.386s
sys	0m0.856s
1000000
5.26928233
workload=read1.med
location=/mnt.ext4/pm_data
keep=
/mnt.ext4/pm_data/benchmark.read1.med
PostMark v1.51 : 8/14/01
Reading configuration from file '/mnt.ext4/pm_data/benchmark.read1.med'
Creating subdirectories...Done
Creating files...Done
Performing transactions..........Done
Deleting files...Done
Deleting subdirectories...Done
Time:
	5 seconds total
	5 seconds of transactions (200000 per second)

Files:
	2000 created (400 per second)
		Creation alone: 1000 files (1000 per second)
		Mixed with transactions: 1000 files (200 per second)
	100015 read (20003 per second)
	19511 appended (3902 per second)
	2000 deleted (400 per second)
		Deletion alone: 2000 files (2000 per second)
		Mixed with transactions: 0 files (0 per second)

Data:
	3119.51 megabytes read (623.90 megabytes per second)
	62.50 megabytes written (12.50 megabytes per second)
Current configuration is:
The base number of files is 1000
Transactions: 1000000
Files range between 4.00 kilobytes and 32.00 kilobytes in size
Working directory: 
	/mnt.ext4/pm_data (weight=1)
100 subdirectories will be used
Block sizes are: read=4.00 kilobytes, write=4.00 kilobytes
Biases are: read/append=1, create/delete=10
Not using Unix buffered file I/O
Random number generator seed is 12
Report format is verbose.

real	0m5.262s
user	0m4.465s
sys	0m0.791s
1000000
5.33219768
