workload=read9.med
location=/var/lib/docker/pm_data
keep=
/var/lib/docker/pm_data/benchmark.read9.med
PostMark v1.51 : 8/14/01
Reading configuration from file '/var/lib/docker/pm_data/benchmark.read9.med'
Creating files...Done
Performing transactions..........Done
Time:
	1 seconds total
	1 seconds of transactions (100000 per second)

Files:
	2000 created (2000 per second)
		Creation alone: 1000 files (1000 per second)
		Mixed with transactions: 1000 files (1000 per second)
	89830 read (89830 per second)
	9851 appended (9851 per second)
	2000 deleted (2000 per second)
		Deletion alone: -32643 files (-32643 per second)
		Mixed with transactions: 32643 files (32643 per second)

Data:
	2360.06 megabytes read (2360.06 megabytes per second)
	60.41 megabytes written (60.41 megabytes per second)
Current configuration is:
The base number of files is 1000
Transactions: 100000
Files range between 4.00 kilobytes and 32.00 kilobytes in size
Working directory: 
	/var/lib/docker/pm_data (weight=1)
Block sizes are: read=4.00 kilobytes, write=4.00 kilobytes
Biases are: read/append=9, create/delete=10
Not using Unix buffered file I/O
Random number generator seed is 12
Report format is verbose.

real	0m1.112s
user	0m0.484s
sys	0m0.619s
100000
1.11349633
workload=read9.med
location=/var/lib/docker/pm_data
keep=
/var/lib/docker/pm_data/benchmark.read9.med
PostMark v1.51 : 8/14/01
Reading configuration from file '/var/lib/docker/pm_data/benchmark.read9.med'
Creating files...Done
Performing transactions..........Done
Time:
	1 seconds total
	1 seconds of transactions (100000 per second)

Files:
	2000 created (2000 per second)
		Creation alone: 1000 files (1000 per second)
		Mixed with transactions: 1000 files (1000 per second)
	89830 read (89830 per second)
	9851 appended (9851 per second)
	2000 deleted (2000 per second)
		Deletion alone: -32649 files (-32649 per second)
		Mixed with transactions: 32649 files (32649 per second)

Data:
	2360.06 megabytes read (2360.06 megabytes per second)
	60.41 megabytes written (60.41 megabytes per second)
Current configuration is:
The base number of files is 1000
Transactions: 100000
Files range between 4.00 kilobytes and 32.00 kilobytes in size
Working directory: 
	/var/lib/docker/pm_data (weight=1)
Block sizes are: read=4.00 kilobytes, write=4.00 kilobytes
Biases are: read/append=9, create/delete=10
Not using Unix buffered file I/O
Random number generator seed is 12
Report format is verbose.

real	0m1.117s
user	0m0.544s
sys	0m0.564s
100000
1.11896989
workload=read9.med
location=/var/lib/docker/pm_data
keep=
/var/lib/docker/pm_data/benchmark.read9.med
PostMark v1.51 : 8/14/01
Reading configuration from file '/var/lib/docker/pm_data/benchmark.read9.med'
Creating files...Done
Performing transactions..........Done
Time:
	1 seconds total
	1 seconds of transactions (100000 per second)

Files:
	2000 created (2000 per second)
		Creation alone: 1000 files (1000 per second)
		Mixed with transactions: 1000 files (1000 per second)
	89830 read (89830 per second)
	9851 appended (9851 per second)
	2000 deleted (2000 per second)
		Deletion alone: -32615 files (-32615 per second)
		Mixed with transactions: 32615 files (32615 per second)

Data:
	2360.06 megabytes read (2360.06 megabytes per second)
	60.41 megabytes written (60.41 megabytes per second)
Current configuration is:
The base number of files is 1000
Transactions: 100000
Files range between 4.00 kilobytes and 32.00 kilobytes in size
Working directory: 
	/var/lib/docker/pm_data (weight=1)
Block sizes are: read=4.00 kilobytes, write=4.00 kilobytes
Biases are: read/append=9, create/delete=10
Not using Unix buffered file I/O
Random number generator seed is 12
Report format is verbose.

real	0m1.114s
user	0m0.471s
sys	0m0.634s
100000
1.11557640
workload=read9.med
location=/var/lib/docker/pm_data
keep=
/var/lib/docker/pm_data/benchmark.read9.med
PostMark v1.51 : 8/14/01
Reading configuration from file '/var/lib/docker/pm_data/benchmark.read9.med'
Creating files...Done
Performing transactions..........Done
Time:
	1 seconds total
	1 seconds of transactions (100000 per second)

Files:
	2000 created (2000 per second)
		Creation alone: 1000 files (1000 per second)
		Mixed with transactions: 1000 files (1000 per second)
	89830 read (89830 per second)
	9851 appended (9851 per second)
	2000 deleted (2000 per second)
		Deletion alone: -32702 files (-32702 per second)
		Mixed with transactions: 32702 files (32702 per second)

Data:
	2360.06 megabytes read (2360.06 megabytes per second)
	60.41 megabytes written (60.41 megabytes per second)
Current configuration is:
The base number of files is 1000
Transactions: 100000
Files range between 4.00 kilobytes and 32.00 kilobytes in size
Working directory: 
	/var/lib/docker/pm_data (weight=1)
Block sizes are: read=4.00 kilobytes, write=4.00 kilobytes
Biases are: read/append=9, create/delete=10
Not using Unix buffered file I/O
Random number generator seed is 12
Report format is verbose.

real	0m1.119s
user	0m0.432s
sys	0m0.678s
100000
1.12060142
workload=read9.med
location=/var/lib/docker/pm_data
keep=
/var/lib/docker/pm_data/benchmark.read9.med
PostMark v1.51 : 8/14/01
Reading configuration from file '/var/lib/docker/pm_data/benchmark.read9.med'
Creating files...Done
Performing transactions..........Done
Time:
	1 seconds total
	1 seconds of transactions (100000 per second)

Files:
	2000 created (2000 per second)
		Creation alone: 1000 files (1000 per second)
		Mixed with transactions: 1000 files (1000 per second)
	89830 read (89830 per second)
	9851 appended (9851 per second)
	2000 deleted (2000 per second)
		Deletion alone: -32689 files (-32689 per second)
		Mixed with transactions: 32689 files (32689 per second)

Data:
	2360.06 megabytes read (2360.06 megabytes per second)
	60.41 megabytes written (60.41 megabytes per second)
Current configuration is:
The base number of files is 1000
Transactions: 100000
Files range between 4.00 kilobytes and 32.00 kilobytes in size
Working directory: 
	/var/lib/docker/pm_data (weight=1)
Block sizes are: read=4.00 kilobytes, write=4.00 kilobytes
Biases are: read/append=9, create/delete=10
Not using Unix buffered file I/O
Random number generator seed is 12
Report format is verbose.

real	0m1.119s
user	0m0.547s
sys	0m0.563s
100000
1.12080069
