workload=read5.small
location=/var/lib/docker/pm_data
keep=
/var/lib/docker/pm_data/benchmark.read5.small
PostMark v1.51 : 8/14/01
Reading configuration from file '/var/lib/docker/pm_data/benchmark.read5.small'
Creating files...Done
Performing transactions..........Done
Time:
	3 seconds total
	3 seconds of transactions (166666 per second)

Files:
	2000 created (666 per second)
		Creation alone: 1000 files (1000 per second)
		Mixed with transactions: 1000 files (333 per second)
	250461 read (83487 per second)
	15475 appended (5158 per second)
	2000 deleted (666 per second)
		Deletion alone: -32758 files (-32758 per second)
		Mixed with transactions: 32758 files (10919 per second)

Data:
	971.89 megabytes read (323.96 megabytes per second)
	7.81 megabytes written (2.60 megabytes per second)
Current configuration is:
The base number of files is 1000
Transactions: 500000
Files range between 512 bytes and 4.00 kilobytes in size
Working directory: 
	/var/lib/docker/pm_data (weight=1)
Block sizes are: read=512 bytes, write=512 bytes
Biases are: read/append=5, create/delete=10
Not using Unix buffered file I/O
Random number generator seed is 12
Report format is verbose.

real	0m3.473s
user	0m2.427s
sys	0m1.030s
500000
3.47500421
workload=read5.small
location=/var/lib/docker/pm_data
keep=
/var/lib/docker/pm_data/benchmark.read5.small
PostMark v1.51 : 8/14/01
Reading configuration from file '/var/lib/docker/pm_data/benchmark.read5.small'
Creating files...Done
Performing transactions..........Done
Time:
	4 seconds total
	4 seconds of transactions (125000 per second)

Files:
	2000 created (500 per second)
		Creation alone: 1000 files (1000 per second)
		Mixed with transactions: 1000 files (250 per second)
	250461 read (62615 per second)
	15475 appended (3868 per second)
	2000 deleted (500 per second)
		Deletion alone: -32638 files (-32638 per second)
		Mixed with transactions: 32638 files (8159 per second)

Data:
	971.89 megabytes read (242.97 megabytes per second)
	7.81 megabytes written (1.95 megabytes per second)
Current configuration is:
The base number of files is 1000
Transactions: 500000
Files range between 512 bytes and 4.00 kilobytes in size
Working directory: 
	/var/lib/docker/pm_data (weight=1)
Block sizes are: read=512 bytes, write=512 bytes
Biases are: read/append=5, create/delete=10
Not using Unix buffered file I/O
Random number generator seed is 12
Report format is verbose.

real	0m3.484s
user	0m2.389s
sys	0m1.079s
500000
3.48586992
workload=read5.small
location=/var/lib/docker/pm_data
keep=
/var/lib/docker/pm_data/benchmark.read5.small
PostMark v1.51 : 8/14/01
Reading configuration from file '/var/lib/docker/pm_data/benchmark.read5.small'
Creating files...Done
Performing transactions..........Done
Time:
	3 seconds total
	3 seconds of transactions (166666 per second)

Files:
	2000 created (666 per second)
		Creation alone: 1000 files (1000 per second)
		Mixed with transactions: 1000 files (333 per second)
	250461 read (83487 per second)
	15475 appended (5158 per second)
	2000 deleted (666 per second)
		Deletion alone: -32717 files (-32717 per second)
		Mixed with transactions: 32717 files (10905 per second)

Data:
	971.89 megabytes read (323.96 megabytes per second)
	7.81 megabytes written (2.60 megabytes per second)
Current configuration is:
The base number of files is 1000
Transactions: 500000
Files range between 512 bytes and 4.00 kilobytes in size
Working directory: 
	/var/lib/docker/pm_data (weight=1)
Block sizes are: read=512 bytes, write=512 bytes
Biases are: read/append=5, create/delete=10
Not using Unix buffered file I/O
Random number generator seed is 12
Report format is verbose.

real	0m3.486s
user	0m2.362s
sys	0m1.108s
500000
3.48769271
workload=read5.small
location=/var/lib/docker/pm_data
keep=
/var/lib/docker/pm_data/benchmark.read5.small
PostMark v1.51 : 8/14/01
Reading configuration from file '/var/lib/docker/pm_data/benchmark.read5.small'
Creating files...Done
Performing transactions..........Done
Time:
	4 seconds total
	4 seconds of transactions (125000 per second)

Files:
	2000 created (500 per second)
		Creation alone: 1000 files (1000 per second)
		Mixed with transactions: 1000 files (250 per second)
	250461 read (62615 per second)
	15475 appended (3868 per second)
	2000 deleted (500 per second)
		Deletion alone: -32663 files (-32663 per second)
		Mixed with transactions: 32663 files (8165 per second)

Data:
	971.89 megabytes read (242.97 megabytes per second)
	7.81 megabytes written (1.95 megabytes per second)
Current configuration is:
The base number of files is 1000
Transactions: 500000
Files range between 512 bytes and 4.00 kilobytes in size
Working directory: 
	/var/lib/docker/pm_data (weight=1)
Block sizes are: read=512 bytes, write=512 bytes
Biases are: read/append=5, create/delete=10
Not using Unix buffered file I/O
Random number generator seed is 12
Report format is verbose.

real	0m3.489s
user	0m2.366s
sys	0m1.107s
500000
3.49078991
workload=read5.small
location=/var/lib/docker/pm_data
keep=
/var/lib/docker/pm_data/benchmark.read5.small
PostMark v1.51 : 8/14/01
Reading configuration from file '/var/lib/docker/pm_data/benchmark.read5.small'
Creating files...Done
Performing transactions..........Done
Time:
	3 seconds total
	3 seconds of transactions (166666 per second)

Files:
	2000 created (666 per second)
		Creation alone: 1000 files (1000 per second)
		Mixed with transactions: 1000 files (333 per second)
	250461 read (83487 per second)
	15475 appended (5158 per second)
	2000 deleted (666 per second)
		Deletion alone: -32515 files (-32515 per second)
		Mixed with transactions: 32515 files (10838 per second)

Data:
	971.89 megabytes read (323.96 megabytes per second)
	7.81 megabytes written (2.60 megabytes per second)
Current configuration is:
The base number of files is 1000
Transactions: 500000
Files range between 512 bytes and 4.00 kilobytes in size
Working directory: 
	/var/lib/docker/pm_data (weight=1)
Block sizes are: read=512 bytes, write=512 bytes
Biases are: read/append=5, create/delete=10
Not using Unix buffered file I/O
Random number generator seed is 12
Report format is verbose.

real	0m3.494s
user	0m2.467s
sys	0m1.011s
500000
3.49547217
