workload=read9.large
location=/var/lib/docker/pm_data
keep=
/var/lib/docker/pm_data/benchmark.read9.large
PostMark v1.51 : 8/14/01
Reading configuration from file '/var/lib/docker/pm_data/benchmark.read9.large'
Creating files...Done
Performing transactions..........Done
Time:
	1 seconds total
	1 seconds of transactions (20000 per second)

Files:
	2000 created (2000 per second)
		Creation alone: 1000 files (1000 per second)
		Mixed with transactions: 1000 files (1000 per second)
	17964 read (17964 per second)
	2035 appended (2035 per second)
	2000 deleted (2000 per second)
		Deletion alone: -32664 files (-32664 per second)
		Mixed with transactions: 32664 files (32664 per second)

Data:
	1465.61 megabytes read (1465.61 megabytes per second)
	183.62 megabytes written (183.62 megabytes per second)
Current configuration is:
The base number of files is 1000
Transactions: 20000
Files range between 16.00 kilobytes and 128.00 kilobytes in size
Working directory: 
	/var/lib/docker/pm_data (weight=1)
Block sizes are: read=16.00 kilobytes, write=16.00 kilobytes
Biases are: read/append=9, create/delete=10
Not using Unix buffered file I/O
Random number generator seed is 12
Report format is verbose.

real	0m0.395s
user	0m0.103s
sys	0m0.289s
20000
.39635883
workload=read9.large
location=/var/lib/docker/pm_data
keep=
/var/lib/docker/pm_data/benchmark.read9.large
PostMark v1.51 : 8/14/01
Reading configuration from file '/var/lib/docker/pm_data/benchmark.read9.large'
Creating files...Done
Performing transactions..........Done
Time:
	1 seconds total
	1 seconds of transactions (20000 per second)

Files:
	2000 created (2000 per second)
		Creation alone: 1000 files (1000 per second)
		Mixed with transactions: 1000 files (1000 per second)
	17964 read (17964 per second)
	2035 appended (2035 per second)
	2000 deleted (2000 per second)
		Deletion alone: -32665 files (-32665 per second)
		Mixed with transactions: 32665 files (32665 per second)

Data:
	1465.61 megabytes read (1465.61 megabytes per second)
	183.62 megabytes written (183.62 megabytes per second)
Current configuration is:
The base number of files is 1000
Transactions: 20000
Files range between 16.00 kilobytes and 128.00 kilobytes in size
Working directory: 
	/var/lib/docker/pm_data (weight=1)
Block sizes are: read=16.00 kilobytes, write=16.00 kilobytes
Biases are: read/append=9, create/delete=10
Not using Unix buffered file I/O
Random number generator seed is 12
Report format is verbose.

real	0m0.394s
user	0m0.084s
sys	0m0.307s
20000
.39535023
workload=read9.large
location=/var/lib/docker/pm_data
keep=
/var/lib/docker/pm_data/benchmark.read9.large
PostMark v1.51 : 8/14/01
Reading configuration from file '/var/lib/docker/pm_data/benchmark.read9.large'
Creating files...Done
Performing transactions..........Done
Time:
	1 seconds total
	1 seconds of transactions (20000 per second)

Files:
	2000 created (2000 per second)
		Creation alone: 1000 files (1000 per second)
		Mixed with transactions: 1000 files (1000 per second)
	17964 read (17964 per second)
	2035 appended (2035 per second)
	2000 deleted (2000 per second)
		Deletion alone: -32705 files (-32705 per second)
		Mixed with transactions: 32705 files (32705 per second)

Data:
	1465.61 megabytes read (1465.61 megabytes per second)
	183.62 megabytes written (183.62 megabytes per second)
Current configuration is:
The base number of files is 1000
Transactions: 20000
Files range between 16.00 kilobytes and 128.00 kilobytes in size
Working directory: 
	/var/lib/docker/pm_data (weight=1)
Block sizes are: read=16.00 kilobytes, write=16.00 kilobytes
Biases are: read/append=9, create/delete=10
Not using Unix buffered file I/O
Random number generator seed is 12
Report format is verbose.

real	0m0.394s
user	0m0.091s
sys	0m0.301s
20000
.39617868
workload=read9.large
location=/var/lib/docker/pm_data
keep=
/var/lib/docker/pm_data/benchmark.read9.large
PostMark v1.51 : 8/14/01
Reading configuration from file '/var/lib/docker/pm_data/benchmark.read9.large'
Creating files...Done
Performing transactions..........Done
Time:
	1 seconds total
	1 seconds of transactions (20000 per second)

Files:
	2000 created (2000 per second)
		Creation alone: 1000 files (1000 per second)
		Mixed with transactions: 1000 files (1000 per second)
	17964 read (17964 per second)
	2035 appended (2035 per second)
	2000 deleted (2000 per second)
		Deletion alone: -32614 files (-32614 per second)
		Mixed with transactions: 32614 files (32614 per second)

Data:
	1465.61 megabytes read (1465.61 megabytes per second)
	183.62 megabytes written (183.62 megabytes per second)
Current configuration is:
The base number of files is 1000
Transactions: 20000
Files range between 16.00 kilobytes and 128.00 kilobytes in size
Working directory: 
	/var/lib/docker/pm_data (weight=1)
Block sizes are: read=16.00 kilobytes, write=16.00 kilobytes
Biases are: read/append=9, create/delete=10
Not using Unix buffered file I/O
Random number generator seed is 12
Report format is verbose.

real	0m0.394s
user	0m0.083s
sys	0m0.308s
20000
.39532922
workload=read9.large
location=/var/lib/docker/pm_data
keep=
/var/lib/docker/pm_data/benchmark.read9.large
PostMark v1.51 : 8/14/01
Reading configuration from file '/var/lib/docker/pm_data/benchmark.read9.large'
Creating files...Done
Performing transactions..........Done
Time:
	1 seconds total
	1 seconds of transactions (20000 per second)

Files:
	2000 created (2000 per second)
		Creation alone: 1000 files (1000 per second)
		Mixed with transactions: 1000 files (1000 per second)
	17964 read (17964 per second)
	2035 appended (2035 per second)
	2000 deleted (2000 per second)
		Deletion alone: -32588 files (-32588 per second)
		Mixed with transactions: 32588 files (32588 per second)

Data:
	1465.61 megabytes read (1465.61 megabytes per second)
	183.62 megabytes written (183.62 megabytes per second)
Current configuration is:
The base number of files is 1000
Transactions: 20000
Files range between 16.00 kilobytes and 128.00 kilobytes in size
Working directory: 
	/var/lib/docker/pm_data (weight=1)
Block sizes are: read=16.00 kilobytes, write=16.00 kilobytes
Biases are: read/append=9, create/delete=10
Not using Unix buffered file I/O
Random number generator seed is 12
Report format is verbose.

real	0m0.392s
user	0m0.104s
sys	0m0.287s
20000
.39409966
