workload=read1.med
location=/var/lib/docker/pm_data
keep=
/var/lib/docker/pm_data/benchmark.read1.med
PostMark v1.51 : 8/14/01
Reading configuration from file '/var/lib/docker/pm_data/benchmark.read1.med'
Creating files...Done
Performing transactions..........Done
Time:
	1 seconds total
	1 seconds of transactions (100000 per second)

Files:
	2000 created (2000 per second)
		Creation alone: 1000 files (1000 per second)
		Mixed with transactions: 1000 files (1000 per second)
	9912 read (9912 per second)
	19719 appended (19719 per second)
	2000 deleted (2000 per second)
		Deletion alone: -32546 files (-32546 per second)
		Mixed with transactions: 32546 files (32546 per second)

Data:
	303.34 megabytes read (303.34 megabytes per second)
	62.50 megabytes written (62.50 megabytes per second)
Current configuration is:
The base number of files is 1000
Transactions: 100000
Files range between 4.00 kilobytes and 32.00 kilobytes in size
Working directory: 
	/var/lib/docker/pm_data (weight=1)
Block sizes are: read=4.00 kilobytes, write=4.00 kilobytes
Biases are: read/append=1, create/delete=10
Not using Unix buffered file I/O
Random number generator seed is 12
Report format is verbose.

real	0m0.651s
user	0m0.390s
sys	0m0.258s
100000
.65235780
workload=read1.med
location=/var/lib/docker/pm_data
keep=
/var/lib/docker/pm_data/benchmark.read1.med
PostMark v1.51 : 8/14/01
Reading configuration from file '/var/lib/docker/pm_data/benchmark.read1.med'
Creating files...Done
Performing transactions..........Done
Time:
	1 seconds total
	1 seconds of transactions (100000 per second)

Files:
	2000 created (2000 per second)
		Creation alone: 1000 files (1000 per second)
		Mixed with transactions: 1000 files (1000 per second)
	9912 read (9912 per second)
	19719 appended (19719 per second)
	2000 deleted (2000 per second)
		Deletion alone: -32683 files (-32683 per second)
		Mixed with transactions: 32683 files (32683 per second)

Data:
	303.34 megabytes read (303.34 megabytes per second)
	62.50 megabytes written (62.50 megabytes per second)
Current configuration is:
The base number of files is 1000
Transactions: 100000
Files range between 4.00 kilobytes and 32.00 kilobytes in size
Working directory: 
	/var/lib/docker/pm_data (weight=1)
Block sizes are: read=4.00 kilobytes, write=4.00 kilobytes
Biases are: read/append=1, create/delete=10
Not using Unix buffered file I/O
Random number generator seed is 12
Report format is verbose.

real	0m0.654s
user	0m0.436s
sys	0m0.216s
100000
.65613593
workload=read1.med
location=/var/lib/docker/pm_data
keep=
/var/lib/docker/pm_data/benchmark.read1.med
PostMark v1.51 : 8/14/01
Reading configuration from file '/var/lib/docker/pm_data/benchmark.read1.med'
Creating files...Done
Performing transactions..........Done
Time:
	1 seconds total
	1 seconds of transactions (100000 per second)

Files:
	2000 created (2000 per second)
		Creation alone: 1000 files (1000 per second)
		Mixed with transactions: 1000 files (1000 per second)
	9912 read (9912 per second)
	19719 appended (19719 per second)
	2000 deleted (2000 per second)
		Deletion alone: -32615 files (-32615 per second)
		Mixed with transactions: 32615 files (32615 per second)

Data:
	303.34 megabytes read (303.34 megabytes per second)
	62.50 megabytes written (62.50 megabytes per second)
Current configuration is:
The base number of files is 1000
Transactions: 100000
Files range between 4.00 kilobytes and 32.00 kilobytes in size
Working directory: 
	/var/lib/docker/pm_data (weight=1)
Block sizes are: read=4.00 kilobytes, write=4.00 kilobytes
Biases are: read/append=1, create/delete=10
Not using Unix buffered file I/O
Random number generator seed is 12
Report format is verbose.

real	0m0.651s
user	0m0.470s
sys	0m0.179s
100000
.65305423
workload=read1.med
location=/var/lib/docker/pm_data
keep=
/var/lib/docker/pm_data/benchmark.read1.med
PostMark v1.51 : 8/14/01
Reading configuration from file '/var/lib/docker/pm_data/benchmark.read1.med'
Creating files...Done
Performing transactions..........Done
Time:
	1 seconds total
	1 seconds of transactions (100000 per second)

Files:
	2000 created (2000 per second)
		Creation alone: 1000 files (1000 per second)
		Mixed with transactions: 1000 files (1000 per second)
	9912 read (9912 per second)
	19719 appended (19719 per second)
	2000 deleted (2000 per second)
		Deletion alone: -32625 files (-32625 per second)
		Mixed with transactions: 32625 files (32625 per second)

Data:
	303.34 megabytes read (303.34 megabytes per second)
	62.50 megabytes written (62.50 megabytes per second)
Current configuration is:
The base number of files is 1000
Transactions: 100000
Files range between 4.00 kilobytes and 32.00 kilobytes in size
Working directory: 
	/var/lib/docker/pm_data (weight=1)
Block sizes are: read=4.00 kilobytes, write=4.00 kilobytes
Biases are: read/append=1, create/delete=10
Not using Unix buffered file I/O
Random number generator seed is 12
Report format is verbose.

real	0m0.656s
user	0m0.427s
sys	0m0.227s
100000
.65818820
workload=read1.med
location=/var/lib/docker/pm_data
keep=
/var/lib/docker/pm_data/benchmark.read1.med
PostMark v1.51 : 8/14/01
Reading configuration from file '/var/lib/docker/pm_data/benchmark.read1.med'
Creating files...Done
Performing transactions..........Done
Time:
	1 seconds total
	1 seconds of transactions (100000 per second)

Files:
	2000 created (2000 per second)
		Creation alone: 1000 files (1000 per second)
		Mixed with transactions: 1000 files (1000 per second)
	9912 read (9912 per second)
	19719 appended (19719 per second)
	2000 deleted (2000 per second)
		Deletion alone: -32726 files (-32726 per second)
		Mixed with transactions: 32726 files (32726 per second)

Data:
	303.34 megabytes read (303.34 megabytes per second)
	62.50 megabytes written (62.50 megabytes per second)
Current configuration is:
The base number of files is 1000
Transactions: 100000
Files range between 4.00 kilobytes and 32.00 kilobytes in size
Working directory: 
	/var/lib/docker/pm_data (weight=1)
Block sizes are: read=4.00 kilobytes, write=4.00 kilobytes
Biases are: read/append=1, create/delete=10
Not using Unix buffered file I/O
Random number generator seed is 12
Report format is verbose.

real	0m0.656s
user	0m0.462s
sys	0m0.191s
100000
.65738570
