workload=read9.small
location=/mnt.ext4/pm_data
keep=
/mnt.ext4/pm_data/benchmark.read9.small
PostMark v1.51 : 8/14/01
Reading configuration from file '/mnt.ext4/pm_data/benchmark.read9.small'
Creating subdirectories...Done
Creating files...Done
Performing transactions..........Done
Deleting files...Done
Deleting subdirectories...Done
Time:
	9 seconds total
	9 seconds of transactions (111111 per second)

Files:
	2000 created (222 per second)
		Creation alone: 1000 files (1000 per second)
		Mixed with transactions: 1000 files (111 per second)
	899969 read (99996 per second)
	15447 appended (1716 per second)
	2000 deleted (222 per second)
		Deletion alone: 2000 files (2000 per second)
		Mixed with transactions: 0 files (0 per second)

Data:
	3455.17 megabytes read (383.91 megabytes per second)
	7.81 megabytes written (888.89 kilobytes per second)
Current configuration is:
The base number of files is 1000
Transactions: 1000000
Files range between 512 bytes and 4.00 kilobytes in size
Working directory: 
	/mnt.ext4/pm_data (weight=1)
100 subdirectories will be used
Block sizes are: read=512 bytes, write=512 bytes
Biases are: read/append=9, create/delete=10
Not using Unix buffered file I/O
Random number generator seed is 12
Report format is verbose.

real	0m8.766s
user	0m5.259s
sys	0m3.448s
1000000
8.78315216
workload=read9.small
location=/mnt.ext4/pm_data
keep=
/mnt.ext4/pm_data/benchmark.read9.small
PostMark v1.51 : 8/14/01
Reading configuration from file '/mnt.ext4/pm_data/benchmark.read9.small'
Creating subdirectories...Done
Creating files...Done
Performing transactions..........Done
Deleting files...Done
Deleting subdirectories...Done
Time:
	9 seconds total
	9 seconds of transactions (111111 per second)

Files:
	2000 created (222 per second)
		Creation alone: 1000 files (1000 per second)
		Mixed with transactions: 1000 files (111 per second)
	899969 read (99996 per second)
	15447 appended (1716 per second)
	2000 deleted (222 per second)
		Deletion alone: 2000 files (2000 per second)
		Mixed with transactions: 0 files (0 per second)

Data:
	3455.17 megabytes read (383.91 megabytes per second)
	7.81 megabytes written (888.89 kilobytes per second)
Current configuration is:
The base number of files is 1000
Transactions: 1000000
Files range between 512 bytes and 4.00 kilobytes in size
Working directory: 
	/mnt.ext4/pm_data (weight=1)
100 subdirectories will be used
Block sizes are: read=512 bytes, write=512 bytes
Biases are: read/append=9, create/delete=10
Not using Unix buffered file I/O
Random number generator seed is 12
Report format is verbose.

real	0m8.774s
user	0m5.225s
sys	0m3.489s
1000000
8.84299880
workload=read9.small
location=/mnt.ext4/pm_data
keep=
/mnt.ext4/pm_data/benchmark.read9.small
PostMark v1.51 : 8/14/01
Reading configuration from file '/mnt.ext4/pm_data/benchmark.read9.small'
Creating subdirectories...Done
Creating files...Done
Performing transactions..........Done
Deleting files...Done
Deleting subdirectories...Done
Time:
	9 seconds total
	9 seconds of transactions (111111 per second)

Files:
	2000 created (222 per second)
		Creation alone: 1000 files (1000 per second)
		Mixed with transactions: 1000 files (111 per second)
	899969 read (99996 per second)
	15447 appended (1716 per second)
	2000 deleted (222 per second)
		Deletion alone: 2000 files (2000 per second)
		Mixed with transactions: 0 files (0 per second)

Data:
	3455.17 megabytes read (383.91 megabytes per second)
	7.81 megabytes written (888.89 kilobytes per second)
Current configuration is:
The base number of files is 1000
Transactions: 1000000
Files range between 512 bytes and 4.00 kilobytes in size
Working directory: 
	/mnt.ext4/pm_data (weight=1)
100 subdirectories will be used
Block sizes are: read=512 bytes, write=512 bytes
Biases are: read/append=9, create/delete=10
Not using Unix buffered file I/O
Random number generator seed is 12
Report format is verbose.

real	0m8.720s
user	0m5.150s
sys	0m3.512s
1000000
8.76969912
workload=read9.small
location=/mnt.ext4/pm_data
keep=
/mnt.ext4/pm_data/benchmark.read9.small
PostMark v1.51 : 8/14/01
Reading configuration from file '/mnt.ext4/pm_data/benchmark.read9.small'
Creating subdirectories...Done
Creating files...Done
Performing transactions..........Done
Deleting files...Done
Deleting subdirectories...Done
Time:
	9 seconds total
	9 seconds of transactions (111111 per second)

Files:
	2000 created (222 per second)
		Creation alone: 1000 files (1000 per second)
		Mixed with transactions: 1000 files (111 per second)
	899969 read (99996 per second)
	15447 appended (1716 per second)
	2000 deleted (222 per second)
		Deletion alone: 2000 files (2000 per second)
		Mixed with transactions: 0 files (0 per second)

Data:
	3455.17 megabytes read (383.91 megabytes per second)
	7.81 megabytes written (888.89 kilobytes per second)
Current configuration is:
The base number of files is 1000
Transactions: 1000000
Files range between 512 bytes and 4.00 kilobytes in size
Working directory: 
	/mnt.ext4/pm_data (weight=1)
100 subdirectories will be used
Block sizes are: read=512 bytes, write=512 bytes
Biases are: read/append=9, create/delete=10
Not using Unix buffered file I/O
Random number generator seed is 12
Report format is verbose.

real	0m8.798s
user	0m5.284s
sys	0m3.453s
1000000
8.85503566
workload=read9.small
location=/mnt.ext4/pm_data
keep=
/mnt.ext4/pm_data/benchmark.read9.small
PostMark v1.51 : 8/14/01
Reading configuration from file '/mnt.ext4/pm_data/benchmark.read9.small'
Creating subdirectories...Done
Creating files...Done
Performing transactions..........Done
Deleting files...Done
Deleting subdirectories...Done
Time:
	8 seconds total
	8 seconds of transactions (125000 per second)

Files:
	2000 created (250 per second)
		Creation alone: 1000 files (1000 per second)
		Mixed with transactions: 1000 files (125 per second)
	899969 read (112496 per second)
	15447 appended (1930 per second)
	2000 deleted (250 per second)
		Deletion alone: 2000 files (2000 per second)
		Mixed with transactions: 0 files (0 per second)

Data:
	3455.17 megabytes read (431.90 megabytes per second)
	7.81 megabytes written (1000.00 kilobytes per second)
Current configuration is:
The base number of files is 1000
Transactions: 1000000
Files range between 512 bytes and 4.00 kilobytes in size
Working directory: 
	/mnt.ext4/pm_data (weight=1)
100 subdirectories will be used
Block sizes are: read=512 bytes, write=512 bytes
Biases are: read/append=9, create/delete=10
Not using Unix buffered file I/O
Random number generator seed is 12
Report format is verbose.

real	0m8.772s
user	0m5.491s
sys	0m3.222s
1000000
8.81701540
