workload=read1.small
location=/var/lib/docker/pm_data
keep=
/var/lib/docker/pm_data/benchmark.read1.small
PostMark v1.51 : 8/14/01
Reading configuration from file '/var/lib/docker/pm_data/benchmark.read1.small'
Creating files...Done
Performing transactions..........Done
Time:
	2 seconds total
	2 seconds of transactions (250000 per second)

Files:
	2000 created (1000 per second)
		Creation alone: 1000 files (1000 per second)
		Mixed with transactions: 1000 files (500 per second)
	49957 read (24978 per second)
	15500 appended (7750 per second)
	2000 deleted (1000 per second)
		Deletion alone: -32583 files (-32583 per second)
		Mixed with transactions: 32583 files (16291 per second)

Data:
	194.41 megabytes read (97.20 megabytes per second)
	7.81 megabytes written (3.91 megabytes per second)
Current configuration is:
The base number of files is 1000
Transactions: 500000
Files range between 512 bytes and 4.00 kilobytes in size
Working directory: 
	/var/lib/docker/pm_data (weight=1)
Block sizes are: read=512 bytes, write=512 bytes
Biases are: read/append=1, create/delete=10
Not using Unix buffered file I/O
Random number generator seed is 12
Report format is verbose.

real	0m2.498s
user	0m2.242s
sys	0m0.252s
500000
2.49926997
workload=read1.small
location=/var/lib/docker/pm_data
keep=
/var/lib/docker/pm_data/benchmark.read1.small
PostMark v1.51 : 8/14/01
Reading configuration from file '/var/lib/docker/pm_data/benchmark.read1.small'
Creating files...Done
Performing transactions..........Done
Time:
	3 seconds total
	3 seconds of transactions (166666 per second)

Files:
	2000 created (666 per second)
		Creation alone: 1000 files (1000 per second)
		Mixed with transactions: 1000 files (333 per second)
	49957 read (16652 per second)
	15500 appended (5166 per second)
	2000 deleted (666 per second)
		Deletion alone: -32514 files (-32514 per second)
		Mixed with transactions: 32514 files (10838 per second)

Data:
	194.41 megabytes read (64.80 megabytes per second)
	7.81 megabytes written (2.60 megabytes per second)
Current configuration is:
The base number of files is 1000
Transactions: 500000
Files range between 512 bytes and 4.00 kilobytes in size
Working directory: 
	/var/lib/docker/pm_data (weight=1)
Block sizes are: read=512 bytes, write=512 bytes
Biases are: read/append=1, create/delete=10
Not using Unix buffered file I/O
Random number generator seed is 12
Report format is verbose.

real	0m2.497s
user	0m2.214s
sys	0m0.280s
500000
2.49878524
workload=read1.small
location=/var/lib/docker/pm_data
keep=
/var/lib/docker/pm_data/benchmark.read1.small
PostMark v1.51 : 8/14/01
Reading configuration from file '/var/lib/docker/pm_data/benchmark.read1.small'
Creating files...Done
Performing transactions..........Done
Time:
	2 seconds total
	2 seconds of transactions (250000 per second)

Files:
	2000 created (1000 per second)
		Creation alone: 1000 files (1000 per second)
		Mixed with transactions: 1000 files (500 per second)
	49957 read (24978 per second)
	15500 appended (7750 per second)
	2000 deleted (1000 per second)
		Deletion alone: -32606 files (-32606 per second)
		Mixed with transactions: 32606 files (16303 per second)

Data:
	194.41 megabytes read (97.20 megabytes per second)
	7.81 megabytes written (3.91 megabytes per second)
Current configuration is:
The base number of files is 1000
Transactions: 500000
Files range between 512 bytes and 4.00 kilobytes in size
Working directory: 
	/var/lib/docker/pm_data (weight=1)
Block sizes are: read=512 bytes, write=512 bytes
Biases are: read/append=1, create/delete=10
Not using Unix buffered file I/O
Random number generator seed is 12
Report format is verbose.

real	0m2.507s
user	0m2.221s
sys	0m0.284s
500000
2.50909854
workload=read1.small
location=/var/lib/docker/pm_data
keep=
/var/lib/docker/pm_data/benchmark.read1.small
PostMark v1.51 : 8/14/01
Reading configuration from file '/var/lib/docker/pm_data/benchmark.read1.small'
Creating files...Done
Performing transactions..........Done
Time:
	2 seconds total
	2 seconds of transactions (250000 per second)

Files:
	2000 created (1000 per second)
		Creation alone: 1000 files (1000 per second)
		Mixed with transactions: 1000 files (500 per second)
	49957 read (24978 per second)
	15500 appended (7750 per second)
	2000 deleted (1000 per second)
		Deletion alone: -32601 files (-32601 per second)
		Mixed with transactions: 32601 files (16300 per second)

Data:
	194.41 megabytes read (97.20 megabytes per second)
	7.81 megabytes written (3.91 megabytes per second)
Current configuration is:
The base number of files is 1000
Transactions: 500000
Files range between 512 bytes and 4.00 kilobytes in size
Working directory: 
	/var/lib/docker/pm_data (weight=1)
Block sizes are: read=512 bytes, write=512 bytes
Biases are: read/append=1, create/delete=10
Not using Unix buffered file I/O
Random number generator seed is 12
Report format is verbose.

real	0m2.501s
user	0m2.263s
sys	0m0.235s
500000
2.50297632
workload=read1.small
location=/var/lib/docker/pm_data
keep=
/var/lib/docker/pm_data/benchmark.read1.small
PostMark v1.51 : 8/14/01
Reading configuration from file '/var/lib/docker/pm_data/benchmark.read1.small'
Creating files...Done
Performing transactions..........Done
Time:
	3 seconds total
	3 seconds of transactions (166666 per second)

Files:
	2000 created (666 per second)
		Creation alone: 1000 files (1000 per second)
		Mixed with transactions: 1000 files (333 per second)
	49957 read (16652 per second)
	15500 appended (5166 per second)
	2000 deleted (666 per second)
		Deletion alone: -32589 files (-32589 per second)
		Mixed with transactions: 32589 files (10863 per second)

Data:
	194.41 megabytes read (64.80 megabytes per second)
	7.81 megabytes written (2.60 megabytes per second)
Current configuration is:
The base number of files is 1000
Transactions: 500000
Files range between 512 bytes and 4.00 kilobytes in size
Working directory: 
	/var/lib/docker/pm_data (weight=1)
Block sizes are: read=512 bytes, write=512 bytes
Biases are: read/append=1, create/delete=10
Not using Unix buffered file I/O
Random number generator seed is 12
Report format is verbose.

real	0m2.503s
user	0m2.280s
sys	0m0.220s
500000
2.50477751
