workload=read5.small
location=/var/lib/docker/pm_data
keep=
/var/lib/docker/pm_data/benchmark.read5.small
PostMark v1.51 : 8/14/01
Reading configuration from file '/var/lib/docker/pm_data/benchmark.read5.small'
Creating files...Done
Performing transactions..........Done
Time:
	4 seconds total
	4 seconds of transactions (125000 per second)

Files:
	2000 created (500 per second)
		Creation alone: 1000 files (1000 per second)
		Mixed with transactions: 1000 files (250 per second)
	250461 read (62615 per second)
	15475 appended (3868 per second)
	2000 deleted (500 per second)
		Deletion alone: -32726 files (-32726 per second)
		Mixed with transactions: 32726 files (8181 per second)

Data:
	971.89 megabytes read (242.97 megabytes per second)
	7.81 megabytes written (1.95 megabytes per second)
Current configuration is:
The base number of files is 1000
Transactions: 500000
Files range between 512 bytes and 4.00 kilobytes in size
Working directory: 
	/var/lib/docker/pm_data (weight=1)
Block sizes are: read=512 bytes, write=512 bytes
Biases are: read/append=5, create/delete=10
Not using Unix buffered file I/O
Random number generator seed is 12
Report format is verbose.

real	0m3.505s
user	0m2.399s
sys	0m1.092s
500000
3.50705677
workload=read5.small
location=/var/lib/docker/pm_data
keep=
/var/lib/docker/pm_data/benchmark.read5.small
PostMark v1.51 : 8/14/01
Reading configuration from file '/var/lib/docker/pm_data/benchmark.read5.small'
Creating files...Done
Performing transactions..........Done
Time:
	3 seconds total
	3 seconds of transactions (166666 per second)

Files:
	2000 created (666 per second)
		Creation alone: 1000 files (1000 per second)
		Mixed with transactions: 1000 files (333 per second)
	250461 read (83487 per second)
	15475 appended (5158 per second)
	2000 deleted (666 per second)
		Deletion alone: -32631 files (-32631 per second)
		Mixed with transactions: 32631 files (10877 per second)

Data:
	971.89 megabytes read (323.96 megabytes per second)
	7.81 megabytes written (2.60 megabytes per second)
Current configuration is:
The base number of files is 1000
Transactions: 500000
Files range between 512 bytes and 4.00 kilobytes in size
Working directory: 
	/var/lib/docker/pm_data (weight=1)
Block sizes are: read=512 bytes, write=512 bytes
Biases are: read/append=5, create/delete=10
Not using Unix buffered file I/O
Random number generator seed is 12
Report format is verbose.

real	0m3.520s
user	0m2.374s
sys	0m1.131s
500000
3.52131888
workload=read5.small
location=/var/lib/docker/pm_data
keep=
/var/lib/docker/pm_data/benchmark.read5.small
PostMark v1.51 : 8/14/01
Reading configuration from file '/var/lib/docker/pm_data/benchmark.read5.small'
Creating files...Done
Performing transactions..........Done
Time:
	4 seconds total
	4 seconds of transactions (125000 per second)

Files:
	2000 created (500 per second)
		Creation alone: 1000 files (1000 per second)
		Mixed with transactions: 1000 files (250 per second)
	250461 read (62615 per second)
	15475 appended (3868 per second)
	2000 deleted (500 per second)
		Deletion alone: -32612 files (-32612 per second)
		Mixed with transactions: 32612 files (8153 per second)

Data:
	971.89 megabytes read (242.97 megabytes per second)
	7.81 megabytes written (1.95 megabytes per second)
Current configuration is:
The base number of files is 1000
Transactions: 500000
Files range between 512 bytes and 4.00 kilobytes in size
Working directory: 
	/var/lib/docker/pm_data (weight=1)
Block sizes are: read=512 bytes, write=512 bytes
Biases are: read/append=5, create/delete=10
Not using Unix buffered file I/O
Random number generator seed is 12
Report format is verbose.

real	0m3.537s
user	0m2.403s
sys	0m1.112s
500000
3.53836762
workload=read5.small
location=/var/lib/docker/pm_data
keep=
/var/lib/docker/pm_data/benchmark.read5.small
PostMark v1.51 : 8/14/01
Reading configuration from file '/var/lib/docker/pm_data/benchmark.read5.small'
Creating files...Done
Performing transactions..........Done
Time:
	3 seconds total
	3 seconds of transactions (166666 per second)

Files:
	2000 created (666 per second)
		Creation alone: 1000 files (1000 per second)
		Mixed with transactions: 1000 files (333 per second)
	250461 read (83487 per second)
	15475 appended (5158 per second)
	2000 deleted (666 per second)
		Deletion alone: -32643 files (-32643 per second)
		Mixed with transactions: 32643 files (10881 per second)

Data:
	971.89 megabytes read (323.96 megabytes per second)
	7.81 megabytes written (2.60 megabytes per second)
Current configuration is:
The base number of files is 1000
Transactions: 500000
Files range between 512 bytes and 4.00 kilobytes in size
Working directory: 
	/var/lib/docker/pm_data (weight=1)
Block sizes are: read=512 bytes, write=512 bytes
Biases are: read/append=5, create/delete=10
Not using Unix buffered file I/O
Random number generator seed is 12
Report format is verbose.

real	0m3.516s
user	0m2.380s
sys	0m1.120s
500000
3.51779332
workload=read5.small
location=/var/lib/docker/pm_data
keep=
/var/lib/docker/pm_data/benchmark.read5.small
PostMark v1.51 : 8/14/01
Reading configuration from file '/var/lib/docker/pm_data/benchmark.read5.small'
Creating files...Done
Performing transactions..........Done
Time:
	4 seconds total
	4 seconds of transactions (125000 per second)

Files:
	2000 created (500 per second)
		Creation alone: 1000 files (1000 per second)
		Mixed with transactions: 1000 files (250 per second)
	250461 read (62615 per second)
	15475 appended (3868 per second)
	2000 deleted (500 per second)
		Deletion alone: -32565 files (-32565 per second)
		Mixed with transactions: 32565 files (8141 per second)

Data:
	971.89 megabytes read (242.97 megabytes per second)
	7.81 megabytes written (1.95 megabytes per second)
Current configuration is:
The base number of files is 1000
Transactions: 500000
Files range between 512 bytes and 4.00 kilobytes in size
Working directory: 
	/var/lib/docker/pm_data (weight=1)
Block sizes are: read=512 bytes, write=512 bytes
Biases are: read/append=5, create/delete=10
Not using Unix buffered file I/O
Random number generator seed is 12
Report format is verbose.

real	0m3.515s
user	0m2.393s
sys	0m1.107s
500000
3.51647110
