workload=read1.small
location=/mnt.ext4/pm_data
keep=
/mnt.ext4/pm_data/benchmark.read1.small
PostMark v1.51 : 8/14/01
Reading configuration from file '/mnt.ext4/pm_data/benchmark.read1.small'
Creating subdirectories...Done
Creating files...Done
Performing transactions..........Done
Deleting files...Done
Deleting subdirectories...Done
Time:
	5 seconds total
	5 seconds of transactions (200000 per second)

Files:
	2000 created (400 per second)
		Creation alone: 1000 files (1000 per second)
		Mixed with transactions: 1000 files (200 per second)
	99959 read (19991 per second)
	15558 appended (3111 per second)
	2000 deleted (400 per second)
		Deletion alone: 2000 files (2000 per second)
		Mixed with transactions: 0 files (0 per second)

Data:
	389.72 megabytes read (77.94 megabytes per second)
	7.81 megabytes written (1.56 megabytes per second)
Current configuration is:
The base number of files is 1000
Transactions: 1000000
Files range between 512 bytes and 4.00 kilobytes in size
Working directory: 
	/mnt.ext4/pm_data (weight=1)
10 subdirectories will be used
Block sizes are: read=512 bytes, write=512 bytes
Biases are: read/append=1, create/delete=10
Not using Unix buffered file I/O
Random number generator seed is 12
Report format is verbose.

real	0m4.942s
user	0m4.464s
sys	0m0.464s
1000000
4.95944546
workload=read1.small
location=/mnt.ext4/pm_data
keep=
/mnt.ext4/pm_data/benchmark.read1.small
PostMark v1.51 : 8/14/01
Reading configuration from file '/mnt.ext4/pm_data/benchmark.read1.small'
Creating subdirectories...Done
Creating files...Done
Performing transactions..........Done
Deleting files...Done
Deleting subdirectories...Done
Time:
	5 seconds total
	4 seconds of transactions (250000 per second)

Files:
	2000 created (400 per second)
		Creation alone: 1000 files (1000 per second)
		Mixed with transactions: 1000 files (250 per second)
	99959 read (24989 per second)
	15558 appended (3889 per second)
	2000 deleted (400 per second)
		Deletion alone: 2000 files (2000 per second)
		Mixed with transactions: 0 files (0 per second)

Data:
	389.72 megabytes read (77.94 megabytes per second)
	7.81 megabytes written (1.56 megabytes per second)
Current configuration is:
The base number of files is 1000
Transactions: 1000000
Files range between 512 bytes and 4.00 kilobytes in size
Working directory: 
	/mnt.ext4/pm_data (weight=1)
10 subdirectories will be used
Block sizes are: read=512 bytes, write=512 bytes
Biases are: read/append=1, create/delete=10
Not using Unix buffered file I/O
Random number generator seed is 12
Report format is verbose.

real	0m4.951s
user	0m4.431s
sys	0m0.516s
1000000
5.32447552
workload=read1.small
location=/mnt.ext4/pm_data
keep=
/mnt.ext4/pm_data/benchmark.read1.small
PostMark v1.51 : 8/14/01
Reading configuration from file '/mnt.ext4/pm_data/benchmark.read1.small'
Creating subdirectories...Done
Creating files...Done
Performing transactions..........Done
Deleting files...Done
Deleting subdirectories...Done
Time:
	5 seconds total
	5 seconds of transactions (200000 per second)

Files:
	2000 created (400 per second)
		Creation alone: 1000 files (1000 per second)
		Mixed with transactions: 1000 files (200 per second)
	99959 read (19991 per second)
	15558 appended (3111 per second)
	2000 deleted (400 per second)
		Deletion alone: 2000 files (2000 per second)
		Mixed with transactions: 0 files (0 per second)

Data:
	389.72 megabytes read (77.94 megabytes per second)
	7.81 megabytes written (1.56 megabytes per second)
Current configuration is:
The base number of files is 1000
Transactions: 1000000
Files range between 512 bytes and 4.00 kilobytes in size
Working directory: 
	/mnt.ext4/pm_data (weight=1)
10 subdirectories will be used
Block sizes are: read=512 bytes, write=512 bytes
Biases are: read/append=1, create/delete=10
Not using Unix buffered file I/O
Random number generator seed is 12
Report format is verbose.

real	0m4.982s
user	0m4.488s
sys	0m0.468s
1000000
6.18830567
workload=read1.small
location=/mnt.ext4/pm_data
keep=
/mnt.ext4/pm_data/benchmark.read1.small
PostMark v1.51 : 8/14/01
Reading configuration from file '/mnt.ext4/pm_data/benchmark.read1.small'
Creating subdirectories...Done
Creating files...Done
Performing transactions..........Done
Deleting files...Done
Deleting subdirectories...Done
Time:
	4 seconds total
	4 seconds of transactions (250000 per second)

Files:
	2000 created (500 per second)
		Creation alone: 1000 files (1000 per second)
		Mixed with transactions: 1000 files (250 per second)
	99959 read (24989 per second)
	15558 appended (3889 per second)
	2000 deleted (500 per second)
		Deletion alone: 2000 files (2000 per second)
		Mixed with transactions: 0 files (0 per second)

Data:
	389.72 megabytes read (97.43 megabytes per second)
	7.81 megabytes written (1.95 megabytes per second)
Current configuration is:
The base number of files is 1000
Transactions: 1000000
Files range between 512 bytes and 4.00 kilobytes in size
Working directory: 
	/mnt.ext4/pm_data (weight=1)
10 subdirectories will be used
Block sizes are: read=512 bytes, write=512 bytes
Biases are: read/append=1, create/delete=10
Not using Unix buffered file I/O
Random number generator seed is 12
Report format is verbose.

real	0m4.944s
user	0m4.394s
sys	0m0.532s
1000000
5.08362231
workload=read1.small
location=/mnt.ext4/pm_data
keep=
/mnt.ext4/pm_data/benchmark.read1.small
PostMark v1.51 : 8/14/01
Reading configuration from file '/mnt.ext4/pm_data/benchmark.read1.small'
Creating subdirectories...Done
Creating files...Done
Performing transactions..........Done
Deleting files...Done
Deleting subdirectories...Done
Time:
	5 seconds total
	5 seconds of transactions (200000 per second)

Files:
	2000 created (400 per second)
		Creation alone: 1000 files (1000 per second)
		Mixed with transactions: 1000 files (200 per second)
	99959 read (19991 per second)
	15558 appended (3111 per second)
	2000 deleted (400 per second)
		Deletion alone: 2000 files (2000 per second)
		Mixed with transactions: 0 files (0 per second)

Data:
	389.72 megabytes read (77.94 megabytes per second)
	7.81 megabytes written (1.56 megabytes per second)
Current configuration is:
The base number of files is 1000
Transactions: 1000000
Files range between 512 bytes and 4.00 kilobytes in size
Working directory: 
	/mnt.ext4/pm_data (weight=1)
10 subdirectories will be used
Block sizes are: read=512 bytes, write=512 bytes
Biases are: read/append=1, create/delete=10
Not using Unix buffered file I/O
Random number generator seed is 12
Report format is verbose.

real	0m4.950s
user	0m4.410s
sys	0m0.536s
1000000
4.96881168
