workload=read9.med
location=/var/lib/docker/pm_data
keep=
/var/lib/docker/pm_data/benchmark.read9.med
PostMark v1.51 : 8/14/01
Reading configuration from file '/var/lib/docker/pm_data/benchmark.read9.med'
Creating files...Done
Performing transactions..........Done
Time:
	1 seconds total
	1 seconds of transactions (100000 per second)

Files:
	2000 created (2000 per second)
		Creation alone: 1000 files (1000 per second)
		Mixed with transactions: 1000 files (1000 per second)
	89830 read (89830 per second)
	9851 appended (9851 per second)
	2000 deleted (2000 per second)
		Deletion alone: -32729 files (-32729 per second)
		Mixed with transactions: 32729 files (32729 per second)

Data:
	2360.06 megabytes read (2360.06 megabytes per second)
	60.41 megabytes written (60.41 megabytes per second)
Current configuration is:
The base number of files is 1000
Transactions: 100000
Files range between 4.00 kilobytes and 32.00 kilobytes in size
Working directory: 
	/var/lib/docker/pm_data (weight=1)
Block sizes are: read=4.00 kilobytes, write=4.00 kilobytes
Biases are: read/append=9, create/delete=10
Not using Unix buffered file I/O
Random number generator seed is 12
Report format is verbose.

real	0m1.168s
user	0m0.515s
sys	0m0.645s
100000
1.17015752
workload=read9.med
location=/var/lib/docker/pm_data
keep=
/var/lib/docker/pm_data/benchmark.read9.med
PostMark v1.51 : 8/14/01
Reading configuration from file '/var/lib/docker/pm_data/benchmark.read9.med'
Creating files...Done
Performing transactions..........Done
Time:
	2 seconds total
	2 seconds of transactions (50000 per second)

Files:
	2000 created (1000 per second)
		Creation alone: 1000 files (1000 per second)
		Mixed with transactions: 1000 files (500 per second)
	89830 read (44915 per second)
	9851 appended (4925 per second)
	2000 deleted (1000 per second)
		Deletion alone: -32620 files (-32620 per second)
		Mixed with transactions: 32620 files (16310 per second)

Data:
	2360.06 megabytes read (1180.03 megabytes per second)
	60.41 megabytes written (30.20 megabytes per second)
Current configuration is:
The base number of files is 1000
Transactions: 100000
Files range between 4.00 kilobytes and 32.00 kilobytes in size
Working directory: 
	/var/lib/docker/pm_data (weight=1)
Block sizes are: read=4.00 kilobytes, write=4.00 kilobytes
Biases are: read/append=9, create/delete=10
Not using Unix buffered file I/O
Random number generator seed is 12
Report format is verbose.

real	0m1.167s
user	0m0.540s
sys	0m0.619s
100000
1.16895845
workload=read9.med
location=/var/lib/docker/pm_data
keep=
/var/lib/docker/pm_data/benchmark.read9.med
PostMark v1.51 : 8/14/01
Reading configuration from file '/var/lib/docker/pm_data/benchmark.read9.med'
Creating files...Done
Performing transactions..........Done
Time:
	1 seconds total
	1 seconds of transactions (100000 per second)

Files:
	2000 created (2000 per second)
		Creation alone: 1000 files (1000 per second)
		Mixed with transactions: 1000 files (1000 per second)
	89830 read (89830 per second)
	9851 appended (9851 per second)
	2000 deleted (2000 per second)
		Deletion alone: -32738 files (-32738 per second)
		Mixed with transactions: 32738 files (32738 per second)

Data:
	2360.06 megabytes read (2360.06 megabytes per second)
	60.41 megabytes written (60.41 megabytes per second)
Current configuration is:
The base number of files is 1000
Transactions: 100000
Files range between 4.00 kilobytes and 32.00 kilobytes in size
Working directory: 
	/var/lib/docker/pm_data (weight=1)
Block sizes are: read=4.00 kilobytes, write=4.00 kilobytes
Biases are: read/append=9, create/delete=10
Not using Unix buffered file I/O
Random number generator seed is 12
Report format is verbose.

real	0m1.175s
user	0m0.537s
sys	0m0.628s
100000
1.17630727
workload=read9.med
location=/var/lib/docker/pm_data
keep=
/var/lib/docker/pm_data/benchmark.read9.med
PostMark v1.51 : 8/14/01
Reading configuration from file '/var/lib/docker/pm_data/benchmark.read9.med'
Creating files...Done
Performing transactions..........Done
Time:
	1 seconds total
	1 seconds of transactions (100000 per second)

Files:
	2000 created (2000 per second)
		Creation alone: 1000 files (1000 per second)
		Mixed with transactions: 1000 files (1000 per second)
	89830 read (89830 per second)
	9851 appended (9851 per second)
	2000 deleted (2000 per second)
		Deletion alone: -32514 files (-32514 per second)
		Mixed with transactions: 32514 files (32514 per second)

Data:
	2360.06 megabytes read (2360.06 megabytes per second)
	60.41 megabytes written (60.41 megabytes per second)
Current configuration is:
The base number of files is 1000
Transactions: 100000
Files range between 4.00 kilobytes and 32.00 kilobytes in size
Working directory: 
	/var/lib/docker/pm_data (weight=1)
Block sizes are: read=4.00 kilobytes, write=4.00 kilobytes
Biases are: read/append=9, create/delete=10
Not using Unix buffered file I/O
Random number generator seed is 12
Report format is verbose.

real	0m1.175s
user	0m0.464s
sys	0m0.703s
100000
1.17709000
workload=read9.med
location=/var/lib/docker/pm_data
keep=
/var/lib/docker/pm_data/benchmark.read9.med
PostMark v1.51 : 8/14/01
Reading configuration from file '/var/lib/docker/pm_data/benchmark.read9.med'
Creating files...Done
Performing transactions..........Done
Time:
	1 seconds total
	1 seconds of transactions (100000 per second)

Files:
	2000 created (2000 per second)
		Creation alone: 1000 files (1000 per second)
		Mixed with transactions: 1000 files (1000 per second)
	89830 read (89830 per second)
	9851 appended (9851 per second)
	2000 deleted (2000 per second)
		Deletion alone: -32705 files (-32705 per second)
		Mixed with transactions: 32705 files (32705 per second)

Data:
	2360.06 megabytes read (2360.06 megabytes per second)
	60.41 megabytes written (60.41 megabytes per second)
Current configuration is:
The base number of files is 1000
Transactions: 100000
Files range between 4.00 kilobytes and 32.00 kilobytes in size
Working directory: 
	/var/lib/docker/pm_data (weight=1)
Block sizes are: read=4.00 kilobytes, write=4.00 kilobytes
Biases are: read/append=9, create/delete=10
Not using Unix buffered file I/O
Random number generator seed is 12
Report format is verbose.

real	0m1.167s
user	0m0.551s
sys	0m0.607s
100000
1.16823564
