workload=read9.small
location=/var/lib/docker/pm_data
keep=
/var/lib/docker/pm_data/benchmark.read9.small
PostMark v1.51 : 8/14/01
Reading configuration from file '/var/lib/docker/pm_data/benchmark.read9.small'
Creating files...Done
Performing transactions..........Done
Time:
	5 seconds total
	5 seconds of transactions (100000 per second)

Files:
	2000 created (400 per second)
		Creation alone: 1000 files (1000 per second)
		Mixed with transactions: 1000 files (200 per second)
	449674 read (89934 per second)
	15453 appended (3090 per second)
	2000 deleted (400 per second)
		Deletion alone: -32652 files (-32652 per second)
		Mixed with transactions: 32652 files (6530 per second)

Data:
	1696.63 megabytes read (339.33 megabytes per second)
	7.81 megabytes written (1.56 megabytes per second)
Current configuration is:
The base number of files is 1000
Transactions: 500000
Files range between 512 bytes and 4.00 kilobytes in size
Working directory: 
	/var/lib/docker/pm_data (weight=1)
Block sizes are: read=512 bytes, write=512 bytes
Biases are: read/append=9, create/delete=10
Not using Unix buffered file I/O
Random number generator seed is 12
Report format is verbose.

real	0m4.409s
user	0m2.566s
sys	0m1.811s
500000
4.41114811
workload=read9.small
location=/var/lib/docker/pm_data
keep=
/var/lib/docker/pm_data/benchmark.read9.small
PostMark v1.51 : 8/14/01
Reading configuration from file '/var/lib/docker/pm_data/benchmark.read9.small'
Creating files...Done
Performing transactions..........Done
Time:
	4 seconds total
	4 seconds of transactions (125000 per second)

Files:
	2000 created (500 per second)
		Creation alone: 1000 files (1000 per second)
		Mixed with transactions: 1000 files (250 per second)
	449674 read (112418 per second)
	15453 appended (3863 per second)
	2000 deleted (500 per second)
		Deletion alone: -32589 files (-32589 per second)
		Mixed with transactions: 32589 files (8147 per second)

Data:
	1696.63 megabytes read (424.16 megabytes per second)
	7.81 megabytes written (1.95 megabytes per second)
Current configuration is:
The base number of files is 1000
Transactions: 500000
Files range between 512 bytes and 4.00 kilobytes in size
Working directory: 
	/var/lib/docker/pm_data (weight=1)
Block sizes are: read=512 bytes, write=512 bytes
Biases are: read/append=9, create/delete=10
Not using Unix buffered file I/O
Random number generator seed is 12
Report format is verbose.

real	0m4.402s
user	0m2.713s
sys	0m1.656s
500000
4.40416071
workload=read9.small
location=/var/lib/docker/pm_data
keep=
/var/lib/docker/pm_data/benchmark.read9.small
PostMark v1.51 : 8/14/01
Reading configuration from file '/var/lib/docker/pm_data/benchmark.read9.small'
Creating files...Done
Performing transactions..........Done
Time:
	5 seconds total
	5 seconds of transactions (100000 per second)

Files:
	2000 created (400 per second)
		Creation alone: 1000 files (1000 per second)
		Mixed with transactions: 1000 files (200 per second)
	449674 read (89934 per second)
	15453 appended (3090 per second)
	2000 deleted (400 per second)
		Deletion alone: -32538 files (-32538 per second)
		Mixed with transactions: 32538 files (6507 per second)

Data:
	1696.63 megabytes read (339.33 megabytes per second)
	7.81 megabytes written (1.56 megabytes per second)
Current configuration is:
The base number of files is 1000
Transactions: 500000
Files range between 512 bytes and 4.00 kilobytes in size
Working directory: 
	/var/lib/docker/pm_data (weight=1)
Block sizes are: read=512 bytes, write=512 bytes
Biases are: read/append=9, create/delete=10
Not using Unix buffered file I/O
Random number generator seed is 12
Report format is verbose.

real	0m4.407s
user	0m2.607s
sys	0m1.768s
500000
4.40828150
workload=read9.small
location=/var/lib/docker/pm_data
keep=
/var/lib/docker/pm_data/benchmark.read9.small
PostMark v1.51 : 8/14/01
Reading configuration from file '/var/lib/docker/pm_data/benchmark.read9.small'
Creating files...Done
Performing transactions..........Done
Time:
	4 seconds total
	4 seconds of transactions (125000 per second)

Files:
	2000 created (500 per second)
		Creation alone: 1000 files (1000 per second)
		Mixed with transactions: 1000 files (250 per second)
	449674 read (112418 per second)
	15453 appended (3863 per second)
	2000 deleted (500 per second)
		Deletion alone: -32623 files (-32623 per second)
		Mixed with transactions: 32623 files (8155 per second)

Data:
	1696.63 megabytes read (424.16 megabytes per second)
	7.81 megabytes written (1.95 megabytes per second)
Current configuration is:
The base number of files is 1000
Transactions: 500000
Files range between 512 bytes and 4.00 kilobytes in size
Working directory: 
	/var/lib/docker/pm_data (weight=1)
Block sizes are: read=512 bytes, write=512 bytes
Biases are: read/append=9, create/delete=10
Not using Unix buffered file I/O
Random number generator seed is 12
Report format is verbose.

real	0m4.410s
user	0m2.639s
sys	0m1.741s
500000
4.41127465
workload=read9.small
location=/var/lib/docker/pm_data
keep=
/var/lib/docker/pm_data/benchmark.read9.small
PostMark v1.51 : 8/14/01
Reading configuration from file '/var/lib/docker/pm_data/benchmark.read9.small'
Creating files...Done
Performing transactions..........Done
Time:
	5 seconds total
	5 seconds of transactions (100000 per second)

Files:
	2000 created (400 per second)
		Creation alone: 1000 files (1000 per second)
		Mixed with transactions: 1000 files (200 per second)
	449674 read (89934 per second)
	15453 appended (3090 per second)
	2000 deleted (400 per second)
		Deletion alone: -32732 files (-32732 per second)
		Mixed with transactions: 32732 files (6546 per second)

Data:
	1696.63 megabytes read (339.33 megabytes per second)
	7.81 megabytes written (1.56 megabytes per second)
Current configuration is:
The base number of files is 1000
Transactions: 500000
Files range between 512 bytes and 4.00 kilobytes in size
Working directory: 
	/var/lib/docker/pm_data (weight=1)
Block sizes are: read=512 bytes, write=512 bytes
Biases are: read/append=9, create/delete=10
Not using Unix buffered file I/O
Random number generator seed is 12
Report format is verbose.

real	0m4.394s
user	0m2.679s
sys	0m1.685s
500000
4.39605632
