workload=read5.small
location=/mnt.ext4/pm_data
keep=
/mnt.ext4/pm_data/benchmark.read5.small
PostMark v1.51 : 8/14/01
Reading configuration from file '/mnt.ext4/pm_data/benchmark.read5.small'
Creating subdirectories...Done
Creating files...Done
Performing transactions..........Done
Deleting files...Done
Deleting subdirectories...Done
Time:
	7 seconds total
	7 seconds of transactions (142857 per second)

Files:
	2000 created (285 per second)
		Creation alone: 1000 files (1000 per second)
		Mixed with transactions: 1000 files (142 per second)
	501110 read (71587 per second)
	15455 appended (2207 per second)
	2000 deleted (285 per second)
		Deletion alone: 2000 files (2000 per second)
		Mixed with transactions: 0 files (0 per second)

Data:
	1950.72 megabytes read (278.67 megabytes per second)
	7.81 megabytes written (1.12 megabytes per second)
Current configuration is:
The base number of files is 1000
Transactions: 1000000
Files range between 512 bytes and 4.00 kilobytes in size
Working directory: 
	/mnt.ext4/pm_data (weight=1)
10 subdirectories will be used
Block sizes are: read=512 bytes, write=512 bytes
Biases are: read/append=5, create/delete=10
Not using Unix buffered file I/O
Random number generator seed is 12
Report format is verbose.

real	0m6.900s
user	0m4.788s
sys	0m2.083s
1000000
6.91776950
workload=read5.small
location=/mnt.ext4/pm_data
keep=
/mnt.ext4/pm_data/benchmark.read5.small
PostMark v1.51 : 8/14/01
Reading configuration from file '/mnt.ext4/pm_data/benchmark.read5.small'
Creating subdirectories...Done
Creating files...Done
Performing transactions..........Done
Deleting files...Done
Deleting subdirectories...Done
Time:
	7 seconds total
	7 seconds of transactions (142857 per second)

Files:
	2000 created (285 per second)
		Creation alone: 1000 files (1000 per second)
		Mixed with transactions: 1000 files (142 per second)
	501110 read (71587 per second)
	15455 appended (2207 per second)
	2000 deleted (285 per second)
		Deletion alone: 2000 files (2000 per second)
		Mixed with transactions: 0 files (0 per second)

Data:
	1950.72 megabytes read (278.67 megabytes per second)
	7.81 megabytes written (1.12 megabytes per second)
Current configuration is:
The base number of files is 1000
Transactions: 1000000
Files range between 512 bytes and 4.00 kilobytes in size
Working directory: 
	/mnt.ext4/pm_data (weight=1)
10 subdirectories will be used
Block sizes are: read=512 bytes, write=512 bytes
Biases are: read/append=5, create/delete=10
Not using Unix buffered file I/O
Random number generator seed is 12
Report format is verbose.

real	0m6.904s
user	0m4.901s
sys	0m1.973s
1000000
7.00428651
workload=read5.small
location=/mnt.ext4/pm_data
keep=
/mnt.ext4/pm_data/benchmark.read5.small
PostMark v1.51 : 8/14/01
Reading configuration from file '/mnt.ext4/pm_data/benchmark.read5.small'
Creating subdirectories...Done
Creating files...Done
Performing transactions..........Done
Deleting files...Done
Deleting subdirectories...Done
Time:
	7 seconds total
	7 seconds of transactions (142857 per second)

Files:
	2000 created (285 per second)
		Creation alone: 1000 files (1000 per second)
		Mixed with transactions: 1000 files (142 per second)
	501110 read (71587 per second)
	15455 appended (2207 per second)
	2000 deleted (285 per second)
		Deletion alone: 2000 files (2000 per second)
		Mixed with transactions: 0 files (0 per second)

Data:
	1950.72 megabytes read (278.67 megabytes per second)
	7.81 megabytes written (1.12 megabytes per second)
Current configuration is:
The base number of files is 1000
Transactions: 1000000
Files range between 512 bytes and 4.00 kilobytes in size
Working directory: 
	/mnt.ext4/pm_data (weight=1)
10 subdirectories will be used
Block sizes are: read=512 bytes, write=512 bytes
Biases are: read/append=5, create/delete=10
Not using Unix buffered file I/O
Random number generator seed is 12
Report format is verbose.

real	0m6.861s
user	0m4.895s
sys	0m1.936s
1000000
6.87788066
workload=read5.small
location=/mnt.ext4/pm_data
keep=
/mnt.ext4/pm_data/benchmark.read5.small
PostMark v1.51 : 8/14/01
Reading configuration from file '/mnt.ext4/pm_data/benchmark.read5.small'
Creating subdirectories...Done
Creating files...Done
Performing transactions..........Done
Deleting files...Done
Deleting subdirectories...Done
Time:
	7 seconds total
	7 seconds of transactions (142857 per second)

Files:
	2000 created (285 per second)
		Creation alone: 1000 files (1000 per second)
		Mixed with transactions: 1000 files (142 per second)
	501110 read (71587 per second)
	15455 appended (2207 per second)
	2000 deleted (285 per second)
		Deletion alone: 2000 files (2000 per second)
		Mixed with transactions: 0 files (0 per second)

Data:
	1950.72 megabytes read (278.67 megabytes per second)
	7.81 megabytes written (1.12 megabytes per second)
Current configuration is:
The base number of files is 1000
Transactions: 1000000
Files range between 512 bytes and 4.00 kilobytes in size
Working directory: 
	/mnt.ext4/pm_data (weight=1)
10 subdirectories will be used
Block sizes are: read=512 bytes, write=512 bytes
Biases are: read/append=5, create/delete=10
Not using Unix buffered file I/O
Random number generator seed is 12
Report format is verbose.

real	0m6.878s
user	0m4.989s
sys	0m1.861s
1000000
6.98724311
workload=read5.small
location=/mnt.ext4/pm_data
keep=
/mnt.ext4/pm_data/benchmark.read5.small
PostMark v1.51 : 8/14/01
Reading configuration from file '/mnt.ext4/pm_data/benchmark.read5.small'
Creating subdirectories...Done
Creating files...Done
Performing transactions..........Done
Deleting files...Done
Deleting subdirectories...Done
Time:
	7 seconds total
	7 seconds of transactions (142857 per second)

Files:
	2000 created (285 per second)
		Creation alone: 1000 files (1000 per second)
		Mixed with transactions: 1000 files (142 per second)
	501110 read (71587 per second)
	15455 appended (2207 per second)
	2000 deleted (285 per second)
		Deletion alone: 2000 files (2000 per second)
		Mixed with transactions: 0 files (0 per second)

Data:
	1950.72 megabytes read (278.67 megabytes per second)
	7.81 megabytes written (1.12 megabytes per second)
Current configuration is:
The base number of files is 1000
Transactions: 1000000
Files range between 512 bytes and 4.00 kilobytes in size
Working directory: 
	/mnt.ext4/pm_data (weight=1)
10 subdirectories will be used
Block sizes are: read=512 bytes, write=512 bytes
Biases are: read/append=5, create/delete=10
Not using Unix buffered file I/O
Random number generator seed is 12
Report format is verbose.

real	0m6.899s
user	0m4.910s
sys	0m1.961s
1000000
6.96048856
