workload=read5.large
location=/var/lib/docker/pm_data
keep=
/var/lib/docker/pm_data/benchmark.read5.large
PostMark v1.51 : 8/14/01
Reading configuration from file '/var/lib/docker/pm_data/benchmark.read5.large'
Creating files...Done
Performing transactions..........Done
Time:
	1 seconds total
	1 seconds of transactions (20000 per second)

Files:
	2000 created (2000 per second)
		Creation alone: 1000 files (1000 per second)
		Mixed with transactions: 1000 files (1000 per second)
	10046 read (10046 per second)
	9785 appended (9785 per second)
	2000 deleted (2000 per second)
		Deletion alone: -32560 files (-32560 per second)
		Mixed with transactions: 32560 files (32560 per second)

Data:
	1051.91 megabytes read (1051.91 megabytes per second)
	241.06 megabytes written (241.06 megabytes per second)
Current configuration is:
The base number of files is 1000
Transactions: 20000
Files range between 16.00 kilobytes and 128.00 kilobytes in size
Working directory: 
	/var/lib/docker/pm_data (weight=1)
Block sizes are: read=16.00 kilobytes, write=16.00 kilobytes
Biases are: read/append=5, create/delete=10
Not using Unix buffered file I/O
Random number generator seed is 12
Report format is verbose.

real	0m0.393s
user	0m0.096s
sys	0m0.295s
20000
.39512143
workload=read5.large
location=/var/lib/docker/pm_data
keep=
/var/lib/docker/pm_data/benchmark.read5.large
PostMark v1.51 : 8/14/01
Reading configuration from file '/var/lib/docker/pm_data/benchmark.read5.large'
Creating files...Done
Performing transactions..........Done
Time:
	1 seconds total
	1 seconds of transactions (20000 per second)

Files:
	2000 created (2000 per second)
		Creation alone: 1000 files (1000 per second)
		Mixed with transactions: 1000 files (1000 per second)
	10046 read (10046 per second)
	9785 appended (9785 per second)
	2000 deleted (2000 per second)
		Deletion alone: -32572 files (-32572 per second)
		Mixed with transactions: 32572 files (32572 per second)

Data:
	1051.91 megabytes read (1051.91 megabytes per second)
	241.06 megabytes written (241.06 megabytes per second)
Current configuration is:
The base number of files is 1000
Transactions: 20000
Files range between 16.00 kilobytes and 128.00 kilobytes in size
Working directory: 
	/var/lib/docker/pm_data (weight=1)
Block sizes are: read=16.00 kilobytes, write=16.00 kilobytes
Biases are: read/append=5, create/delete=10
Not using Unix buffered file I/O
Random number generator seed is 12
Report format is verbose.

real	0m0.392s
user	0m0.127s
sys	0m0.262s
20000
.39339207
workload=read5.large
location=/var/lib/docker/pm_data
keep=
/var/lib/docker/pm_data/benchmark.read5.large
PostMark v1.51 : 8/14/01
Reading configuration from file '/var/lib/docker/pm_data/benchmark.read5.large'
Creating files...Done
Performing transactions..........Done
Time:
	1 seconds total
	1 seconds of transactions (20000 per second)

Files:
	2000 created (2000 per second)
		Creation alone: 1000 files (1000 per second)
		Mixed with transactions: 1000 files (1000 per second)
	10046 read (10046 per second)
	9785 appended (9785 per second)
	2000 deleted (2000 per second)
		Deletion alone: -32699 files (-32699 per second)
		Mixed with transactions: 32699 files (32699 per second)

Data:
	1051.91 megabytes read (1051.91 megabytes per second)
	241.06 megabytes written (241.06 megabytes per second)
Current configuration is:
The base number of files is 1000
Transactions: 20000
Files range between 16.00 kilobytes and 128.00 kilobytes in size
Working directory: 
	/var/lib/docker/pm_data (weight=1)
Block sizes are: read=16.00 kilobytes, write=16.00 kilobytes
Biases are: read/append=5, create/delete=10
Not using Unix buffered file I/O
Random number generator seed is 12
Report format is verbose.

real	0m0.392s
user	0m0.112s
sys	0m0.279s
20000
.39417890
workload=read5.large
location=/var/lib/docker/pm_data
keep=
/var/lib/docker/pm_data/benchmark.read5.large
PostMark v1.51 : 8/14/01
Reading configuration from file '/var/lib/docker/pm_data/benchmark.read5.large'
Creating files...Done
Performing transactions..........Done
Time:
	1 seconds total
	1 seconds of transactions (20000 per second)

Files:
	2000 created (2000 per second)
		Creation alone: 1000 files (1000 per second)
		Mixed with transactions: 1000 files (1000 per second)
	10046 read (10046 per second)
	9785 appended (9785 per second)
	2000 deleted (2000 per second)
		Deletion alone: -32602 files (-32602 per second)
		Mixed with transactions: 32602 files (32602 per second)

Data:
	1051.91 megabytes read (1051.91 megabytes per second)
	241.06 megabytes written (241.06 megabytes per second)
Current configuration is:
The base number of files is 1000
Transactions: 20000
Files range between 16.00 kilobytes and 128.00 kilobytes in size
Working directory: 
	/var/lib/docker/pm_data (weight=1)
Block sizes are: read=16.00 kilobytes, write=16.00 kilobytes
Biases are: read/append=5, create/delete=10
Not using Unix buffered file I/O
Random number generator seed is 12
Report format is verbose.

real	0m0.391s
user	0m0.084s
sys	0m0.304s
20000
.39231973
workload=read5.large
location=/var/lib/docker/pm_data
keep=
/var/lib/docker/pm_data/benchmark.read5.large
PostMark v1.51 : 8/14/01
Reading configuration from file '/var/lib/docker/pm_data/benchmark.read5.large'
Creating files...Done
Performing transactions..........Done
Time:
	1 seconds total
	1 seconds of transactions (20000 per second)

Files:
	2000 created (2000 per second)
		Creation alone: 1000 files (1000 per second)
		Mixed with transactions: 1000 files (1000 per second)
	10046 read (10046 per second)
	9785 appended (9785 per second)
	2000 deleted (2000 per second)
		Deletion alone: -32666 files (-32666 per second)
		Mixed with transactions: 32666 files (32666 per second)

Data:
	1051.91 megabytes read (1051.91 megabytes per second)
	241.06 megabytes written (241.06 megabytes per second)
Current configuration is:
The base number of files is 1000
Transactions: 20000
Files range between 16.00 kilobytes and 128.00 kilobytes in size
Working directory: 
	/var/lib/docker/pm_data (weight=1)
Block sizes are: read=16.00 kilobytes, write=16.00 kilobytes
Biases are: read/append=5, create/delete=10
Not using Unix buffered file I/O
Random number generator seed is 12
Report format is verbose.

real	0m0.392s
user	0m0.119s
sys	0m0.271s
20000
.39387448
