workload=read9.large
location=/mnt.ext4/pm_data
keep=
/mnt.ext4/pm_data/benchmark.read9.large
PostMark v1.51 : 8/14/01
Reading configuration from file '/mnt.ext4/pm_data/benchmark.read9.large'
Creating subdirectories...Done
Creating files...Done
Performing transactions..........Done
Deleting files...Done
Deleting subdirectories...Done
Time:
	4 seconds total
	4 seconds of transactions (50000 per second)

Files:
	2000 created (500 per second)
		Creation alone: 1000 files (1000 per second)
		Mixed with transactions: 1000 files (250 per second)
	180023 read (45005 per second)
	17470 appended (4367 per second)
	2000 deleted (500 per second)
		Deletion alone: 2000 files (2000 per second)
		Mixed with transactions: 0 files (0 per second)

Data:
	20557.17 megabytes read (5139.29 megabytes per second)
	249.26 megabytes written (62.31 megabytes per second)
Current configuration is:
The base number of files is 1000
Transactions: 200000
Files range between 16.00 kilobytes and 128.00 kilobytes in size
Working directory: 
	/mnt.ext4/pm_data (weight=1)
100 subdirectories will be used
Block sizes are: read=16.00 kilobytes, write=16.00 kilobytes
Biases are: read/append=9, create/delete=10
Not using Unix buffered file I/O
Random number generator seed is 12
Report format is verbose.

real	0m4.059s
user	0m1.077s
sys	0m2.967s
200000
4.08786850
workload=read9.large
location=/mnt.ext4/pm_data
keep=
/mnt.ext4/pm_data/benchmark.read9.large
PostMark v1.51 : 8/14/01
Reading configuration from file '/mnt.ext4/pm_data/benchmark.read9.large'
Creating subdirectories...Done
Creating files...Done
Performing transactions..........Done
Deleting files...Done
Deleting subdirectories...Done
Time:
	4 seconds total
	4 seconds of transactions (50000 per second)

Files:
	2000 created (500 per second)
		Creation alone: 1000 files (1000 per second)
		Mixed with transactions: 1000 files (250 per second)
	180023 read (45005 per second)
	17470 appended (4367 per second)
	2000 deleted (500 per second)
		Deletion alone: 2000 files (2000 per second)
		Mixed with transactions: 0 files (0 per second)

Data:
	20557.17 megabytes read (5139.29 megabytes per second)
	249.26 megabytes written (62.31 megabytes per second)
Current configuration is:
The base number of files is 1000
Transactions: 200000
Files range between 16.00 kilobytes and 128.00 kilobytes in size
Working directory: 
	/mnt.ext4/pm_data (weight=1)
100 subdirectories will be used
Block sizes are: read=16.00 kilobytes, write=16.00 kilobytes
Biases are: read/append=9, create/delete=10
Not using Unix buffered file I/O
Random number generator seed is 12
Report format is verbose.

real	0m4.027s
user	0m1.012s
sys	0m2.999s
200000
4.04506778
workload=read9.large
location=/mnt.ext4/pm_data
keep=
/mnt.ext4/pm_data/benchmark.read9.large
PostMark v1.51 : 8/14/01
Reading configuration from file '/mnt.ext4/pm_data/benchmark.read9.large'
Creating subdirectories...Done
Creating files...Done
Performing transactions..........Done
Deleting files...Done
Deleting subdirectories...Done
Time:
	4 seconds total
	4 seconds of transactions (50000 per second)

Files:
	2000 created (500 per second)
		Creation alone: 1000 files (1000 per second)
		Mixed with transactions: 1000 files (250 per second)
	180023 read (45005 per second)
	17470 appended (4367 per second)
	2000 deleted (500 per second)
		Deletion alone: 2000 files (2000 per second)
		Mixed with transactions: 0 files (0 per second)

Data:
	20557.17 megabytes read (5139.29 megabytes per second)
	249.26 megabytes written (62.31 megabytes per second)
Current configuration is:
The base number of files is 1000
Transactions: 200000
Files range between 16.00 kilobytes and 128.00 kilobytes in size
Working directory: 
	/mnt.ext4/pm_data (weight=1)
100 subdirectories will be used
Block sizes are: read=16.00 kilobytes, write=16.00 kilobytes
Biases are: read/append=9, create/delete=10
Not using Unix buffered file I/O
Random number generator seed is 12
Report format is verbose.

real	0m4.060s
user	0m1.021s
sys	0m3.024s
200000
4.10392596
workload=read9.large
location=/mnt.ext4/pm_data
keep=
/mnt.ext4/pm_data/benchmark.read9.large
PostMark v1.51 : 8/14/01
Reading configuration from file '/mnt.ext4/pm_data/benchmark.read9.large'
Creating subdirectories...Done
Creating files...Done
Performing transactions..........Done
Deleting files...Done
Deleting subdirectories...Done
Time:
	4 seconds total
	4 seconds of transactions (50000 per second)

Files:
	2000 created (500 per second)
		Creation alone: 1000 files (1000 per second)
		Mixed with transactions: 1000 files (250 per second)
	180023 read (45005 per second)
	17470 appended (4367 per second)
	2000 deleted (500 per second)
		Deletion alone: 2000 files (2000 per second)
		Mixed with transactions: 0 files (0 per second)

Data:
	20557.17 megabytes read (5139.29 megabytes per second)
	249.26 megabytes written (62.31 megabytes per second)
Current configuration is:
The base number of files is 1000
Transactions: 200000
Files range between 16.00 kilobytes and 128.00 kilobytes in size
Working directory: 
	/mnt.ext4/pm_data (weight=1)
100 subdirectories will be used
Block sizes are: read=16.00 kilobytes, write=16.00 kilobytes
Biases are: read/append=9, create/delete=10
Not using Unix buffered file I/O
Random number generator seed is 12
Report format is verbose.

real	0m4.017s
user	0m0.976s
sys	0m3.025s
200000
4.03383254
workload=read9.large
location=/mnt.ext4/pm_data
keep=
/mnt.ext4/pm_data/benchmark.read9.large
PostMark v1.51 : 8/14/01
Reading configuration from file '/mnt.ext4/pm_data/benchmark.read9.large'
Creating subdirectories...Done
Creating files...Done
Performing transactions..........Done
Deleting files...Done
Deleting subdirectories...Done
Time:
	4 seconds total
	4 seconds of transactions (50000 per second)

Files:
	2000 created (500 per second)
		Creation alone: 1000 files (1000 per second)
		Mixed with transactions: 1000 files (250 per second)
	180023 read (45005 per second)
	17470 appended (4367 per second)
	2000 deleted (500 per second)
		Deletion alone: 2000 files (2000 per second)
		Mixed with transactions: 0 files (0 per second)

Data:
	20557.17 megabytes read (5139.29 megabytes per second)
	249.26 megabytes written (62.31 megabytes per second)
Current configuration is:
The base number of files is 1000
Transactions: 200000
Files range between 16.00 kilobytes and 128.00 kilobytes in size
Working directory: 
	/mnt.ext4/pm_data (weight=1)
100 subdirectories will be used
Block sizes are: read=16.00 kilobytes, write=16.00 kilobytes
Biases are: read/append=9, create/delete=10
Not using Unix buffered file I/O
Random number generator seed is 12
Report format is verbose.

real	0m4.042s
user	0m1.013s
sys	0m3.014s
200000
4.08443871
