workload=read1.med
location=/var/lib/docker/pm_data
keep=
/var/lib/docker/pm_data/benchmark.read1.med
PostMark v1.51 : 8/14/01
Reading configuration from file '/var/lib/docker/pm_data/benchmark.read1.med'
Creating files...Done
Performing transactions..........Done
Time:
	1 seconds total
	1 seconds of transactions (100000 per second)

Files:
	2000 created (2000 per second)
		Creation alone: 1000 files (1000 per second)
		Mixed with transactions: 1000 files (1000 per second)
	9912 read (9912 per second)
	19719 appended (19719 per second)
	2000 deleted (2000 per second)
		Deletion alone: -32673 files (-32673 per second)
		Mixed with transactions: 32673 files (32673 per second)

Data:
	303.34 megabytes read (303.34 megabytes per second)
	62.50 megabytes written (62.50 megabytes per second)
Current configuration is:
The base number of files is 1000
Transactions: 100000
Files range between 4.00 kilobytes and 32.00 kilobytes in size
Working directory: 
	/var/lib/docker/pm_data (weight=1)
Block sizes are: read=4.00 kilobytes, write=4.00 kilobytes
Biases are: read/append=1, create/delete=10
Not using Unix buffered file I/O
Random number generator seed is 12
Report format is verbose.

real	0m0.632s
user	0m0.446s
sys	0m0.183s
100000
.63348234
workload=read1.med
location=/var/lib/docker/pm_data
keep=
/var/lib/docker/pm_data/benchmark.read1.med
PostMark v1.51 : 8/14/01
Reading configuration from file '/var/lib/docker/pm_data/benchmark.read1.med'
Creating files...Done
Performing transactions..........Done
Time:
	1 seconds total
	1 seconds of transactions (100000 per second)

Files:
	2000 created (2000 per second)
		Creation alone: 1000 files (1000 per second)
		Mixed with transactions: 1000 files (1000 per second)
	9912 read (9912 per second)
	19719 appended (19719 per second)
	2000 deleted (2000 per second)
		Deletion alone: -32533 files (-32533 per second)
		Mixed with transactions: 32533 files (32533 per second)

Data:
	303.34 megabytes read (303.34 megabytes per second)
	62.50 megabytes written (62.50 megabytes per second)
Current configuration is:
The base number of files is 1000
Transactions: 100000
Files range between 4.00 kilobytes and 32.00 kilobytes in size
Working directory: 
	/var/lib/docker/pm_data (weight=1)
Block sizes are: read=4.00 kilobytes, write=4.00 kilobytes
Biases are: read/append=1, create/delete=10
Not using Unix buffered file I/O
Random number generator seed is 12
Report format is verbose.

real	0m0.631s
user	0m0.436s
sys	0m0.192s
100000
.63256479
workload=read1.med
location=/var/lib/docker/pm_data
keep=
/var/lib/docker/pm_data/benchmark.read1.med
PostMark v1.51 : 8/14/01
Reading configuration from file '/var/lib/docker/pm_data/benchmark.read1.med'
Creating files...Done
Performing transactions..........Done
Time:
	1 seconds total
	1 seconds of transactions (100000 per second)

Files:
	2000 created (2000 per second)
		Creation alone: 1000 files (1000 per second)
		Mixed with transactions: 1000 files (1000 per second)
	9912 read (9912 per second)
	19719 appended (19719 per second)
	2000 deleted (2000 per second)
		Deletion alone: -32556 files (-32556 per second)
		Mixed with transactions: 32556 files (32556 per second)

Data:
	303.34 megabytes read (303.34 megabytes per second)
	62.50 megabytes written (62.50 megabytes per second)
Current configuration is:
The base number of files is 1000
Transactions: 100000
Files range between 4.00 kilobytes and 32.00 kilobytes in size
Working directory: 
	/var/lib/docker/pm_data (weight=1)
Block sizes are: read=4.00 kilobytes, write=4.00 kilobytes
Biases are: read/append=1, create/delete=10
Not using Unix buffered file I/O
Random number generator seed is 12
Report format is verbose.

real	0m0.632s
user	0m0.454s
sys	0m0.175s
100000
.63337021
workload=read1.med
location=/var/lib/docker/pm_data
keep=
/var/lib/docker/pm_data/benchmark.read1.med
PostMark v1.51 : 8/14/01
Reading configuration from file '/var/lib/docker/pm_data/benchmark.read1.med'
Creating files...Done
Performing transactions..........Done
Time:
	1 seconds total
	1 seconds of transactions (100000 per second)

Files:
	2000 created (2000 per second)
		Creation alone: 1000 files (1000 per second)
		Mixed with transactions: 1000 files (1000 per second)
	9912 read (9912 per second)
	19719 appended (19719 per second)
	2000 deleted (2000 per second)
		Deletion alone: -32543 files (-32543 per second)
		Mixed with transactions: 32543 files (32543 per second)

Data:
	303.34 megabytes read (303.34 megabytes per second)
	62.50 megabytes written (62.50 megabytes per second)
Current configuration is:
The base number of files is 1000
Transactions: 100000
Files range between 4.00 kilobytes and 32.00 kilobytes in size
Working directory: 
	/var/lib/docker/pm_data (weight=1)
Block sizes are: read=4.00 kilobytes, write=4.00 kilobytes
Biases are: read/append=1, create/delete=10
Not using Unix buffered file I/O
Random number generator seed is 12
Report format is verbose.

real	0m0.630s
user	0m0.457s
sys	0m0.171s
100000
.63177722
workload=read1.med
location=/var/lib/docker/pm_data
keep=
/var/lib/docker/pm_data/benchmark.read1.med
PostMark v1.51 : 8/14/01
Reading configuration from file '/var/lib/docker/pm_data/benchmark.read1.med'
Creating files...Done
Performing transactions..........Done
Time:
	1 seconds total
	1 seconds of transactions (100000 per second)

Files:
	2000 created (2000 per second)
		Creation alone: 1000 files (1000 per second)
		Mixed with transactions: 1000 files (1000 per second)
	9912 read (9912 per second)
	19719 appended (19719 per second)
	2000 deleted (2000 per second)
		Deletion alone: -32698 files (-32698 per second)
		Mixed with transactions: 32698 files (32698 per second)

Data:
	303.34 megabytes read (303.34 megabytes per second)
	62.50 megabytes written (62.50 megabytes per second)
Current configuration is:
The base number of files is 1000
Transactions: 100000
Files range between 4.00 kilobytes and 32.00 kilobytes in size
Working directory: 
	/var/lib/docker/pm_data (weight=1)
Block sizes are: read=4.00 kilobytes, write=4.00 kilobytes
Biases are: read/append=1, create/delete=10
Not using Unix buffered file I/O
Random number generator seed is 12
Report format is verbose.

real	0m0.632s
user	0m0.447s
sys	0m0.183s
100000
.63388898
