workload=read9.med
location=/var/lib/docker/pm_data
logfile=/var/lib/docker/log.lfs
PostMark v1.51 : 8/14/01
Reading configuration from file '/var/lib/docker/pm_data/benchmark.read9.med'
Creating files...Done
ukvm-bin: Could not attach interface: tap100: No such file or directory

real	0m0.086s
user	0m0.009s
sys	0m0.037s
100000
.09350347
workload=read9.med
location=/var/lib/docker/pm_data
logfile=/var/lib/docker/log.lfs
PostMark v1.51 : 8/14/01
Reading configuration from file '/var/lib/docker/pm_data/benchmark.read9.med'
Creating files...Done
ukvm-bin: Could not attach interface: tap100: No such file or directory

real	0m0.095s
user	0m0.000s
sys	0m0.045s
100000
.10138758
workload=read9.med
location=/var/lib/docker/pm_data
logfile=/var/lib/docker/log.lfs
PostMark v1.51 : 8/14/01
Reading configuration from file '/var/lib/docker/pm_data/benchmark.read9.med'
Creating files...Done
ukvm-bin: Could not attach interface: tap100: No such file or directory

real	0m0.104s
user	0m0.005s
sys	0m0.078s
100000
.11122365
workload=read9.med
location=/var/lib/docker/pm_data
logfile=/var/lib/docker/log.lfs
PostMark v1.51 : 8/14/01
Reading configuration from file '/var/lib/docker/pm_data/benchmark.read9.med'
Creating files...Done
ukvm-bin: Could not attach interface: tap100: No such file or directory

real	0m0.084s
user	0m0.000s
sys	0m0.046s
100000
.09082213
workload=read9.med
location=/var/lib/docker/pm_data
logfile=/var/lib/docker/log.lfs
PostMark v1.51 : 8/14/01
Reading configuration from file '/var/lib/docker/pm_data/benchmark.read9.med'
Creating files...Done
ukvm-bin: Could not attach interface: tap100: No such file or directory

real	0m0.117s
user	0m0.000s
sys	0m0.104s
100000
.12321439
