workload=read5.med
location=/var/lib/docker/pm_data
logfile=/var/lib/docker/log.lfs
PostMark v1.51 : 8/14/01
Reading configuration from file '/var/lib/docker/pm_data/benchmark.read5.med'
Creating files...Done
ukvm-bin: Could not attach interface: tap100: No such file or directory

real	0m0.086s
user	0m0.004s
sys	0m0.043s
100000
.09260534
workload=read5.med
location=/var/lib/docker/pm_data
logfile=/var/lib/docker/log.lfs
PostMark v1.51 : 8/14/01
Reading configuration from file '/var/lib/docker/pm_data/benchmark.read5.med'
Creating files...Done
ukvm-bin: Could not attach interface: tap100: No such file or directory

real	0m0.086s
user	0m0.011s
sys	0m0.036s
100000
.09278934
workload=read5.med
location=/var/lib/docker/pm_data
logfile=/var/lib/docker/log.lfs
PostMark v1.51 : 8/14/01
Reading configuration from file '/var/lib/docker/pm_data/benchmark.read5.med'
Creating files...Done
ukvm-bin: Could not attach interface: tap100: No such file or directory

real	0m0.085s
user	0m0.003s
sys	0m0.042s
100000
.09109970
workload=read5.med
location=/var/lib/docker/pm_data
logfile=/var/lib/docker/log.lfs
PostMark v1.51 : 8/14/01
Reading configuration from file '/var/lib/docker/pm_data/benchmark.read5.med'
Creating files...Done
ukvm-bin: Could not attach interface: tap100: No such file or directory

real	0m0.087s
user	0m0.004s
sys	0m0.047s
100000
.09341371
workload=read5.med
location=/var/lib/docker/pm_data
logfile=/var/lib/docker/log.lfs
PostMark v1.51 : 8/14/01
Reading configuration from file '/var/lib/docker/pm_data/benchmark.read5.med'
Creating files...Done
ukvm-bin: Could not attach interface: tap100: No such file or directory

real	0m0.083s
user	0m0.000s
sys	0m0.043s
100000
.09079441
