workload=read1.med
location=/var/lib/docker/pm_data
logfile=/var/lib/docker/log.lfs
PostMark v1.51 : 8/14/01
Reading configuration from file '/var/lib/docker/pm_data/benchmark.read1.med'
Creating files...Done
ukvm-bin: Could not attach interface: tap100: No such file or directory

real	0m0.086s
user	0m0.000s
sys	0m0.036s
100000
.09168577
workload=read1.med
location=/var/lib/docker/pm_data
logfile=/var/lib/docker/log.lfs
PostMark v1.51 : 8/14/01
Reading configuration from file '/var/lib/docker/pm_data/benchmark.read1.med'
Creating files...Done
ukvm-bin: Could not attach interface: tap100: No such file or directory

real	0m0.097s
user	0m0.000s
sys	0m0.062s
100000
.10383790
workload=read1.med
location=/var/lib/docker/pm_data
logfile=/var/lib/docker/log.lfs
PostMark v1.51 : 8/14/01
Reading configuration from file '/var/lib/docker/pm_data/benchmark.read1.med'
Creating files...Done
ukvm-bin: Could not attach interface: tap100: No such file or directory

real	0m0.118s
user	0m0.000s
sys	0m0.089s
100000
.12472438
workload=read1.med
location=/var/lib/docker/pm_data
logfile=/var/lib/docker/log.lfs
PostMark v1.51 : 8/14/01
Reading configuration from file '/var/lib/docker/pm_data/benchmark.read1.med'
Creating files...Done
ukvm-bin: Could not attach interface: tap100: No such file or directory

real	0m0.088s
user	0m0.007s
sys	0m0.039s
100000
.11151416
workload=read1.med
location=/var/lib/docker/pm_data
logfile=/var/lib/docker/log.lfs
PostMark v1.51 : 8/14/01
Reading configuration from file '/var/lib/docker/pm_data/benchmark.read1.med'
Creating files...Done
ukvm-bin: Could not attach interface: tap100: No such file or directory

real	0m0.099s
user	0m0.009s
sys	0m0.059s
100000
.10594394
