workload=read5.large
location=/var/lib/docker/pm_data
logfile=/var/lib/docker/log.lfs
PostMark v1.51 : 8/14/01
Reading configuration from file '/var/lib/docker/pm_data/benchmark.read5.large'
Creating files...Done
ukvm-bin: Could not attach interface: tap100: No such file or directory

real	0m0.203s
user	0m0.000s
sys	0m0.083s
20000
.21163345
workload=read5.large
location=/var/lib/docker/pm_data
logfile=/var/lib/docker/log.lfs
PostMark v1.51 : 8/14/01
Reading configuration from file '/var/lib/docker/pm_data/benchmark.read5.large'
Creating files...Done
ukvm-bin: Could not attach interface: tap100: No such file or directory

real	0m0.205s
user	0m0.004s
sys	0m0.094s
20000
.22947693
workload=read5.large
location=/var/lib/docker/pm_data
logfile=/var/lib/docker/log.lfs
PostMark v1.51 : 8/14/01
Reading configuration from file '/var/lib/docker/pm_data/benchmark.read5.large'
Creating files...Done
ukvm-bin: Could not attach interface: tap100: No such file or directory

real	0m0.193s
user	0m0.004s
sys	0m0.103s
20000
.23119496
workload=read5.large
location=/var/lib/docker/pm_data
logfile=/var/lib/docker/log.lfs
PostMark v1.51 : 8/14/01
Reading configuration from file '/var/lib/docker/pm_data/benchmark.read5.large'
Creating files...Done
ukvm-bin: Could not attach interface: tap100: No such file or directory

real	0m0.183s
user	0m0.000s
sys	0m0.091s
20000
.20001386
workload=read5.large
location=/var/lib/docker/pm_data
logfile=/var/lib/docker/log.lfs
PostMark v1.51 : 8/14/01
Reading configuration from file '/var/lib/docker/pm_data/benchmark.read5.large'
Creating files...Done
ukvm-bin: Could not attach interface: tap100: No such file or directory

real	0m0.206s
user	0m0.000s
sys	0m0.109s
20000
.21395071
