workload=read9.large
location=/var/lib/docker/pm_data
logfile=/var/lib/docker/log.lfs
PostMark v1.51 : 8/14/01
Reading configuration from file '/var/lib/docker/pm_data/benchmark.read9.large'
Creating files...Done
ukvm-bin: Could not attach interface: tap100: No such file or directory

real	0m0.207s
user	0m0.008s
sys	0m0.102s
20000
.21918197
workload=read9.large
location=/var/lib/docker/pm_data
logfile=/var/lib/docker/log.lfs
PostMark v1.51 : 8/14/01
Reading configuration from file '/var/lib/docker/pm_data/benchmark.read9.large'
Creating files...Done
ukvm-bin: Could not attach interface: tap100: No such file or directory

real	0m0.199s
user	0m0.000s
sys	0m0.082s
20000
.20795461
workload=read9.large
location=/var/lib/docker/pm_data
logfile=/var/lib/docker/log.lfs
PostMark v1.51 : 8/14/01
Reading configuration from file '/var/lib/docker/pm_data/benchmark.read9.large'
Creating files...Done
ukvm-bin: Could not attach interface: tap100: No such file or directory

real	0m0.217s
user	0m0.000s
sys	0m0.144s
20000
.22587745
workload=read9.large
location=/var/lib/docker/pm_data
logfile=/var/lib/docker/log.lfs
PostMark v1.51 : 8/14/01
Reading configuration from file '/var/lib/docker/pm_data/benchmark.read9.large'
Creating files...Done
ukvm-bin: Could not attach interface: tap100: No such file or directory

real	0m0.183s
user	0m0.009s
sys	0m0.093s
20000
.18946046
workload=read9.large
location=/var/lib/docker/pm_data
logfile=/var/lib/docker/log.lfs
PostMark v1.51 : 8/14/01
Reading configuration from file '/var/lib/docker/pm_data/benchmark.read9.large'
Creating files...Done
ukvm-bin: Could not attach interface: tap100: No such file or directory

real	0m0.208s
user	0m0.004s
sys	0m0.095s
20000
.21555466
