workload=read9.small
location=/var/lib/docker/pm_data
logfile=/var/lib/docker/log.lfs
PostMark v1.51 : 8/14/01
Reading configuration from file '/var/lib/docker/pm_data/benchmark.read9.small'
Creating files...Done
ukvm-bin: Could not attach interface: tap100: No such file or directory

real	0m0.059s
user	0m0.000s
sys	0m0.032s
500000
.06487241
workload=read9.small
location=/var/lib/docker/pm_data
logfile=/var/lib/docker/log.lfs
PostMark v1.51 : 8/14/01
Reading configuration from file '/var/lib/docker/pm_data/benchmark.read9.small'
Creating files...Done
ukvm-bin: Could not attach interface: tap100: No such file or directory

real	0m0.067s
user	0m0.004s
sys	0m0.045s
500000
.07345318
workload=read9.small
location=/var/lib/docker/pm_data
logfile=/var/lib/docker/log.lfs
PostMark v1.51 : 8/14/01
Reading configuration from file '/var/lib/docker/pm_data/benchmark.read9.small'
Creating files...Done
ukvm-bin: Could not attach interface: tap100: No such file or directory

real	0m0.065s
user	0m0.005s
sys	0m0.043s
500000
.07129726
workload=read9.small
location=/var/lib/docker/pm_data
logfile=/var/lib/docker/log.lfs
PostMark v1.51 : 8/14/01
Reading configuration from file '/var/lib/docker/pm_data/benchmark.read9.small'
Creating files...Done
ukvm-bin: Could not attach interface: tap100: No such file or directory

real	0m0.068s
user	0m0.000s
sys	0m0.042s
500000
.07511923
workload=read9.small
location=/var/lib/docker/pm_data
logfile=/var/lib/docker/log.lfs
PostMark v1.51 : 8/14/01
Reading configuration from file '/var/lib/docker/pm_data/benchmark.read9.small'
Creating files...Done
ukvm-bin: Could not attach interface: tap100: No such file or directory

real	0m0.066s
user	0m0.003s
sys	0m0.044s
500000
.07248858
