workload=read5.small
location=/var/lib/docker/pm_data
logfile=/var/lib/docker/log.lfs
PostMark v1.51 : 8/14/01
Reading configuration from file '/var/lib/docker/pm_data/benchmark.read5.small'
Creating files...Done
ukvm-bin: Could not attach interface: tap100: No such file or directory

real	0m0.060s
user	0m0.000s
sys	0m0.040s
500000
.06529450
workload=read5.small
location=/var/lib/docker/pm_data
logfile=/var/lib/docker/log.lfs
PostMark v1.51 : 8/14/01
Reading configuration from file '/var/lib/docker/pm_data/benchmark.read5.small'
Creating files...Done
ukvm-bin: Could not attach interface: tap100: No such file or directory

real	0m0.060s
user	0m0.000s
sys	0m0.040s
500000
.06587556
workload=read5.small
location=/var/lib/docker/pm_data
logfile=/var/lib/docker/log.lfs
PostMark v1.51 : 8/14/01
Reading configuration from file '/var/lib/docker/pm_data/benchmark.read5.small'
Creating files...Done
ukvm-bin: Could not attach interface: tap100: No such file or directory

real	0m0.063s
user	0m0.000s
sys	0m0.043s
500000
.06859523
workload=read5.small
location=/var/lib/docker/pm_data
logfile=/var/lib/docker/log.lfs
PostMark v1.51 : 8/14/01
Reading configuration from file '/var/lib/docker/pm_data/benchmark.read5.small'
Creating files...Done
ukvm-bin: Could not attach interface: tap100: No such file or directory

real	0m0.058s
user	0m0.000s
sys	0m0.038s
500000
.06409843
workload=read5.small
location=/var/lib/docker/pm_data
logfile=/var/lib/docker/log.lfs
PostMark v1.51 : 8/14/01
Reading configuration from file '/var/lib/docker/pm_data/benchmark.read5.small'
Creating files...Done
ukvm-bin: Could not attach interface: tap100: No such file or directory

real	0m0.060s
user	0m0.000s
sys	0m0.040s
500000
.06595822
