workload=read1.large
location=/var/lib/docker/pm_data
logfile=/var/lib/docker/log.lfs
PostMark v1.51 : 8/14/01
Reading configuration from file '/var/lib/docker/pm_data/benchmark.read1.large'
Creating files...Done
ukvm-bin: Could not attach interface: tap100: No such file or directory

real	0m0.243s
user	0m0.004s
sys	0m0.113s
20000
.25482963
workload=read1.large
location=/var/lib/docker/pm_data
logfile=/var/lib/docker/log.lfs
PostMark v1.51 : 8/14/01
Reading configuration from file '/var/lib/docker/pm_data/benchmark.read1.large'
Creating files...Done
ukvm-bin: Could not attach interface: tap100: No such file or directory

real	0m0.192s
user	0m0.000s
sys	0m0.097s
20000
.19925012
workload=read1.large
location=/var/lib/docker/pm_data
logfile=/var/lib/docker/log.lfs
PostMark v1.51 : 8/14/01
Reading configuration from file '/var/lib/docker/pm_data/benchmark.read1.large'
Creating files...Done
ukvm-bin: Could not attach interface: tap100: No such file or directory

real	0m0.212s
user	0m0.004s
sys	0m0.113s
20000
.22138392
workload=read1.large
location=/var/lib/docker/pm_data
logfile=/var/lib/docker/log.lfs
PostMark v1.51 : 8/14/01
Reading configuration from file '/var/lib/docker/pm_data/benchmark.read1.large'
Creating files...Done
ukvm-bin: Could not attach interface: tap100: No such file or directory

real	0m0.210s
user	0m0.000s
sys	0m0.122s
20000
.21746590
workload=read1.large
location=/var/lib/docker/pm_data
logfile=/var/lib/docker/log.lfs
PostMark v1.51 : 8/14/01
Reading configuration from file '/var/lib/docker/pm_data/benchmark.read1.large'
Creating files...Done
ukvm-bin: Could not attach interface: tap100: No such file or directory

real	0m0.204s
user	0m0.004s
sys	0m0.120s
20000
.21110658
