workload=read5.large
location=/mnt.ext4/pm_data
logfile=/mnt.ext4/log.lfs
keep=/mnt.ext4/log.lfs
            |      ___|
  __|  _ \  |  _ \ __ \
\__ \ (   | | (   |  ) |
____/\___/ _|\___/____/
Solo5: Memory map: 1024 MB addressable:
Solo5:     unused @ (0x0 - 0xfffff)
Solo5:       text @ (0x100000 - 0x2b0a13)
Solo5:     rodata @ (0x2b0a14 - 0x2e08f7)
Solo5:       data @ (0x2e08f8 - 0x3a8047)
Solo5:       heap >= 0x3a9000 < stack < 0x40000000
rump kernel bare metal bootstrap

Copyright (c) 1996, 1997, 1998, 1999, 2000, 2001, 2002, 2003, 2004, 2005,
    2006, 2007, 2008, 2009, 2010, 2011, 2012, 2013, 2014, 2015, 2016
    The NetBSD Foundation, Inc.  All rights reserved.
Copyright (c) 1982, 1986, 1989, 1991, 1993
    The Regents of the University of California.  All rights reserved.

NetBSD 7.99.34 (RUMP-ROAST)
total memory = 510 MB
timecounter: Timecounters tick every 1.000 msec
timecounter: Timecounter "clockinterrupt" frequency 1000 Hz quality 0
cpu0 at thinair0: rump virtual cpu
root file system type: rumpfs
kern.module.path=/stand/amd64/7.99.34/modules
mainbus0 (root)
timecounter: Timecounter "bmktc" frequency 1000000000 Hz quality 100
/dev//dev/ld0a: hostpath XENBLK_/dev/ld0a (4096 MB)
WARNING: the log-structured file system is experimental
WARNING: it may cause system crashes and/or corrupt data
mounted tmpfs on /tmp

=== calling "bin/postmark.nabla" main() ===

PostMark v1.51 : 8/14/01
Reading configuration from file '/pm_data/benchmark.read5.large'
Creating subdirectories...Done
Creating files...Done
Performing transactions..........Done
Time:
	5 seconds total
	5 seconds of transactions (40000 per second)

Files:
	2000 created (400 per second)
		Creation alone: 1000 files (1000 per second)
		Mixed with transactions: 1000 files (200 per second)
	100173 read (20034 per second)
	22204 appended (4440 per second)
	2000 deleted (400 per second)
		Deletion alone: 0 files (0 per second)
		Mixed with transactions: 0 files (0 per second)

Data:
	12294.42 megabytes read (2458.88 megabytes per second)
	249.99 megabytes written (50.00 megabytes per second)

=== main() of "bin/postmark.nabla" returned 0 ===

=== _exit(0) called ===
rump kernel halting...
syncing disks... done
unmounting file systems...
unmounted tmpfs on /tmp type tmpfs
unmounted /dev//dev/ld0a on /pm_data type lfs
unmounted rumpfs on / type rumpfs
unmounting done
halted
Solo5: solo5_exit(0) called

real	0m6.292s
user	0m4.366s
sys	0m0.750s
200000
6.30576305
workload=read5.large
location=/mnt.ext4/pm_data
logfile=/mnt.ext4/log.lfs
keep=/mnt.ext4/log.lfs
            |      ___|
  __|  _ \  |  _ \ __ \
\__ \ (   | | (   |  ) |
____/\___/ _|\___/____/
Solo5: Memory map: 1024 MB addressable:
Solo5:     unused @ (0x0 - 0xfffff)
Solo5:       text @ (0x100000 - 0x2b0a13)
Solo5:     rodata @ (0x2b0a14 - 0x2e08f7)
Solo5:       data @ (0x2e08f8 - 0x3a8047)
Solo5:       heap >= 0x3a9000 < stack < 0x40000000
rump kernel bare metal bootstrap

Copyright (c) 1996, 1997, 1998, 1999, 2000, 2001, 2002, 2003, 2004, 2005,
    2006, 2007, 2008, 2009, 2010, 2011, 2012, 2013, 2014, 2015, 2016
    The NetBSD Foundation, Inc.  All rights reserved.
Copyright (c) 1982, 1986, 1989, 1991, 1993
    The Regents of the University of California.  All rights reserved.

NetBSD 7.99.34 (RUMP-ROAST)
total memory = 510 MB
timecounter: Timecounters tick every 1.000 msec
timecounter: Timecounter "clockinterrupt" frequency 1000 Hz quality 0
cpu0 at thinair0: rump virtual cpu
root file system type: rumpfs
kern.module.path=/stand/amd64/7.99.34/modules
mainbus0 (root)
timecounter: Timecounter "bmktc" frequency 1000000000 Hz quality 100
/dev//dev/ld0a: hostpath XENBLK_/dev/ld0a (4096 MB)
WARNING: the log-structured file system is experimental
WARNING: it may cause system crashes and/or corrupt data
mounted tmpfs on /tmp

=== calling "bin/postmark.nabla" main() ===

PostMark v1.51 : 8/14/01
Reading configuration from file '/pm_data/benchmark.read5.large'
Creating subdirectories...Done
Creating files...Done
Performing transactions..........Done
Time:
	3 seconds total
	3 seconds of transactions (66666 per second)

Files:
	2000 created (666 per second)
		Creation alone: 1000 files (1000 per second)
		Mixed with transactions: 1000 files (333 per second)
	100173 read (33391 per second)
	22204 appended (7401 per second)
	2000 deleted (666 per second)
		Deletion alone: 0 files (0 per second)
		Mixed with transactions: 0 files (0 per second)

Data:
	12294.42 megabytes read (4098.14 megabytes per second)
	249.99 megabytes written (83.33 megabytes per second)

=== main() of "bin/postmark.nabla" returned 0 ===

=== _exit(0) called ===
rump kernel halting...
syncing disks... done
unmounting file systems...
unmounted tmpfs on /tmp type tmpfs
unmounted /dev//dev/ld0a on /pm_data type lfs
unmounted rumpfs on / type rumpfs
unmounting done
halted
Solo5: solo5_exit(0) called

real	0m4.214s
user	0m3.738s
sys	0m0.412s
200000
4.39125412
workload=read5.large
location=/mnt.ext4/pm_data
logfile=/mnt.ext4/log.lfs
keep=/mnt.ext4/log.lfs
            |      ___|
  __|  _ \  |  _ \ __ \
\__ \ (   | | (   |  ) |
____/\___/ _|\___/____/
Solo5: Memory map: 1024 MB addressable:
Solo5:     unused @ (0x0 - 0xfffff)
Solo5:       text @ (0x100000 - 0x2b0a13)
Solo5:     rodata @ (0x2b0a14 - 0x2e08f7)
Solo5:       data @ (0x2e08f8 - 0x3a8047)
Solo5:       heap >= 0x3a9000 < stack < 0x40000000
rump kernel bare metal bootstrap

Copyright (c) 1996, 1997, 1998, 1999, 2000, 2001, 2002, 2003, 2004, 2005,
    2006, 2007, 2008, 2009, 2010, 2011, 2012, 2013, 2014, 2015, 2016
    The NetBSD Foundation, Inc.  All rights reserved.
Copyright (c) 1982, 1986, 1989, 1991, 1993
    The Regents of the University of California.  All rights reserved.

NetBSD 7.99.34 (RUMP-ROAST)
total memory = 510 MB
timecounter: Timecounters tick every 1.000 msec
timecounter: Timecounter "clockinterrupt" frequency 1000 Hz quality 0
cpu0 at thinair0: rump virtual cpu
root file system type: rumpfs
kern.module.path=/stand/amd64/7.99.34/modules
mainbus0 (root)
timecounter: Timecounter "bmktc" frequency 1000000000 Hz quality 100
/dev//dev/ld0a: hostpath XENBLK_/dev/ld0a (4096 MB)
WARNING: the log-structured file system is experimental
WARNING: it may cause system crashes and/or corrupt data
mounted tmpfs on /tmp

=== calling "bin/postmark.nabla" main() ===

PostMark v1.51 : 8/14/01
Reading configuration from file '/pm_data/benchmark.read5.large'
Creating subdirectories...Done
Creating files...Done
Performing transactions..........Done
Time:
	3 seconds total
	3 seconds of transactions (66666 per second)

Files:
	2000 created (666 per second)
		Creation alone: 1000 files (1000 per second)
		Mixed with transactions: 1000 files (333 per second)
	100173 read (33391 per second)
	22204 appended (7401 per second)
	2000 deleted (666 per second)
		Deletion alone: 0 files (0 per second)
		Mixed with transactions: 0 files (0 per second)

Data:
	12294.42 megabytes read (4098.14 megabytes per second)
	249.99 megabytes written (83.33 megabytes per second)

=== main() of "bin/postmark.nabla" returned 0 ===

=== _exit(0) called ===
rump kernel halting...
syncing disks... done
unmounting file systems...
unmounted tmpfs on /tmp type tmpfs
unmounted /dev//dev/ld0a on /pm_data type lfs
unmounted rumpfs on / type rumpfs
unmounting done
halted
Solo5: solo5_exit(0) called

real	0m4.131s
user	0m3.740s
sys	0m0.368s
200000
4.14603771
workload=read5.large
location=/mnt.ext4/pm_data
logfile=/mnt.ext4/log.lfs
keep=/mnt.ext4/log.lfs
            |      ___|
  __|  _ \  |  _ \ __ \
\__ \ (   | | (   |  ) |
____/\___/ _|\___/____/
Solo5: Memory map: 1024 MB addressable:
Solo5:     unused @ (0x0 - 0xfffff)
Solo5:       text @ (0x100000 - 0x2b0a13)
Solo5:     rodata @ (0x2b0a14 - 0x2e08f7)
Solo5:       data @ (0x2e08f8 - 0x3a8047)
Solo5:       heap >= 0x3a9000 < stack < 0x40000000
rump kernel bare metal bootstrap

Copyright (c) 1996, 1997, 1998, 1999, 2000, 2001, 2002, 2003, 2004, 2005,
    2006, 2007, 2008, 2009, 2010, 2011, 2012, 2013, 2014, 2015, 2016
    The NetBSD Foundation, Inc.  All rights reserved.
Copyright (c) 1982, 1986, 1989, 1991, 1993
    The Regents of the University of California.  All rights reserved.

NetBSD 7.99.34 (RUMP-ROAST)
total memory = 510 MB
timecounter: Timecounters tick every 1.000 msec
timecounter: Timecounter "clockinterrupt" frequency 1000 Hz quality 0
cpu0 at thinair0: rump virtual cpu
root file system type: rumpfs
kern.module.path=/stand/amd64/7.99.34/modules
mainbus0 (root)
timecounter: Timecounter "bmktc" frequency 1000000000 Hz quality 100
/dev//dev/ld0a: hostpath XENBLK_/dev/ld0a (4096 MB)
WARNING: the log-structured file system is experimental
WARNING: it may cause system crashes and/or corrupt data
mounted tmpfs on /tmp

=== calling "bin/postmark.nabla" main() ===

PostMark v1.51 : 8/14/01
Reading configuration from file '/pm_data/benchmark.read5.large'
Creating subdirectories...Done
Creating files...Done
Performing transactions..........Done
Time:
	3 seconds total
	3 seconds of transactions (66666 per second)

Files:
	2000 created (666 per second)
		Creation alone: 1000 files (1000 per second)
		Mixed with transactions: 1000 files (333 per second)
	100173 read (33391 per second)
	22204 appended (7401 per second)
	2000 deleted (666 per second)
		Deletion alone: 0 files (0 per second)
		Mixed with transactions: 0 files (0 per second)

Data:
	12294.42 megabytes read (4098.14 megabytes per second)
	249.99 megabytes written (83.33 megabytes per second)

=== main() of "bin/postmark.nabla" returned 0 ===

=== _exit(0) called ===
rump kernel halting...
syncing disks... done
unmounting file systems...
unmounted tmpfs on /tmp type tmpfs
unmounted /dev//dev/ld0a on /pm_data type lfs
unmounted rumpfs on / type rumpfs
unmounting done
halted
Solo5: solo5_exit(0) called

real	0m4.166s
user	0m3.744s
sys	0m0.396s
200000
4.20380489
workload=read5.large
location=/mnt.ext4/pm_data
logfile=/mnt.ext4/log.lfs
keep=/mnt.ext4/log.lfs
            |      ___|
  __|  _ \  |  _ \ __ \
\__ \ (   | | (   |  ) |
____/\___/ _|\___/____/
Solo5: Memory map: 1024 MB addressable:
Solo5:     unused @ (0x0 - 0xfffff)
Solo5:       text @ (0x100000 - 0x2b0a13)
Solo5:     rodata @ (0x2b0a14 - 0x2e08f7)
Solo5:       data @ (0x2e08f8 - 0x3a8047)
Solo5:       heap >= 0x3a9000 < stack < 0x40000000
rump kernel bare metal bootstrap

Copyright (c) 1996, 1997, 1998, 1999, 2000, 2001, 2002, 2003, 2004, 2005,
    2006, 2007, 2008, 2009, 2010, 2011, 2012, 2013, 2014, 2015, 2016
    The NetBSD Foundation, Inc.  All rights reserved.
Copyright (c) 1982, 1986, 1989, 1991, 1993
    The Regents of the University of California.  All rights reserved.

NetBSD 7.99.34 (RUMP-ROAST)
total memory = 510 MB
timecounter: Timecounters tick every 1.000 msec
timecounter: Timecounter "clockinterrupt" frequency 1000 Hz quality 0
cpu0 at thinair0: rump virtual cpu
root file system type: rumpfs
kern.module.path=/stand/amd64/7.99.34/modules
mainbus0 (root)
timecounter: Timecounter "bmktc" frequency 1000000000 Hz quality 100
/dev//dev/ld0a: hostpath XENBLK_/dev/ld0a (4096 MB)
WARNING: the log-structured file system is experimental
WARNING: it may cause system crashes and/or corrupt data
mounted tmpfs on /tmp

=== calling "bin/postmark.nabla" main() ===

PostMark v1.51 : 8/14/01
Reading configuration from file '/pm_data/benchmark.read5.large'
Creating subdirectories...Done
Creating files...Done
Performing transactions..........Done
Time:
	3 seconds total
	3 seconds of transactions (66666 per second)

Files:
	2000 created (666 per second)
		Creation alone: 1000 files (1000 per second)
		Mixed with transactions: 1000 files (333 per second)
	100173 read (33391 per second)
	22204 appended (7401 per second)
	2000 deleted (666 per second)
		Deletion alone: 0 files (0 per second)
		Mixed with transactions: 0 files (0 per second)

Data:
	12294.42 megabytes read (4098.14 megabytes per second)
	249.99 megabytes written (83.33 megabytes per second)

=== main() of "bin/postmark.nabla" returned 0 ===

=== _exit(0) called ===
rump kernel halting...
syncing disks... done
unmounting file systems...
unmounted tmpfs on /tmp type tmpfs
unmounted /dev//dev/ld0a on /pm_data type lfs
unmounted rumpfs on / type rumpfs
unmounting done
halted
Solo5: solo5_exit(0) called

real	0m4.182s
user	0m3.776s
sys	0m0.384s
200000
4.19323014
