workload=read5.med
location=/var/lib/docker/pm_data
logfile=/var/lib/docker/log.lfs
            |      ___|
  __|  _ \  |  _ \ __ \
\__ \ (   | | (   |  ) |
____/\___/ _|\___/____/
Solo5: Memory map: 1024 MB addressable:
Solo5:     unused @ (0x0 - 0xfffff)
Solo5:       text @ (0x100000 - 0x2f0673)
Solo5:     rodata @ (0x2f0674 - 0x33725f)
Solo5:       data @ (0x337260 - 0x404c27)
Solo5:       heap >= 0x405000 < stack < 0x40000000
rump kernel bare metal bootstrap

Copyright (c) 1996, 1997, 1998, 1999, 2000, 2001, 2002, 2003, 2004, 2005,
    2006, 2007, 2008, 2009, 2010, 2011, 2012, 2013, 2014, 2015, 2016
    The NetBSD Foundation, Inc.  All rights reserved.
Copyright (c) 1982, 1986, 1989, 1991, 1993
    The Regents of the University of California.  All rights reserved.

NetBSD 7.99.34 (RUMP-ROAST)
total memory = 509 MB
timecounter: Timecounters tick every 10.000 msec
timecounter: Timecounter "clockinterrupt" frequency 100 Hz quality 0
cpu0 at thinair0: rump virtual cpu
root file system type: rumpfs
kern.module.path=/stand/amd64/7.99.34/modules
mainbus0 (root)
timecounter: Timecounter "bmktc" frequency 1000000000 Hz quality 100
ukvmif0: Ethernet address c2:65:dc:25:71:9e
/dev//dev/ld0a: hostpath XENBLK_/dev/ld0a (4096 MB)
WARNING: the log-structured file system is experimental
WARNING: it may cause system crashes and/or corrupt data
mounted tmpfs on /tmp

=== calling "bin/postmark.nabla" main() ===

PostMark v1.51 : 8/14/01
Reading configuration from file '/pm_data/benchmark.read5.med'
Creating files...Done
Performing transactions..........Done
Time:
	1 seconds total
	1 seconds of transactions (100000 per second)

Files:
	2000 created (2000 per second)
		Creation alone: 1000 files (1000 per second)
		Mixed with transactions: 1000 files (1000 per second)
	49723 read (49723 per second)
	19603 appended (19603 per second)
	2000 deleted (2000 per second)
		Deletion alone: 0 files (0 per second)
		Mixed with transactions: 0 files (0 per second)

Data:
	1499.43 megabytes read (1499.43 megabytes per second)
	62.50 megabytes written (62.50 megabytes per second)

=== main() of "bin/postmark.nabla" returned 0 ===

=== _exit(0) called ===
rump kernel halting...
syncing disks... done
unmounting file systems...
unmounted tmpfs on /tmp type tmpfs
unmounted /dev//dev/ld0a on /pm_data type lfs
unmounted rumpfs on / type rumpfs
unmounting done
halted
Solo5: solo5_exit(0) called

real	0m2.329s
user	0m2.165s
sys	0m0.096s
100000
2.33025690
workload=read5.med
location=/var/lib/docker/pm_data
logfile=/var/lib/docker/log.lfs
            |      ___|
  __|  _ \  |  _ \ __ \
\__ \ (   | | (   |  ) |
____/\___/ _|\___/____/
Solo5: Memory map: 1024 MB addressable:
Solo5:     unused @ (0x0 - 0xfffff)
Solo5:       text @ (0x100000 - 0x2f0673)
Solo5:     rodata @ (0x2f0674 - 0x33725f)
Solo5:       data @ (0x337260 - 0x404c27)
Solo5:       heap >= 0x405000 < stack < 0x40000000
rump kernel bare metal bootstrap

Copyright (c) 1996, 1997, 1998, 1999, 2000, 2001, 2002, 2003, 2004, 2005,
    2006, 2007, 2008, 2009, 2010, 2011, 2012, 2013, 2014, 2015, 2016
    The NetBSD Foundation, Inc.  All rights reserved.
Copyright (c) 1982, 1986, 1989, 1991, 1993
    The Regents of the University of California.  All rights reserved.

NetBSD 7.99.34 (RUMP-ROAST)
total memory = 509 MB
timecounter: Timecounters tick every 10.000 msec
timecounter: Timecounter "clockinterrupt" frequency 100 Hz quality 0
cpu0 at thinair0: rump virtual cpu
root file system type: rumpfs
kern.module.path=/stand/amd64/7.99.34/modules
mainbus0 (root)
timecounter: Timecounter "bmktc" frequency 1000000000 Hz quality 100
ukvmif0: Ethernet address 96:48:53:18:69:a6
/dev//dev/ld0a: hostpath XENBLK_/dev/ld0a (4096 MB)
WARNING: the log-structured file system is experimental
WARNING: it may cause system crashes and/or corrupt data
mounted tmpfs on /tmp

=== calling "bin/postmark.nabla" main() ===

PostMark v1.51 : 8/14/01
Reading configuration from file '/pm_data/benchmark.read5.med'
Creating files...Done
Performing transactions..........Done
Time:
	1 seconds total
	1 seconds of transactions (100000 per second)

Files:
	2000 created (2000 per second)
		Creation alone: 1000 files (1000 per second)
		Mixed with transactions: 1000 files (1000 per second)
	49723 read (49723 per second)
	19603 appended (19603 per second)
	2000 deleted (2000 per second)
		Deletion alone: 0 files (0 per second)
		Mixed with transactions: 0 files (0 per second)

Data:
	1499.43 megabytes read (1499.43 megabytes per second)
	62.50 megabytes written (62.50 megabytes per second)

=== main() of "bin/postmark.nabla" returned 0 ===

=== _exit(0) called ===
rump kernel halting...
syncing disks... done
unmounting file systems...
unmounted tmpfs on /tmp type tmpfs
unmounted /dev//dev/ld0a on /pm_data type lfs
unmounted rumpfs on / type rumpfs
unmounting done
halted
Solo5: solo5_exit(0) called

real	0m2.336s
user	0m2.175s
sys	0m0.088s
100000
2.33726706
workload=read5.med
location=/var/lib/docker/pm_data
logfile=/var/lib/docker/log.lfs
            |      ___|
  __|  _ \  |  _ \ __ \
\__ \ (   | | (   |  ) |
____/\___/ _|\___/____/
Solo5: Memory map: 1024 MB addressable:
Solo5:     unused @ (0x0 - 0xfffff)
Solo5:       text @ (0x100000 - 0x2f0673)
Solo5:     rodata @ (0x2f0674 - 0x33725f)
Solo5:       data @ (0x337260 - 0x404c27)
Solo5:       heap >= 0x405000 < stack < 0x40000000
rump kernel bare metal bootstrap

Copyright (c) 1996, 1997, 1998, 1999, 2000, 2001, 2002, 2003, 2004, 2005,
    2006, 2007, 2008, 2009, 2010, 2011, 2012, 2013, 2014, 2015, 2016
    The NetBSD Foundation, Inc.  All rights reserved.
Copyright (c) 1982, 1986, 1989, 1991, 1993
    The Regents of the University of California.  All rights reserved.

NetBSD 7.99.34 (RUMP-ROAST)
total memory = 509 MB
timecounter: Timecounters tick every 10.000 msec
timecounter: Timecounter "clockinterrupt" frequency 100 Hz quality 0
cpu0 at thinair0: rump virtual cpu
root file system type: rumpfs
kern.module.path=/stand/amd64/7.99.34/modules
mainbus0 (root)
timecounter: Timecounter "bmktc" frequency 1000000000 Hz quality 100
ukvmif0: Ethernet address 36:73:f8:ba:28:38
/dev//dev/ld0a: hostpath XENBLK_/dev/ld0a (4096 MB)
WARNING: the log-structured file system is experimental
WARNING: it may cause system crashes and/or corrupt data
mounted tmpfs on /tmp

=== calling "bin/postmark.nabla" main() ===

PostMark v1.51 : 8/14/01
Reading configuration from file '/pm_data/benchmark.read5.med'
Creating files...Done
Performing transactions..........Done
Time:
	1 seconds total
	1 seconds of transactions (100000 per second)

Files:
	2000 created (2000 per second)
		Creation alone: 1000 files (1000 per second)
		Mixed with transactions: 1000 files (1000 per second)
	49723 read (49723 per second)
	19603 appended (19603 per second)
	2000 deleted (2000 per second)
		Deletion alone: 0 files (0 per second)
		Mixed with transactions: 0 files (0 per second)

Data:
	1499.43 megabytes read (1499.43 megabytes per second)
	62.50 megabytes written (62.50 megabytes per second)

=== main() of "bin/postmark.nabla" returned 0 ===

=== _exit(0) called ===
rump kernel halting...
syncing disks... done
unmounting file systems...
unmounted tmpfs on /tmp type tmpfs
unmounted /dev//dev/ld0a on /pm_data type lfs
unmounted rumpfs on / type rumpfs
unmounting done
halted
Solo5: solo5_exit(0) called

real	0m2.295s
user	0m2.125s
sys	0m0.104s
100000
2.29674257
workload=read5.med
location=/var/lib/docker/pm_data
logfile=/var/lib/docker/log.lfs
            |      ___|
  __|  _ \  |  _ \ __ \
\__ \ (   | | (   |  ) |
____/\___/ _|\___/____/
Solo5: Memory map: 1024 MB addressable:
Solo5:     unused @ (0x0 - 0xfffff)
Solo5:       text @ (0x100000 - 0x2f0673)
Solo5:     rodata @ (0x2f0674 - 0x33725f)
Solo5:       data @ (0x337260 - 0x404c27)
Solo5:       heap >= 0x405000 < stack < 0x40000000
rump kernel bare metal bootstrap

Copyright (c) 1996, 1997, 1998, 1999, 2000, 2001, 2002, 2003, 2004, 2005,
    2006, 2007, 2008, 2009, 2010, 2011, 2012, 2013, 2014, 2015, 2016
    The NetBSD Foundation, Inc.  All rights reserved.
Copyright (c) 1982, 1986, 1989, 1991, 1993
    The Regents of the University of California.  All rights reserved.

NetBSD 7.99.34 (RUMP-ROAST)
total memory = 509 MB
timecounter: Timecounters tick every 10.000 msec
timecounter: Timecounter "clockinterrupt" frequency 100 Hz quality 0
cpu0 at thinair0: rump virtual cpu
root file system type: rumpfs
kern.module.path=/stand/amd64/7.99.34/modules
mainbus0 (root)
timecounter: Timecounter "bmktc" frequency 1000000000 Hz quality 100
ukvmif0: Ethernet address 12:bd:76:e2:84:1a
/dev//dev/ld0a: hostpath XENBLK_/dev/ld0a (4096 MB)
WARNING: the log-structured file system is experimental
WARNING: it may cause system crashes and/or corrupt data
mounted tmpfs on /tmp

=== calling "bin/postmark.nabla" main() ===

PostMark v1.51 : 8/14/01
Reading configuration from file '/pm_data/benchmark.read5.med'
Creating files...Done
Performing transactions..........Done
Time:
	1 seconds total
	1 seconds of transactions (100000 per second)

Files:
	2000 created (2000 per second)
		Creation alone: 1000 files (1000 per second)
		Mixed with transactions: 1000 files (1000 per second)
	49723 read (49723 per second)
	19603 appended (19603 per second)
	2000 deleted (2000 per second)
		Deletion alone: 0 files (0 per second)
		Mixed with transactions: 0 files (0 per second)

Data:
	1499.43 megabytes read (1499.43 megabytes per second)
	62.50 megabytes written (62.50 megabytes per second)

=== main() of "bin/postmark.nabla" returned 0 ===

=== _exit(0) called ===
rump kernel halting...
syncing disks... done
unmounting file systems...
unmounted tmpfs on /tmp type tmpfs
unmounted /dev//dev/ld0a on /pm_data type lfs
unmounted rumpfs on / type rumpfs
unmounting done
halted
Solo5: solo5_exit(0) called

real	0m2.339s
user	0m2.186s
sys	0m0.084s
100000
2.34033286
workload=read5.med
location=/var/lib/docker/pm_data
logfile=/var/lib/docker/log.lfs
            |      ___|
  __|  _ \  |  _ \ __ \
\__ \ (   | | (   |  ) |
____/\___/ _|\___/____/
Solo5: Memory map: 1024 MB addressable:
Solo5:     unused @ (0x0 - 0xfffff)
Solo5:       text @ (0x100000 - 0x2f0673)
Solo5:     rodata @ (0x2f0674 - 0x33725f)
Solo5:       data @ (0x337260 - 0x404c27)
Solo5:       heap >= 0x405000 < stack < 0x40000000
rump kernel bare metal bootstrap

Copyright (c) 1996, 1997, 1998, 1999, 2000, 2001, 2002, 2003, 2004, 2005,
    2006, 2007, 2008, 2009, 2010, 2011, 2012, 2013, 2014, 2015, 2016
    The NetBSD Foundation, Inc.  All rights reserved.
Copyright (c) 1982, 1986, 1989, 1991, 1993
    The Regents of the University of California.  All rights reserved.

NetBSD 7.99.34 (RUMP-ROAST)
total memory = 509 MB
timecounter: Timecounters tick every 10.000 msec
timecounter: Timecounter "clockinterrupt" frequency 100 Hz quality 0
cpu0 at thinair0: rump virtual cpu
root file system type: rumpfs
kern.module.path=/stand/amd64/7.99.34/modules
mainbus0 (root)
timecounter: Timecounter "bmktc" frequency 1000000000 Hz quality 100
ukvmif0: Ethernet address 36:2b:1e:24:4a:c1
/dev//dev/ld0a: hostpath XENBLK_/dev/ld0a (4096 MB)
WARNING: the log-structured file system is experimental
WARNING: it may cause system crashes and/or corrupt data
mounted tmpfs on /tmp

=== calling "bin/postmark.nabla" main() ===

PostMark v1.51 : 8/14/01
Reading configuration from file '/pm_data/benchmark.read5.med'
Creating files...Done
Performing transactions..........Done
Time:
	1 seconds total
	1 seconds of transactions (100000 per second)

Files:
	2000 created (2000 per second)
		Creation alone: 1000 files (1000 per second)
		Mixed with transactions: 1000 files (1000 per second)
	49723 read (49723 per second)
	19603 appended (19603 per second)
	2000 deleted (2000 per second)
		Deletion alone: 0 files (0 per second)
		Mixed with transactions: 0 files (0 per second)

Data:
	1499.43 megabytes read (1499.43 megabytes per second)
	62.50 megabytes written (62.50 megabytes per second)

=== main() of "bin/postmark.nabla" returned 0 ===

=== _exit(0) called ===
rump kernel halting...
syncing disks... done
unmounting file systems...
unmounted tmpfs on /tmp type tmpfs
unmounted /dev//dev/ld0a on /pm_data type lfs
unmounted rumpfs on / type rumpfs
unmounting done
halted
Solo5: solo5_exit(0) called

real	0m2.351s
user	0m2.192s
sys	0m0.092s
100000
2.35244039
