PostMark v1.51 : 8/14/01
Reading configuration from file '/tmp/pm.config'
Current configuration is:
The base number of files is 1000
Transactions: 1000000
Files range between 9.88 kilobytes and 98.83 kilobytes in size
Working directory: 
	/var/lib/docker (weight=1)
10 subdirectories will be used
Block sizes are: read=512 bytes, write=512 bytes
Biases are: read/append=5, create/delete=5
Not using Unix buffered file I/O
Random number generator seed is 12
Report format is verbose.
Creating subdirectories...Done
Creating files...Done
Performing transactions..........Done
Deleting files...Done
Deleting subdirectories...Done
Time:
	167 seconds total
	167 seconds of transactions (5988 per second)

Files:
	500590 created (2997 per second)
		Creation alone: 1000 files (1000 per second)
		Mixed with transactions: 499590 files (2991 per second)
	499603 read (2991 per second)
	498497 appended (2985 per second)
	500590 deleted (2997 per second)
		Deletion alone: 1121 files (1121 per second)
		Mixed with transactions: 499469 files (2990 per second)

Data:
	33721.56 megabytes read (201.93 megabytes per second)
	33804.42 megabytes written (202.42 megabytes per second)
PostMark v1.51 : 8/14/01
Reading configuration from file '/tmp/pm.config'
Current configuration is:
The base number of files is 1000
Transactions: 1000000
Files range between 9.88 kilobytes and 98.83 kilobytes in size
Working directory: 
	/var/lib/docker (weight=1)
10 subdirectories will be used
Block sizes are: read=512 bytes, write=512 bytes
Biases are: read/append=5, create/delete=5
Not using Unix buffered file I/O
Random number generator seed is 12
Report format is verbose.
Creating subdirectories...Done
Creating files...Done
Performing transactions..........Done
Deleting files...Done
Deleting subdirectories...Done
Time:
	168 seconds total
	168 seconds of transactions (5952 per second)

Files:
	500590 created (2979 per second)
		Creation alone: 1000 files (1000 per second)
		Mixed with transactions: 499590 files (2973 per second)
	499603 read (2973 per second)
	498497 appended (2967 per second)
	500590 deleted (2979 per second)
		Deletion alone: 1121 files (1121 per second)
		Mixed with transactions: 499469 files (2973 per second)

Data:
	33721.56 megabytes read (200.72 megabytes per second)
	33804.42 megabytes written (201.22 megabytes per second)
PostMark v1.51 : 8/14/01
Reading configuration from file '/tmp/pm.config'
Current configuration is:
The base number of files is 1000
Transactions: 1000000
Files range between 9.88 kilobytes and 98.83 kilobytes in size
Working directory: 
	/var/lib/docker (weight=1)
10 subdirectories will be used
Block sizes are: read=512 bytes, write=512 bytes
Biases are: read/append=5, create/delete=5
Not using Unix buffered file I/O
Random number generator seed is 12
Report format is verbose.
Creating subdirectories...Done
Creating files...Done
Performing transactions..........Done
Deleting files...Done
Deleting subdirectories...Done
Time:
	167 seconds total
	167 seconds of transactions (5988 per second)

Files:
	500590 created (2997 per second)
		Creation alone: 1000 files (1000 per second)
		Mixed with transactions: 499590 files (2991 per second)
	499603 read (2991 per second)
	498497 appended (2985 per second)
	500590 deleted (2997 per second)
		Deletion alone: 1121 files (1121 per second)
		Mixed with transactions: 499469 files (2990 per second)

Data:
	33721.56 megabytes read (201.93 megabytes per second)
	33804.42 megabytes written (202.42 megabytes per second)
PostMark v1.51 : 8/14/01
Reading configuration from file '/tmp/pm.config'
Current configuration is:
The base number of files is 1000
Transactions: 1000000
Files range between 9.88 kilobytes and 98.83 kilobytes in size
Working directory: 
	/var/lib/docker (weight=1)
10 subdirectories will be used
Block sizes are: read=512 bytes, write=512 bytes
Biases are: read/append=5, create/delete=5
Not using Unix buffered file I/O
Random number generator seed is 12
Report format is verbose.
Creating subdirectories...Done
Creating files...Done
Performing transactions..........Done
Deleting files...Done
Deleting subdirectories...Done
Time:
	167 seconds total
	167 seconds of transactions (5988 per second)

Files:
	500590 created (2997 per second)
		Creation alone: 1000 files (1000 per second)
		Mixed with transactions: 499590 files (2991 per second)
	499603 read (2991 per second)
	498497 appended (2985 per second)
	500590 deleted (2997 per second)
		Deletion alone: 1121 files (1121 per second)
		Mixed with transactions: 499469 files (2990 per second)

Data:
	33721.56 megabytes read (201.93 megabytes per second)
	33804.42 megabytes written (202.42 megabytes per second)
PostMark v1.51 : 8/14/01
Reading configuration from file '/tmp/pm.config'
Current configuration is:
The base number of files is 1000
Transactions: 1000000
Files range between 9.88 kilobytes and 98.83 kilobytes in size
Working directory: 
	/var/lib/docker (weight=1)
10 subdirectories will be used
Block sizes are: read=512 bytes, write=512 bytes
Biases are: read/append=5, create/delete=5
Not using Unix buffered file I/O
Random number generator seed is 12
Report format is verbose.
Creating subdirectories...Done
Creating files...Done
Performing transactions..........Done
Deleting files...Done
Deleting subdirectories...Done
Time:
	166 seconds total
	166 seconds of transactions (6024 per second)

Files:
	500590 created (3015 per second)
		Creation alone: 1000 files (1000 per second)
		Mixed with transactions: 499590 files (3009 per second)
	499603 read (3009 per second)
	498497 appended (3002 per second)
	500590 deleted (3015 per second)
		Deletion alone: 1121 files (1121 per second)
		Mixed with transactions: 499469 files (3008 per second)

Data:
	33721.56 megabytes read (203.14 megabytes per second)
	33804.42 megabytes written (203.64 megabytes per second)
