PostMark v1.51 : 8/14/01
Reading configuration from file '/tmp/pm.config'
Creating subdirectories...Done
Creating files...Done
Performing transactions..........Done
Deleting files...Done
Deleting subdirectories...Done
Time:
	29 seconds total
	29 seconds of transactions (34482 per second)

Files:
	501125 created (17280 per second)
		Creation alone: 1000 files (1000 per second)
		Mixed with transactions: 500125 files (17245 per second)
	500070 read (17243 per second)
	0 appended (0 per second)
	501125 deleted (17280 per second)
		Deletion alone: 1902 files (1902 per second)
		Mixed with transactions: 499223 files (17214 per second)

Data:
	4857.67 megabytes read (167.51 megabytes per second)
	4867.98 megabytes written (167.86 megabytes per second)
PostMark v1.51 : 8/14/01
Reading configuration from file '/tmp/pm.config'
Creating subdirectories...Done
Creating files...Done
Performing transactions..........Done
Deleting files...Done
Deleting subdirectories...Done
Time:
	29 seconds total
	29 seconds of transactions (34482 per second)

Files:
	501125 created (17280 per second)
		Creation alone: 1000 files (1000 per second)
		Mixed with transactions: 500125 files (17245 per second)
	500070 read (17243 per second)
	0 appended (0 per second)
	501125 deleted (17280 per second)
		Deletion alone: 1902 files (1902 per second)
		Mixed with transactions: 499223 files (17214 per second)

Data:
	4857.67 megabytes read (167.51 megabytes per second)
	4867.98 megabytes written (167.86 megabytes per second)
PostMark v1.51 : 8/14/01
Reading configuration from file '/tmp/pm.config'
Creating subdirectories...Done
Creating files...Done
Performing transactions..........Done
Deleting files...Done
Deleting subdirectories...Done
Time:
	30 seconds total
	30 seconds of transactions (33333 per second)

Files:
	501125 created (16704 per second)
		Creation alone: 1000 files (1000 per second)
		Mixed with transactions: 500125 files (16670 per second)
	500070 read (16669 per second)
	0 appended (0 per second)
	501125 deleted (16704 per second)
		Deletion alone: 1902 files (1902 per second)
		Mixed with transactions: 499223 files (16640 per second)

Data:
	4857.67 megabytes read (161.92 megabytes per second)
	4867.98 megabytes written (162.27 megabytes per second)
PostMark v1.51 : 8/14/01
Reading configuration from file '/tmp/pm.config'
Creating subdirectories...Done
Creating files...Done
Performing transactions..........Done
Deleting files...Done
Deleting subdirectories...Done
Time:
	30 seconds total
	30 seconds of transactions (33333 per second)

Files:
	501125 created (16704 per second)
		Creation alone: 1000 files (1000 per second)
		Mixed with transactions: 500125 files (16670 per second)
	500070 read (16669 per second)
	0 appended (0 per second)
	501125 deleted (16704 per second)
		Deletion alone: 1902 files (1902 per second)
		Mixed with transactions: 499223 files (16640 per second)

Data:
	4857.67 megabytes read (161.92 megabytes per second)
	4867.98 megabytes written (162.27 megabytes per second)
PostMark v1.51 : 8/14/01
Reading configuration from file '/tmp/pm.config'
Creating subdirectories...Done
Creating files...Done
Performing transactions..........Done
Deleting files...Done
Deleting subdirectories...Done
Time:
	29 seconds total
	29 seconds of transactions (34482 per second)

Files:
	501125 created (17280 per second)
		Creation alone: 1000 files (1000 per second)
		Mixed with transactions: 500125 files (17245 per second)
	500070 read (17243 per second)
	0 appended (0 per second)
	501125 deleted (17280 per second)
		Deletion alone: 1902 files (1902 per second)
		Mixed with transactions: 499223 files (17214 per second)

Data:
	4857.67 megabytes read (167.51 megabytes per second)
	4867.98 megabytes written (167.86 megabytes per second)
