PostMark v1.51 : 8/14/01
Reading configuration from file '/tmp/pm.config'
Creating subdirectories...Done
Creating files...Done
Performing transactions..........Done
Deleting files...Done
Deleting subdirectories...Done
Time:
	37 seconds total
	37 seconds of transactions (27027 per second)

Files:
	501125 created (13543 per second)
		Creation alone: 1000 files (1000 per second)
		Mixed with transactions: 500125 files (13516 per second)
	500070 read (13515 per second)
	0 appended (0 per second)
	501125 deleted (13543 per second)
		Deletion alone: 1902 files (1902 per second)
		Mixed with transactions: 499223 files (13492 per second)

Data:
	4857.67 megabytes read (131.29 megabytes per second)
	4867.98 megabytes written (131.57 megabytes per second)
PostMark v1.51 : 8/14/01
Reading configuration from file '/tmp/pm.config'
Creating subdirectories...Done
Creating files...Done
Performing transactions..........Done
Deleting files...Done
Deleting subdirectories...Done
Time:
	37 seconds total
	37 seconds of transactions (27027 per second)

Files:
	501125 created (13543 per second)
		Creation alone: 1000 files (1000 per second)
		Mixed with transactions: 500125 files (13516 per second)
	500070 read (13515 per second)
	0 appended (0 per second)
	501125 deleted (13543 per second)
		Deletion alone: 1902 files (1902 per second)
		Mixed with transactions: 499223 files (13492 per second)

Data:
	4857.67 megabytes read (131.29 megabytes per second)
	4867.98 megabytes written (131.57 megabytes per second)
PostMark v1.51 : 8/14/01
Reading configuration from file '/tmp/pm.config'
Creating subdirectories...Done
Creating files...Done
Performing transactions..........Done
Deleting files...Done
Deleting subdirectories...Done
Time:
	36 seconds total
	36 seconds of transactions (27777 per second)

Files:
	501125 created (13920 per second)
		Creation alone: 1000 files (1000 per second)
		Mixed with transactions: 500125 files (13892 per second)
	500070 read (13890 per second)
	0 appended (0 per second)
	501125 deleted (13920 per second)
		Deletion alone: 1902 files (1902 per second)
		Mixed with transactions: 499223 files (13867 per second)

Data:
	4857.67 megabytes read (134.94 megabytes per second)
	4867.98 megabytes written (135.22 megabytes per second)
PostMark v1.51 : 8/14/01
Reading configuration from file '/tmp/pm.config'
Creating subdirectories...Done
Creating files...Done
Performing transactions..........Done
Deleting files...Done
Deleting subdirectories...Done
Time:
	36 seconds total
	36 seconds of transactions (27777 per second)

Files:
	501125 created (13920 per second)
		Creation alone: 1000 files (1000 per second)
		Mixed with transactions: 500125 files (13892 per second)
	500070 read (13890 per second)
	0 appended (0 per second)
	501125 deleted (13920 per second)
		Deletion alone: 1902 files (1902 per second)
		Mixed with transactions: 499223 files (13867 per second)

Data:
	4857.67 megabytes read (134.94 megabytes per second)
	4867.98 megabytes written (135.22 megabytes per second)
PostMark v1.51 : 8/14/01
Reading configuration from file '/tmp/pm.config'
Creating subdirectories...Done
Creating files...Done
Performing transactions..........Done
Deleting files...Done
Deleting subdirectories...Done
Time:
	36 seconds total
	36 seconds of transactions (27777 per second)

Files:
	501125 created (13920 per second)
		Creation alone: 1000 files (1000 per second)
		Mixed with transactions: 500125 files (13892 per second)
	500070 read (13890 per second)
	0 appended (0 per second)
	501125 deleted (13920 per second)
		Deletion alone: 1902 files (1902 per second)
		Mixed with transactions: 499223 files (13867 per second)

Data:
	4857.67 megabytes read (134.94 megabytes per second)
	4867.98 megabytes written (135.22 megabytes per second)
PostMark v1.51 : 8/14/01
Reading configuration from file '/tmp/pm.config'
Creating subdirectories...Done
Creating files...Done
Performing transactions..........Done
Deleting files...Done
Deleting subdirectories...Done
Time:
	36 seconds total
	36 seconds of transactions (27777 per second)

Files:
	501125 created (13920 per second)
		Creation alone: 1000 files (1000 per second)
		Mixed with transactions: 500125 files (13892 per second)
	500070 read (13890 per second)
	0 appended (0 per second)
	501125 deleted (13920 per second)
		Deletion alone: 1902 files (1902 per second)
		Mixed with transactions: 499223 files (13867 per second)

Data:
	4857.67 megabytes read (134.94 megabytes per second)
	4867.98 megabytes written (135.22 megabytes per second)
PostMark v1.51 : 8/14/01
Reading configuration from file '/tmp/pm.config'
Creating subdirectories...Done
Creating files...Done
Performing transactions..........Done
Deleting files...Done
Deleting subdirectories...Done
Time:
	36 seconds total
	36 seconds of transactions (27777 per second)

Files:
	501125 created (13920 per second)
		Creation alone: 1000 files (1000 per second)
		Mixed with transactions: 500125 files (13892 per second)
	500070 read (13890 per second)
	0 appended (0 per second)
	501125 deleted (13920 per second)
		Deletion alone: 1902 files (1902 per second)
		Mixed with transactions: 499223 files (13867 per second)

Data:
	4857.67 megabytes read (134.94 megabytes per second)
	4867.98 megabytes written (135.22 megabytes per second)
PostMark v1.51 : 8/14/01
Reading configuration from file '/tmp/pm.config'
Creating subdirectories...Done
Creating files...Done
Performing transactions..........Done
Deleting files...Done
Deleting subdirectories...Done
Time:
	36 seconds total
	36 seconds of transactions (27777 per second)

Files:
	501125 created (13920 per second)
		Creation alone: 1000 files (1000 per second)
		Mixed with transactions: 500125 files (13892 per second)
	500070 read (13890 per second)
	0 appended (0 per second)
	501125 deleted (13920 per second)
		Deletion alone: 1902 files (1902 per second)
		Mixed with transactions: 499223 files (13867 per second)

Data:
	4857.67 megabytes read (134.94 megabytes per second)
	4867.98 megabytes written (135.22 megabytes per second)
PostMark v1.51 : 8/14/01
Reading configuration from file '/tmp/pm.config'
Creating subdirectories...Done
Creating files...Done
Performing transactions..........Done
Deleting files...Done
Deleting subdirectories...Done
Time:
	36 seconds total
	36 seconds of transactions (27777 per second)

Files:
	501125 created (13920 per second)
		Creation alone: 1000 files (1000 per second)
		Mixed with transactions: 500125 files (13892 per second)
	500070 read (13890 per second)
	0 appended (0 per second)
	501125 deleted (13920 per second)
		Deletion alone: 1902 files (1902 per second)
		Mixed with transactions: 499223 files (13867 per second)

Data:
	4857.67 megabytes read (134.94 megabytes per second)
	4867.98 megabytes written (135.22 megabytes per second)
PostMark v1.51 : 8/14/01
Reading configuration from file '/tmp/pm.config'
Creating subdirectories...Done
Creating files...Done
Performing transactions..........Done
Deleting files...Done
Deleting subdirectories...Done
Time:
	36 seconds total
	36 seconds of transactions (27777 per second)

Files:
	501125 created (13920 per second)
		Creation alone: 1000 files (1000 per second)
		Mixed with transactions: 500125 files (13892 per second)
	500070 read (13890 per second)
	0 appended (0 per second)
	501125 deleted (13920 per second)
		Deletion alone: 1902 files (1902 per second)
		Mixed with transactions: 499223 files (13867 per second)

Data:
	4857.67 megabytes read (134.94 megabytes per second)
	4867.98 megabytes written (135.22 megabytes per second)
