PostMark v1.51 : 8/14/01
Reading configuration from file '/tmp/pm.config'
Current configuration is:
The base number of files is 10000
Transactions: 1000000
Files range between 1012 bytes and 9.88 kilobytes in size
Working directory: 
	/mnt.ext4 (weight=1)
10 subdirectories will be used
Block sizes are: read=512 bytes, write=512 bytes
Biases are: read/append=5, create/delete=5
Not using Unix buffered file I/O
Random number generator seed is 12
Report format is verbose.
Creating subdirectories...Done
Creating files...Done
Performing transactions..........Done
Deleting files...Done
Deleting subdirectories...Done
Time:
	29 seconds total
	27 seconds of transactions (37037 per second)

Files:
	510155 created (17591 per second)
		Creation alone: 10000 files (10000 per second)
		Mixed with transactions: 500155 files (18524 per second)
	500086 read (18521 per second)
	494461 appended (18313 per second)
	510155 deleted (17591 per second)
		Deletion alone: 10310 files (10310 per second)
		Mixed with transactions: 499845 files (18512 per second)

Data:
	3370.10 megabytes read (116.21 megabytes per second)
	3437.97 megabytes written (118.55 megabytes per second)
PostMark v1.51 : 8/14/01
Reading configuration from file '/tmp/pm.config'
Current configuration is:
The base number of files is 10000
Transactions: 1000000
Files range between 1012 bytes and 9.88 kilobytes in size
Working directory: 
	/mnt.ext4 (weight=1)
10 subdirectories will be used
Block sizes are: read=512 bytes, write=512 bytes
Biases are: read/append=5, create/delete=5
Not using Unix buffered file I/O
Random number generator seed is 12
Report format is verbose.
Creating subdirectories...Done
Creating files...Done
Performing transactions..........Done
Deleting files...Done
Deleting subdirectories...Done
Time:
	28 seconds total
	28 seconds of transactions (35714 per second)

Files:
	510155 created (18219 per second)
		Creation alone: 10000 files (10000 per second)
		Mixed with transactions: 500155 files (17862 per second)
	500086 read (17860 per second)
	494461 appended (17659 per second)
	510155 deleted (18219 per second)
		Deletion alone: 10310 files (10310 per second)
		Mixed with transactions: 499845 files (17851 per second)

Data:
	3370.10 megabytes read (120.36 megabytes per second)
	3437.97 megabytes written (122.78 megabytes per second)
PostMark v1.51 : 8/14/01
Reading configuration from file '/tmp/pm.config'
Current configuration is:
The base number of files is 10000
Transactions: 1000000
Files range between 1012 bytes and 9.88 kilobytes in size
Working directory: 
	/mnt.ext4 (weight=1)
10 subdirectories will be used
Block sizes are: read=512 bytes, write=512 bytes
Biases are: read/append=5, create/delete=5
Not using Unix buffered file I/O
Random number generator seed is 12
Report format is verbose.
Creating subdirectories...Done
Creating files...Done
Performing transactions..........Done
Deleting files...Done
Deleting subdirectories...Done
Time:
	28 seconds total
	28 seconds of transactions (35714 per second)

Files:
	510155 created (18219 per second)
		Creation alone: 10000 files (10000 per second)
		Mixed with transactions: 500155 files (17862 per second)
	500086 read (17860 per second)
	494461 appended (17659 per second)
	510155 deleted (18219 per second)
		Deletion alone: 10310 files (10310 per second)
		Mixed with transactions: 499845 files (17851 per second)

Data:
	3370.10 megabytes read (120.36 megabytes per second)
	3437.97 megabytes written (122.78 megabytes per second)
PostMark v1.51 : 8/14/01
Reading configuration from file '/tmp/pm.config'
Current configuration is:
The base number of files is 10000
Transactions: 1000000
Files range between 1012 bytes and 9.88 kilobytes in size
Working directory: 
	/mnt.ext4 (weight=1)
10 subdirectories will be used
Block sizes are: read=512 bytes, write=512 bytes
Biases are: read/append=5, create/delete=5
Not using Unix buffered file I/O
Random number generator seed is 12
Report format is verbose.
Creating subdirectories...Done
Creating files...Done
Performing transactions..........Done
Deleting files...Done
Deleting subdirectories...Done
Time:
	29 seconds total
	28 seconds of transactions (35714 per second)

Files:
	510155 created (17591 per second)
		Creation alone: 10000 files (10000 per second)
		Mixed with transactions: 500155 files (17862 per second)
	500086 read (17860 per second)
	494461 appended (17659 per second)
	510155 deleted (17591 per second)
		Deletion alone: 10310 files (10310 per second)
		Mixed with transactions: 499845 files (17851 per second)

Data:
	3370.10 megabytes read (116.21 megabytes per second)
	3437.97 megabytes written (118.55 megabytes per second)
PostMark v1.51 : 8/14/01
Reading configuration from file '/tmp/pm.config'
Current configuration is:
The base number of files is 10000
Transactions: 1000000
Files range between 1012 bytes and 9.88 kilobytes in size
Working directory: 
	/mnt.ext4 (weight=1)
10 subdirectories will be used
Block sizes are: read=512 bytes, write=512 bytes
Biases are: read/append=5, create/delete=5
Not using Unix buffered file I/O
Random number generator seed is 12
Report format is verbose.
Creating subdirectories...Done
Creating files...Done
Performing transactions..........Done
Deleting files...Done
Deleting subdirectories...Done
Time:
	28 seconds total
	28 seconds of transactions (35714 per second)

Files:
	510155 created (18219 per second)
		Creation alone: 10000 files (10000 per second)
		Mixed with transactions: 500155 files (17862 per second)
	500086 read (17860 per second)
	494461 appended (17659 per second)
	510155 deleted (18219 per second)
		Deletion alone: 10310 files (10310 per second)
		Mixed with transactions: 499845 files (17851 per second)

Data:
	3370.10 megabytes read (120.36 megabytes per second)
	3437.97 megabytes written (122.78 megabytes per second)
