PostMark v1.51 : 8/14/01
Reading configuration from file '/tmp/pm.config'
Creating subdirectories...Done
Creating files...Done
Performing transactions..........Done
Deleting files...Done
Deleting subdirectories...Done
Time:
	119 seconds total
	118 seconds of transactions (42372 per second)

Files:
	2505221 created (21052 per second)
		Creation alone: 5000 files (5000 per second)
		Mixed with transactions: 2500221 files (21188 per second)
	2501248 read (21197 per second)
	0 appended (0 per second)
	2505221 deleted (21052 per second)
		Deletion alone: 5442 files (5442 per second)
		Mixed with transactions: 2499779 files (21184 per second)

Data:
	2427.17 megabytes read (20.40 megabytes per second)
	2431.05 megabytes written (20.43 megabytes per second)
PostMark v1.51 : 8/14/01
Reading configuration from file '/tmp/pm.config'
Creating subdirectories...Done
Creating files...Done
Performing transactions..........Done
Deleting files...Done
Deleting subdirectories...Done
Time:
	119 seconds total
	119 seconds of transactions (42016 per second)

Files:
	2505221 created (21052 per second)
		Creation alone: 5000 files (5000 per second)
		Mixed with transactions: 2500221 files (21010 per second)
	2501248 read (21018 per second)
	0 appended (0 per second)
	2505221 deleted (21052 per second)
		Deletion alone: 5442 files (5442 per second)
		Mixed with transactions: 2499779 files (21006 per second)

Data:
	2427.17 megabytes read (20.40 megabytes per second)
	2431.05 megabytes written (20.43 megabytes per second)
PostMark v1.51 : 8/14/01
Reading configuration from file '/tmp/pm.config'
Creating subdirectories...Done
Creating files...Done
Performing transactions..........Done
Deleting files...Done
Deleting subdirectories...Done
Time:
	119 seconds total
	119 seconds of transactions (42016 per second)

Files:
	2505221 created (21052 per second)
		Creation alone: 5000 files (5000 per second)
		Mixed with transactions: 2500221 files (21010 per second)
	2501248 read (21018 per second)
	0 appended (0 per second)
	2505221 deleted (21052 per second)
		Deletion alone: 5442 files (5442 per second)
		Mixed with transactions: 2499779 files (21006 per second)

Data:
	2427.17 megabytes read (20.40 megabytes per second)
	2431.05 megabytes written (20.43 megabytes per second)
PostMark v1.51 : 8/14/01
Reading configuration from file '/tmp/pm.config'
Creating subdirectories...Done
Creating files...Done
Performing transactions..........Done
Deleting files...Done
Deleting subdirectories...Done
Time:
	119 seconds total
	119 seconds of transactions (42016 per second)

Files:
	2505221 created (21052 per second)
		Creation alone: 5000 files (5000 per second)
		Mixed with transactions: 2500221 files (21010 per second)
	2501248 read (21018 per second)
	0 appended (0 per second)
	2505221 deleted (21052 per second)
		Deletion alone: 5442 files (5442 per second)
		Mixed with transactions: 2499779 files (21006 per second)

Data:
	2427.17 megabytes read (20.40 megabytes per second)
	2431.05 megabytes written (20.43 megabytes per second)
PostMark v1.51 : 8/14/01
Reading configuration from file '/tmp/pm.config'
Creating subdirectories...Done
Creating files...Done
Performing transactions..........Done
Deleting files...Done
Deleting subdirectories...Done
Time:
	119 seconds total
	119 seconds of transactions (42016 per second)

Files:
	2505221 created (21052 per second)
		Creation alone: 5000 files (5000 per second)
		Mixed with transactions: 2500221 files (21010 per second)
	2501248 read (21018 per second)
	0 appended (0 per second)
	2505221 deleted (21052 per second)
		Deletion alone: 5442 files (5442 per second)
		Mixed with transactions: 2499779 files (21006 per second)

Data:
	2427.17 megabytes read (20.40 megabytes per second)
	2431.05 megabytes written (20.43 megabytes per second)
