PostMark v1.51 : 8/14/01
Reading configuration from file '/tmp/pm.config'
Current configuration is:
The base number of files is 500
Transactions: 50000
Files are 98.83 kilobytes in size
Working directory: 
	/ (weight=1)
100 subdirectories will be used
Block sizes are: read=512 bytes, write=512 bytes
Biases are: read/append=5, create/delete=5
Not using Unix buffered file I/O
Random number generator seed is 12
Report format is verbose.
Creating subdirectories...Done
Creating files...Done
Performing transactions..........Done
Deleting files...Done
Deleting subdirectories...Done
Time:
	153 seconds total
	151 seconds of transactions (331 per second)

Files:
	25498 created (166 per second)
		Creation alone: 500 files (250 per second)
		Mixed with transactions: 24998 files (165 per second)
	25230 read (167 per second)
	0 appended (0 per second)
	25498 deleted (166 per second)
		Deletion alone: 496 files (496 per second)
		Mixed with transactions: 25002 files (165 per second)

Data:
	2435.05 megabytes read (15.92 megabytes per second)
	2460.90 megabytes written (16.08 megabytes per second)
PostMark v1.51 : 8/14/01
Reading configuration from file '/tmp/pm.config'
Current configuration is:
The base number of files is 500
Transactions: 50000
Files are 98.83 kilobytes in size
Working directory: 
	/ (weight=1)
100 subdirectories will be used
Block sizes are: read=512 bytes, write=512 bytes
Biases are: read/append=5, create/delete=5
Not using Unix buffered file I/O
Random number generator seed is 12
Report format is verbose.
Creating subdirectories...Done
Creating files...Done
Performing transactions..........Done
Deleting files...Done
Deleting subdirectories...Done
Time:
	152 seconds total
	151 seconds of transactions (331 per second)

Files:
	25498 created (167 per second)
		Creation alone: 500 files (500 per second)
		Mixed with transactions: 24998 files (165 per second)
	25230 read (167 per second)
	0 appended (0 per second)
	25498 deleted (167 per second)
		Deletion alone: 496 files (496 per second)
		Mixed with transactions: 25002 files (165 per second)

Data:
	2435.05 megabytes read (16.02 megabytes per second)
	2460.90 megabytes written (16.19 megabytes per second)
PostMark v1.51 : 8/14/01
Reading configuration from file '/tmp/pm.config'
Current configuration is:
The base number of files is 500
Transactions: 50000
Files are 98.83 kilobytes in size
Working directory: 
	/ (weight=1)
100 subdirectories will be used
Block sizes are: read=512 bytes, write=512 bytes
Biases are: read/append=5, create/delete=5
Not using Unix buffered file I/O
Random number generator seed is 12
Report format is verbose.
Creating subdirectories...Done
Creating files...Done
Performing transactions..........Done
Deleting files...Done
Deleting subdirectories...Done
Time:
	153 seconds total
	151 seconds of transactions (331 per second)

Files:
	25498 created (166 per second)
		Creation alone: 500 files (250 per second)
		Mixed with transactions: 24998 files (165 per second)
	25230 read (167 per second)
	0 appended (0 per second)
	25498 deleted (166 per second)
		Deletion alone: 496 files (496 per second)
		Mixed with transactions: 25002 files (165 per second)

Data:
	2435.05 megabytes read (15.92 megabytes per second)
	2460.90 megabytes written (16.08 megabytes per second)
