PostMark v1.51 : 8/14/01
Reading configuration from file '/tmp/pm.config'
Creating subdirectories...Done
Creating files...Done
Performing transactions..........Done
Deleting files...Done
Deleting subdirectories...Done
Time:
	1646 seconds total
	1644 seconds of transactions (3041 per second)

Files:
	2505221 created (1522 per second)
		Creation alone: 5000 files (5000 per second)
		Mixed with transactions: 2500221 files (1520 per second)
	2501248 read (1521 per second)
	0 appended (0 per second)
	2505221 deleted (1522 per second)
		Deletion alone: 5442 files (5442 per second)
		Mixed with transactions: 2499779 files (1520 per second)

Data:
	2427.17 megabytes read (1.47 megabytes per second)
	2431.05 megabytes written (1.48 megabytes per second)
PostMark v1.51 : 8/14/01
Reading configuration from file '/tmp/pm.config'
Creating subdirectories...Done
Creating files...Done
Performing transactions..........Done
Deleting files...Done
Deleting subdirectories...Done
Time:
	1645 seconds total
	1643 seconds of transactions (3043 per second)

Files:
	2505221 created (1522 per second)
		Creation alone: 5000 files (5000 per second)
		Mixed with transactions: 2500221 files (1521 per second)
	2501248 read (1522 per second)
	0 appended (0 per second)
	2505221 deleted (1522 per second)
		Deletion alone: 5442 files (5442 per second)
		Mixed with transactions: 2499779 files (1521 per second)

Data:
	2427.17 megabytes read (1.48 megabytes per second)
	2431.05 megabytes written (1.48 megabytes per second)
PostMark v1.51 : 8/14/01
Reading configuration from file '/tmp/pm.config'
Creating subdirectories...Done
Creating files...Done
Performing transactions..........Done
Deleting files...Done
Deleting subdirectories...Done
Time:
	1643 seconds total
	1641 seconds of transactions (3046 per second)

Files:
	2505221 created (1524 per second)
		Creation alone: 5000 files (5000 per second)
		Mixed with transactions: 2500221 files (1523 per second)
	2501248 read (1524 per second)
	0 appended (0 per second)
	2505221 deleted (1524 per second)
		Deletion alone: 5442 files (5442 per second)
		Mixed with transactions: 2499779 files (1523 per second)

Data:
	2427.17 megabytes read (1.48 megabytes per second)
	2431.05 megabytes written (1.48 megabytes per second)
PostMark v1.51 : 8/14/01
Reading configuration from file '/tmp/pm.config'
Creating subdirectories...Done
Creating files...Done
Performing transactions..........Done
Deleting files...Done
Deleting subdirectories...Done
Time:
	1644 seconds total
	1642 seconds of transactions (3045 per second)

Files:
	2505221 created (1523 per second)
		Creation alone: 5000 files (5000 per second)
		Mixed with transactions: 2500221 files (1522 per second)
	2501248 read (1523 per second)
	0 appended (0 per second)
	2505221 deleted (1523 per second)
		Deletion alone: 5442 files (5442 per second)
		Mixed with transactions: 2499779 files (1522 per second)

Data:
	2427.17 megabytes read (1.48 megabytes per second)
	2431.05 megabytes written (1.48 megabytes per second)
PostMark v1.51 : 8/14/01
Reading configuration from file '/tmp/pm.config'
Creating subdirectories...Done
Creating files...Done
Performing transactions..........Done
Deleting files...Done
Deleting subdirectories...Done
Time:
	1644 seconds total
	1642 seconds of transactions (3045 per second)

Files:
	2505221 created (1523 per second)
		Creation alone: 5000 files (5000 per second)
		Mixed with transactions: 2500221 files (1522 per second)
	2501248 read (1523 per second)
	0 appended (0 per second)
	2505221 deleted (1523 per second)
		Deletion alone: 5442 files (5442 per second)
		Mixed with transactions: 2499779 files (1522 per second)

Data:
	2427.17 megabytes read (1.48 megabytes per second)
	2431.05 megabytes written (1.48 megabytes per second)
