PostMark v1.51 : 8/14/01
Reading configuration from file '/tmp/pm.config'
Current configuration is:
The base number of files is 1000
Transactions: 1000000
Files range between 9.88 kilobytes and 98.83 kilobytes in size
Working directory: 
	/ (weight=1)
10 subdirectories will be used
Block sizes are: read=512 bytes, write=512 bytes
Biases are: read/append=5, create/delete=5
Not using Unix buffered file I/O
Random number generator seed is 12
Report format is verbose.
Creating subdirectories...Done
Creating files...Done
Performing transactions..........Done
Deleting files...Done
Deleting subdirectories...Done
Time:
	5891 seconds total
	5890 seconds of transactions (169 per second)

Files:
	500590 created (84 per second)
		Creation alone: 1000 files (1000 per second)
		Mixed with transactions: 499590 files (84 per second)
	499603 read (84 per second)
	498497 appended (84 per second)
	500590 deleted (84 per second)
		Deletion alone: 1121 files (1121 per second)
		Mixed with transactions: 499469 files (84 per second)

Data:
	33721.56 megabytes read (5.72 megabytes per second)
	33804.42 megabytes written (5.74 megabytes per second)
